BEGIN;
BEGIN
EXPLAIN (ANALYZE, BUFFERS)
select
	s_name,
	s_address
from
	supplier,
	nation
where
	s_suppkey in (
		select
			distinct (ps_suppkey)
		from
			partsupp,
			part
		where
			ps_partkey=p_partkey
			and p_name like 'mint%'
			and ps_availqty > (
				select
					0.5 * sum(l_quantity)
				from
					lineitem
				where
					l_partkey = ps_partkey
					and l_suppkey = ps_suppkey
					and l_shipdate >= '1993-01-01'
					and l_shipdate < cast(date '1993-01-01' + interval '1 year' as date)
			)
	)
	and s_nationkey = n_nationkey
	and n_name = 'VIETNAM'
order by
	s_name;
                                                                                                QUERY PLAN                                                                                                 
-----------------------------------------------------------------------------------------------------------------------------------------------------------------------------------------------------------
 Sort  (cost=1128226433.74..1128226436.68 rows=1175 width=51) (actual time=295470.084..295470.181 rows=1853 loops=1)
   Sort Key: supplier.s_name
   Sort Method: quicksort  Memory: 265kB
   Buffers: shared hit=270020996 read=3862768 written=53
   ->  Hash Semi Join  (cost=1128222745.32..1128226373.83 rows=1175 width=51) (actual time=295418.210..295461.883 rows=1853 loops=1)
         Hash Cond: (supplier.s_suppkey = partsupp.ps_suppkey)
         Buffers: shared hit=270020991 read=3862768 written=53
         ->  Hash Join  (cost=1.32..3595.32 rows=4000 width=55) (actual time=0.077..40.780 rows=3987 loops=1)
               Hash Cond: (supplier.s_nationkey = nation.n_nationkey)
               Buffers: shared hit=2 read=2178
               ->  Seq Scan on supplier  (cost=0.00..3179.00 rows=100000 width=59) (actual time=0.024..27.316 rows=100000 loops=1)
                     Buffers: shared hit=1 read=2178
               ->  Hash  (cost=1.31..1.31 rows=1 width=4) (actual time=0.027..0.027 rows=1 loops=1)
                     Buckets: 1024  Batches: 1  Memory Usage: 1kB
                     Buffers: shared hit=1
                     ->  Seq Scan on nation  (cost=0.00..1.31 rows=1 width=4) (actual time=0.023..0.025 rows=1 loops=1)
                           Filter: (n_name = 'VIETNAM'::bpchar)
                           Rows Removed by Filter: 24
                           Buffers: shared hit=1
         ->  Hash  (cost=1128222376.96..1128222376.96 rows=29363 width=4) (actual time=295417.991..295417.991 rows=44712 loops=1)
               Buckets: 4096  Batches: 1  Memory Usage: 1572kB
               Buffers: shared hit=270020989 read=3860590 written=53
               ->  HashAggregate  (cost=1128221789.70..1128222083.33 rows=29363 width=4) (actual time=295390.528..295408.955 rows=44712 loops=1)
                     Buffers: shared hit=270020989 read=3860590 written=53
                     ->  Merge Join  (cost=7614.88..1128221716.29 rows=29363 width=4) (actual time=41.984..295279.085 rows=59052 loops=1)
                           Merge Cond: (part.p_partkey = partsupp.ps_partkey)
                           Buffers: shared hit=270020989 read=3860590 written=53
                           ->  Index Scan using pk_part on part  (cost=0.00..97473.47 rows=22022 width=4) (actual time=0.093..933.950 rows=21692 loops=1)
                                 Filter: ((p_name)::text ~~ 'mint%'::text)
                                 Rows Removed by Filter: 1978308
                                 Buffers: shared hit=1961 read=44780
                           ->  Index Scan using pk_partsupp on partsupp  (cost=0.00..1128123573.20 rows=2666667 width=8) (actual time=0.843..293471.172 rows=5434171 loops=1)
                                 Filter: ((ps_availqty)::double precision > (SubPlan 1))
                                 Rows Removed by Filter: 2565726
                                 Buffers: shared hit=270019028 read=3815810 written=53
                                 SubPlan 1
                                   ->  Aggregate  (cost=140.92..140.94 rows=1 width=4) (actual time=0.035..0.035 rows=1 loops=7999897)
                                         Buffers: shared hit=269770950 read=3629683 written=53
                                         ->  Index Scan using lineitem_l_partkey_l_quantity_l_shipmode_idx on lineitem  (cost=0.00..140.92 rows=1 width=4) (actual time=0.022..0.035 rows=1 loops=7999897)
                                               Index Cond: (l_partkey = partsupp.ps_partkey)
                                               Filter: ((l_shipdate >= '1993-01-01'::date) AND (l_shipdate < '1994-01-01'::date) AND (l_suppkey = partsupp.ps_suppkey))
                                               Rows Removed by Filter: 29
                                               Buffers: shared hit=269770950 read=3629683 written=53
 Total runtime: 295472.280 ms
(44 rows)

COMMIT;
COMMIT
