BEGIN;
BEGIN
EXPLAIN (ANALYZE, BUFFERS)
select
	c_custkey,
	c_name,
	sum(l_extendedprice * (1 - l_discount)) as revenue,
	c_acctbal,
	n_name,
	c_address,
	c_phone,
	c_comment
from
	customer,
	orders,
	lineitem,
	nation
where
	c_custkey = o_custkey
	and l_orderkey = o_orderkey
	and o_orderdate >= date '1993-10-01'
	and o_orderdate < cast(date '1993-10-01' + interval '3 month' as date)
	and l_returnflag = 'R'
	and c_nationkey = n_nationkey
group by
	c_custkey,
	c_name,
	c_acctbal,
	c_phone,
	n_name,
	c_address,
	c_comment
order by
	revenue desc
LIMIT 20;
                                                                                                QUERY PLAN                                                                                                 
-----------------------------------------------------------------------------------------------------------------------------------------------------------------------------------------------------------
 Limit  (cost=1186027.78..1186027.83 rows=20 width=176) (actual time=33286.926..33286.933 rows=20 loops=1)
   Buffers: shared hit=985554 read=433242 dirtied=456 written=660
   ->  Sort  (cost=1186027.78..1187440.11 rows=564934 width=176) (actual time=33286.922..33286.926 rows=20 loops=1)
         Sort Key: (sum((lineitem.l_extendedprice * (1::double precision - lineitem.l_discount))))
         Sort Method: top-N heapsort  Memory: 30kB
         Buffers: shared hit=985554 read=433242 dirtied=456 written=660
         ->  HashAggregate  (cost=1165345.75..1170995.09 rows=564934 width=176) (actual time=32592.492..33059.712 rows=381412 loops=1)
               Buffers: shared hit=985551 read=433242 dirtied=456 written=660
               ->  Hash Join  (cost=398671.88..1151222.40 rows=564934 width=176) (actual time=7474.003..29316.691 rows=1148265 loops=1)
                     Hash Cond: (customer.c_nationkey = nation.n_nationkey)
                     Buffers: shared hit=985551 read=433242 dirtied=456 written=660
                     ->  Hash Join  (cost=398670.31..1143452.99 rows=564934 width=154) (actual time=7473.968..28602.525 rows=1148265 loops=1)
                           Hash Cond: (orders.o_custkey = customer.c_custkey)
                           Buffers: shared hit=985550 read=433242 dirtied=456 written=660
                           ->  Merge Join  (cost=329642.31..1063126.31 rows=564934 width=12) (actual time=5066.020..23931.477 rows=1148265 loops=1)
                                 Merge Cond: (orders.o_orderkey = lineitem.l_orderkey)
                                 Buffers: shared hit=985548 read=397966 dirtied=456 written=508
                                 ->  Sort  (cost=329640.61..331069.97 rows=571745 width=8) (actual time=5065.902..5239.263 rows=573745 loops=1)
                                       Sort Key: orders.o_orderkey
                                       Sort Method: quicksort  Memory: 51471kB
                                       Buffers: shared hit=22898 read=207597 dirtied=456
                                       ->  Bitmap Heap Scan on orders  (cost=12110.28..274967.46 rows=571745 width=8) (actual time=389.296..4742.540 rows=573745 loops=1)
                                             Recheck Cond: ((o_orderdate >= '1993-10-01'::date) AND (o_orderdate < '1994-01-01'::date))
                                             Buffers: shared hit=22898 read=207597 dirtied=456
                                             ->  Bitmap Index Scan on orders_o_orderdate_o_orderkey_idx  (cost=0.00..11967.35 rows=571745 width=0) (actual time=289.798..289.798 rows=575422 loops=1)
                                                   Index Cond: ((o_orderdate >= '1993-10-01'::date) AND (o_orderdate < '1994-01-01'::date))
                                                   Buffers: shared hit=96 read=1474
                                 ->  Index Scan using lineitem_l_orderkey_idx_l_returnflag on lineitem  (cost=0.00..687776.30 rows=14880538 width=12) (actual time=0.098..15340.059 rows=14823114 loops=1)
                                       Buffers: shared hit=962650 read=190369 written=508
                           ->  Hash  (cost=50278.00..50278.00 rows=1500000 width=146) (actual time=2406.357..2406.357 rows=1500000 loops=1)
                                 Buckets: 262144  Batches: 1  Memory Usage: 265117kB
                                 Buffers: shared hit=2 read=35276 written=152
                                 ->  Seq Scan on customer  (cost=0.00..50278.00 rows=1500000 width=146) (actual time=0.008..1196.613 rows=1500000 loops=1)
                                       Buffers: shared hit=2 read=35276 written=152
                     ->  Hash  (cost=1.25..1.25 rows=25 width=30) (actual time=0.020..0.020 rows=25 loops=1)
                           Buckets: 1024  Batches: 1  Memory Usage: 2kB
                           Buffers: shared hit=1
                           ->  Seq Scan on nation  (cost=0.00..1.25 rows=25 width=30) (actual time=0.006..0.009 rows=25 loops=1)
                                 Buffers: shared hit=1
 Total runtime: 33323.225 ms
(40 rows)

COMMIT;
COMMIT
