BEGIN;
BEGIN
EXPLAIN (ANALYZE, BUFFERS)
select
	sum(l_extendedprice* (1 - l_discount)) as revenue
from
	lineitem,
	part
where
	(
		p_partkey = l_partkey
		and p_brand = 'Brand#11'
		and p_container in ('SM CASE', 'SM BOX', 'SM PACK', 'SM PKG')
		and l_quantity >= 6 and l_quantity <= 6+10
		and p_size between 1 and 5
		and l_shipmode in ('AIR', 'AIR REG')
		and l_shipinstruct = 'DELIVER IN PERSON'
	)
	or
	(
		p_partkey = l_partkey
		and p_brand = 'Brand#42'
		and p_container in ('MED BAG', 'MED BOX', 'MED PKG', 'MED PACK')
		and l_quantity >= 17 and l_quantity <= 17+10
		and p_size between 1 and 10
		and l_shipmode in ('AIR', 'AIR REG')
		and l_shipinstruct = 'DELIVER IN PERSON'
	)
	or
	(
		p_partkey = l_partkey
		and p_brand = 'Brand#42'
		and p_container in ('LG CASE', 'LG BOX', 'LG PACK', 'LG PKG')
		and l_quantity >= 29 and l_quantity <= 29+10
		and p_size between 1 and 15
		and l_shipmode in ('AIR', 'AIR REG')
		and l_shipinstruct = 'DELIVER IN PERSON'
	);
                                                                                                                                                                                                                                                                                                                                                                                          QUERY PLAN                                                                                                                                                                                                                                                                                                                                                                                          
----------------------------------------------------------------------------------------------------------------------------------------------------------------------------------------------------------------------------------------------------------------------------------------------------------------------------------------------------------------------------------------------------------------------------------------------------------------------------------------------------------------------------------------------------------------------------------------------------------------------------------------------------------------------------------------------------------------------------------------------------------------------------------------------
 Aggregate  (cost=3404112.40..3404112.41 rows=1 width=8) (actual time=31119.766..31119.766 rows=1 loops=1)
   Buffers: shared hit=958218 read=134181 written=67
   ->  Hash Join  (cost=37725.01..3404104.62 rows=1037 width=8) (actual time=322.940..31115.976 rows=1102 loops=1)
         Hash Cond: (lineitem.l_partkey = part.p_partkey)
         Join Filter: (((part.p_brand = 'Brand#11'::bpchar) AND (part.p_container = ANY ('{"SM CASE","SM BOX","SM PACK","SM PKG"}'::bpchar[])) AND (lineitem.l_quantity >= 6::double precision) AND (lineitem.l_quantity <= 16::double precision) AND (part.p_size <= 5)) OR ((part.p_brand = 'Brand#42'::bpchar) AND (part.p_container = ANY ('{"MED BAG","MED BOX","MED PKG","MED PACK"}'::bpchar[])) AND (lineitem.l_quantity >= 17::double precision) AND (lineitem.l_quantity <= 27::double precision) AND (part.p_size <= 10)) OR ((part.p_brand = 'Brand#42'::bpchar) AND (part.p_container = ANY ('{"LG CASE","LG BOX","LG PACK","LG PKG"}'::bpchar[])) AND (lineitem.l_quantity >= 29::double precision) AND (lineitem.l_quantity <= 39::double precision) AND (part.p_size <= 15)))
         Rows Removed by Join Filter: 6286
         Buffers: shared hit=958218 read=134181 written=67
         ->  Seq Scan on lineitem  (cost=0.00..3364578.35 rows=199340 width=16) (actual time=0.044..29021.226 rows=1414113 loops=1)
               Filter: ((l_shipmode = ANY ('{AIR,"AIR REG"}'::bpchar[])) AND (l_shipinstruct = 'DELIVER IN PERSON'::bpchar) AND (((l_quantity >= 6::double precision) AND (l_quantity <= 16::double precision) AND (l_shipmode = ANY ('{AIR,"AIR REG"}'::bpchar[]))) OR ((l_quantity >= 17::double precision) AND (l_quantity <= 27::double precision) AND (l_shipmode = ANY ('{AIR,"AIR REG"}'::bpchar[]))) OR ((l_quantity >= 29::double precision) AND (l_quantity <= 39::double precision) AND (l_shipmode = ANY ('{AIR,"AIR REG"}'::bpchar[])))))
               Rows Removed by Filter: 58570635
               Buffers: shared hit=957527 read=123855
         ->  Hash  (cost=37594.98..37594.98 rows=10403 width=30) (actual time=281.803..281.803 rows=10453 loops=1)
               Buckets: 2048  Batches: 1  Memory Usage: 654kB
               Buffers: shared hit=688 read=10326 written=67
               ->  Bitmap Heap Scan on part  (cost=13425.44..37594.98 rows=10403 width=30) (actual time=120.708..277.167 rows=10453 loops=1)
                     Recheck Cond: (((p_container = ANY ('{"SM CASE","SM BOX","SM PACK","SM PKG"}'::bpchar[])) AND (p_brand = 'Brand#11'::bpchar) AND (p_size <= 5) AND (p_size >= 1)) OR ((p_container = ANY ('{"MED BAG","MED BOX","MED PKG","MED PACK"}'::bpchar[])) AND (p_brand = 'Brand#42'::bpchar) AND (p_size <= 10) AND (p_size >= 1)) OR ((p_container = ANY ('{"LG CASE","LG BOX","LG PACK","LG PKG"}'::bpchar[])) AND (p_brand = 'Brand#42'::bpchar)))
                     Filter: (p_size >= 1)
                     Buffers: shared hit=688 read=10326 written=67
                     ->  BitmapOr  (cost=13425.44..13425.44 rows=10413 width=0) (actual time=119.059..119.059 rows=0 loops=1)
                           Buffers: shared hit=559 read=1265
                           ->  BitmapAnd  (cost=4452.21..4452.21 rows=786 width=0) (actual time=46.175..46.175 rows=0 loops=1)
                                 Buffers: shared hit=3 read=607
                                 ->  Bitmap Index Scan on part_p_container_p_brand_p_partkey_idx  (cost=0.00..272.49 rows=7898 width=0) (actual time=3.676..3.676 rows=7920 loops=1)
                                       Index Cond: ((p_container = ANY ('{"SM CASE","SM BOX","SM PACK","SM PKG"}'::bpchar[])) AND (p_brand = 'Brand#11'::bpchar))
                                       Buffers: shared hit=3 read=58
                                 ->  Bitmap Index Scan on part_p_size_idx  (cost=0.00..4174.27 rows=198980 width=0) (actual time=40.790..40.790 rows=199678 loops=1)
                                       Index Cond: ((p_size <= 5) AND (p_size >= 1))
                                       Buffers: shared read=549
                           ->  BitmapAnd  (cost=8680.65..8680.65 rows=1604 width=0) (actual time=69.342..69.342 rows=0 loops=1)
                                 Buffers: shared hit=552 read=602
                                 ->  Bitmap Index Scan on part_p_container_p_brand_p_partkey_idx  (cost=0.00..289.73 rows=8025 width=0) (actual time=3.492..3.492 rows=7938 loops=1)
                                       Index Cond: ((p_container = ANY ('{"MED BAG","MED BOX","MED PKG","MED PACK"}'::bpchar[])) AND (p_brand = 'Brand#42'::bpchar))
                                       Buffers: shared hit=4 read=56
                                 ->  Bitmap Index Scan on part_p_size_idx  (cost=0.00..8385.47 rows=399700 width=0) (actual time=64.154..64.154 rows=399409 loops=1)
                                       Index Cond: ((p_size <= 10) AND (p_size >= 1))
                                       Buffers: shared hit=548 read=546
                           ->  Bitmap Index Scan on part_p_container_p_brand_p_partkey_idx  (cost=0.00..289.73 rows=8023 width=0) (actual time=3.283..3.283 rows=8154 loops=1)
                                 Index Cond: ((p_container = ANY ('{"LG CASE","LG BOX","LG PACK","LG PKG"}'::bpchar[])) AND (p_brand = 'Brand#42'::bpchar))
                                 Buffers: shared hit=4 read=56
 Total runtime: 31120.164 ms
(40 rows)

COMMIT;
COMMIT
