BEGIN;
BEGIN
EXPLAIN (ANALYZE, BUFFERS)
select
	c_custkey,
	c_name,
	sum(l_extendedprice * (1 - l_discount)) as revenue,
	c_acctbal,
	n_name,
	c_address,
	c_phone,
	c_comment
from
	customer,
	orders,
	lineitem,
	nation
where
	c_custkey = o_custkey
	and l_orderkey = o_orderkey
	and o_orderdate >= date '1993-09-01'
	and o_orderdate < cast(date '1993-09-01' + interval '3 month' as date)
	and l_returnflag = 'R'
	and c_nationkey = n_nationkey
group by
	c_custkey,
	c_name,
	c_acctbal,
	c_phone,
	n_name,
	c_address,
	c_comment
order by
	revenue desc
LIMIT 20;
                                                                                                QUERY PLAN                                                                                                 
-----------------------------------------------------------------------------------------------------------------------------------------------------------------------------------------------------------
 Limit  (cost=1196109.36..1196109.41 rows=20 width=176) (actual time=24418.824..24418.832 rows=20 loops=1)
   Buffers: shared hit=926368 read=530856
   ->  Sort  (cost=1196109.36..1197512.23 rows=561146 width=176) (actual time=24418.810..24418.813 rows=20 loops=1)
         Sort Key: (sum((lineitem.l_extendedprice * (1::double precision - lineitem.l_discount))))
         Sort Method: top-N heapsort  Memory: 30kB
         Buffers: shared hit=926368 read=530856
         ->  HashAggregate  (cost=1175566.01..1181177.47 rows=561146 width=176) (actual time=23893.978..24263.356 rows=378548 loops=1)
               Buffers: shared hit=926365 read=530856
               ->  Hash Join  (cost=401229.98..1161537.36 rows=561146 width=176) (actual time=4885.707..21714.095 rows=1135072 loops=1)
                     Hash Cond: (customer.c_nationkey = nation.n_nationkey)
                     Buffers: shared hit=926365 read=530856
                     ->  Hash Join  (cost=401228.41..1153820.04 rows=561146 width=154) (actual time=4885.670..21288.645 rows=1135072 loops=1)
                           Hash Cond: (orders.o_custkey = customer.c_custkey)
                           Buffers: shared hit=926364 read=530856
                           ->  Merge Join  (cost=332200.41..1073569.12 rows=561146 width=12) (actual time=3136.626..17764.618 rows=1135072 loops=1)
                                 Merge Cond: (orders.o_orderkey = lineitem.l_orderkey)
                                 Buffers: shared hit=926362 read=495580
                                 ->  Sort  (cost=332198.71..333618.49 rows=567911 width=8) (actual time=3136.534..3271.348 rows=567419 loops=1)
                                       Sort Key: orders.o_orderkey
                                       Sort Method: quicksort  Memory: 51174kB
                                       Buffers: shared hit=23330 read=209133
                                       ->  Bitmap Heap Scan on orders  (cost=12335.08..277919.75 rows=567911 width=8) (actual time=381.201..2923.309 rows=567419 loops=1)
                                             Recheck Cond: ((o_orderdate >= '1993-09-01'::date) AND (o_orderdate < '1993-12-01'::date))
                                             Buffers: shared hit=23330 read=209133
                                             ->  Bitmap Index Scan on orders_o_orderdate_o_orderkey_idx  (cost=0.00..12193.11 rows=567911 width=0) (actual time=281.746..281.746 rows=575692 loops=1)
                                                   Index Cond: ((o_orderdate >= '1993-09-01'::date) AND (o_orderdate < '1993-12-01'::date))
                                                   Buffers: shared read=1650
                                 ->  Index Scan using lineitem_l_orderkey_idx_l_returnflag on lineitem  (cost=0.00..695310.59 rows=15043524 width=12) (actual time=0.074..12291.486 rows=14807479 loops=1)
                                       Buffers: shared hit=903032 read=286447
                           ->  Hash  (cost=50278.00..50278.00 rows=1500000 width=146) (actual time=1746.853..1746.853 rows=1500000 loops=1)
                                 Buckets: 262144  Batches: 1  Memory Usage: 265117kB
                                 Buffers: shared hit=2 read=35276
                                 ->  Seq Scan on customer  (cost=0.00..50278.00 rows=1500000 width=146) (actual time=0.008..829.607 rows=1500000 loops=1)
                                       Buffers: shared hit=2 read=35276
                     ->  Hash  (cost=1.25..1.25 rows=25 width=30) (actual time=0.022..0.022 rows=25 loops=1)
                           Buckets: 1024  Batches: 1  Memory Usage: 2kB
                           Buffers: shared hit=1
                           ->  Seq Scan on nation  (cost=0.00..1.25 rows=25 width=30) (actual time=0.007..0.011 rows=25 loops=1)
                                 Buffers: shared hit=1
 Total runtime: 24458.892 ms
(40 rows)

COMMIT;
COMMIT
