BEGIN;
BEGIN
EXPLAIN (ANALYZE, BUFFERS)
select
	sum(l_extendedprice* (1 - l_discount)) as revenue
from
	lineitem,
	part
where
	(
		p_partkey = l_partkey
		and p_brand = 'Brand#35'
		and p_container in ('SM CASE', 'SM BOX', 'SM PACK', 'SM PKG')
		and l_quantity >= 4 and l_quantity <= 4+10
		and p_size between 1 and 5
		and l_shipmode in ('AIR', 'AIR REG')
		and l_shipinstruct = 'DELIVER IN PERSON'
	)
	or
	(
		p_partkey = l_partkey
		and p_brand = 'Brand#14'
		and p_container in ('MED BAG', 'MED BOX', 'MED PKG', 'MED PACK')
		and l_quantity >= 20 and l_quantity <= 20+10
		and p_size between 1 and 10
		and l_shipmode in ('AIR', 'AIR REG')
		and l_shipinstruct = 'DELIVER IN PERSON'
	)
	or
	(
		p_partkey = l_partkey
		and p_brand = 'Brand#23'
		and p_container in ('LG CASE', 'LG BOX', 'LG PACK', 'LG PKG')
		and l_quantity >= 27 and l_quantity <= 27+10
		and p_size between 1 and 15
		and l_shipmode in ('AIR', 'AIR REG')
		and l_shipinstruct = 'DELIVER IN PERSON'
	);
                                                                                                                                                                                                                                                                                                                                                                                          QUERY PLAN                                                                                                                                                                                                                                                                                                                                                                                          
----------------------------------------------------------------------------------------------------------------------------------------------------------------------------------------------------------------------------------------------------------------------------------------------------------------------------------------------------------------------------------------------------------------------------------------------------------------------------------------------------------------------------------------------------------------------------------------------------------------------------------------------------------------------------------------------------------------------------------------------------------------------------------------------
 Aggregate  (cost=3404089.38..3404089.39 rows=1 width=8) (actual time=27447.805..27447.805 rows=1 loops=1)
   Buffers: shared hit=664797 read=427504
   ->  Hash Join  (cost=37701.08..3404081.62 rows=1035 width=8) (actual time=210.193..27444.173 rows=1158 loops=1)
         Hash Cond: (lineitem.l_partkey = part.p_partkey)
         Join Filter: (((part.p_brand = 'Brand#35'::bpchar) AND (part.p_container = ANY ('{"SM CASE","SM BOX","SM PACK","SM PKG"}'::bpchar[])) AND (lineitem.l_quantity >= 4::double precision) AND (lineitem.l_quantity <= 14::double precision) AND (part.p_size <= 5)) OR ((part.p_brand = 'Brand#14'::bpchar) AND (part.p_container = ANY ('{"MED BAG","MED BOX","MED PKG","MED PACK"}'::bpchar[])) AND (lineitem.l_quantity >= 20::double precision) AND (lineitem.l_quantity <= 30::double precision) AND (part.p_size <= 10)) OR ((part.p_brand = 'Brand#23'::bpchar) AND (part.p_container = ANY ('{"LG CASE","LG BOX","LG PACK","LG PKG"}'::bpchar[])) AND (lineitem.l_quantity >= 27::double precision) AND (lineitem.l_quantity <= 37::double precision) AND (part.p_size <= 15)))
         Rows Removed by Join Filter: 5318
         Buffers: shared hit=664797 read=427504
         ->  Seq Scan on lineitem  (cost=0.00..3364578.35 rows=199459 width=16) (actual time=0.240..25753.059 rows=1243362 loops=1)
               Filter: ((l_shipmode = ANY ('{AIR,"AIR REG"}'::bpchar[])) AND (l_shipinstruct = 'DELIVER IN PERSON'::bpchar) AND (((l_quantity >= 4::double precision) AND (l_quantity <= 14::double precision) AND (l_shipmode = ANY ('{AIR,"AIR REG"}'::bpchar[]))) OR ((l_quantity >= 20::double precision) AND (l_quantity <= 30::double precision) AND (l_shipmode = ANY ('{AIR,"AIR REG"}'::bpchar[]))) OR ((l_quantity >= 27::double precision) AND (l_quantity <= 37::double precision) AND (l_shipmode = ANY ('{AIR,"AIR REG"}'::bpchar[])))))
               Rows Removed by Filter: 58741386
               Buffers: shared hit=663873 read=417509
         ->  Hash  (cost=37571.36..37571.36 rows=10377 width=30) (actual time=202.731..202.731 rows=10317 loops=1)
               Buckets: 2048  Batches: 1  Memory Usage: 645kB
               Buffers: shared hit=921 read=9995
               ->  Bitmap Heap Scan on part  (cost=13441.93..37571.36 rows=10377 width=30) (actual time=104.548..199.007 rows=10317 loops=1)
                     Recheck Cond: (((p_container = ANY ('{"SM CASE","SM BOX","SM PACK","SM PKG"}'::bpchar[])) AND (p_brand = 'Brand#35'::bpchar) AND (p_size <= 5) AND (p_size >= 1)) OR ((p_container = ANY ('{"MED BAG","MED BOX","MED PKG","MED PACK"}'::bpchar[])) AND (p_brand = 'Brand#14'::bpchar) AND (p_size <= 10) AND (p_size >= 1)) OR ((p_container = ANY ('{"LG CASE","LG BOX","LG PACK","LG PKG"}'::bpchar[])) AND (p_brand = 'Brand#23'::bpchar)))
                     Filter: (p_size >= 1)
                     Buffers: shared hit=921 read=9995
                     ->  BitmapOr  (cost=13441.93..13441.93 rows=10387 width=0) (actual time=102.962..102.962 rows=0 loops=1)
                           Buffers: shared hit=559 read=1267
                           ->  BitmapAnd  (cost=4469.68..4469.68 rows=801 width=0) (actual time=41.318..41.318 rows=0 loops=1)
                                 Buffers: shared hit=3 read=608
                                 ->  Bitmap Index Scan on part_p_container_p_brand_p_partkey_idx  (cost=0.00..289.97 rows=8050 width=0) (actual time=5.617..5.617 rows=8017 loops=1)
                                       Index Cond: ((p_container = ANY ('{"SM CASE","SM BOX","SM PACK","SM PKG"}'::bpchar[])) AND (p_brand = 'Brand#35'::bpchar))
                                       Buffers: shared hit=3 read=59
                                 ->  Bitmap Index Scan on part_p_size_idx  (cost=0.00..4174.27 rows=198980 width=0) (actual time=34.189..34.189 rows=199678 loops=1)
                                       Index Cond: ((p_size <= 5) AND (p_size >= 1))
                                       Buffers: shared read=549
                           ->  BitmapAnd  (cost=8679.96..8679.96 rows=1590 width=0) (actual time=58.742..58.742 rows=0 loops=1)
                                 Buffers: shared hit=552 read=602
                                 ->  Bitmap Index Scan on part_p_container_p_brand_p_partkey_idx  (cost=0.00..289.05 rows=7955 width=0) (actual time=2.879..2.879 rows=7877 loops=1)
                                       Index Cond: ((p_container = ANY ('{"MED BAG","MED BOX","MED PKG","MED PACK"}'::bpchar[])) AND (p_brand = 'Brand#14'::bpchar))
                                       Buffers: shared hit=4 read=56
                                 ->  Bitmap Index Scan on part_p_size_idx  (cost=0.00..8385.47 rows=399700 width=0) (actual time=54.416..54.416 rows=399409 loops=1)
                                       Index Cond: ((p_size <= 10) AND (p_size >= 1))
                                       Buffers: shared hit=548 read=546
                           ->  Bitmap Index Scan on part_p_container_p_brand_p_partkey_idx  (cost=0.00..289.45 rows=7997 width=0) (actual time=2.662..2.662 rows=7927 loops=1)
                                 Index Cond: ((p_container = ANY ('{"LG CASE","LG BOX","LG PACK","LG PKG"}'::bpchar[])) AND (p_brand = 'Brand#23'::bpchar))
                                 Buffers: shared hit=4 read=57
 Total runtime: 27448.361 ms
(40 rows)

COMMIT;
COMMIT
