BEGIN;
BEGIN
EXPLAIN (ANALYZE, BUFFERS)
select
	s_name,
	s_address
from
	supplier,
	nation
where
	s_suppkey in (
		select
			distinct (ps_suppkey)
		from
			partsupp,
			part
		where
			ps_partkey=p_partkey
			and p_name like 'seashell%'
			and ps_availqty > (
				select
					0.5 * sum(l_quantity)
				from
					lineitem
				where
					l_partkey = ps_partkey
					and l_suppkey = ps_suppkey
					and l_shipdate >= '1993-01-01'
					and l_shipdate < cast(date '1993-01-01' + interval '1 year' as date)
			)
	)
	and s_nationkey = n_nationkey
	and n_name = 'MOROCCO'
order by
	s_name;
                                                                                                QUERY PLAN                                                                                                 
-----------------------------------------------------------------------------------------------------------------------------------------------------------------------------------------------------------
 Sort  (cost=1128226433.74..1128226436.68 rows=1175 width=51) (actual time=360236.023..360236.124 rows=1824 loops=1)
   Sort Key: supplier.s_name
   Sort Method: quicksort  Memory: 259kB
   Buffers: shared hit=271122773 read=5157049 written=32
   ->  Hash Semi Join  (cost=1128222745.32..1128226373.83 rows=1175 width=51) (actual time=360175.694..360222.028 rows=1824 loops=1)
         Hash Cond: (supplier.s_suppkey = partsupp.ps_suppkey)
         Buffers: shared hit=271122768 read=5157049 written=32
         ->  Hash Join  (cost=1.32..3595.32 rows=4000 width=55) (actual time=0.060..42.085 rows=3990 loops=1)
               Hash Cond: (supplier.s_nationkey = nation.n_nationkey)
               Buffers: shared hit=2 read=2178
               ->  Seq Scan on supplier  (cost=0.00..3179.00 rows=100000 width=59) (actual time=0.033..27.525 rows=100000 loops=1)
                     Buffers: shared hit=1 read=2178
               ->  Hash  (cost=1.31..1.31 rows=1 width=4) (actual time=0.015..0.015 rows=1 loops=1)
                     Buckets: 1024  Batches: 1  Memory Usage: 1kB
                     Buffers: shared hit=1
                     ->  Seq Scan on nation  (cost=0.00..1.31 rows=1 width=4) (actual time=0.012..0.014 rows=1 loops=1)
                           Filter: (n_name = 'MOROCCO'::bpchar)
                           Rows Removed by Filter: 24
                           Buffers: shared hit=1
         ->  Hash  (cost=1128222376.96..1128222376.96 rows=29363 width=4) (actual time=360175.503..360175.503 rows=45145 loops=1)
               Buckets: 4096  Batches: 1  Memory Usage: 1588kB
               Buffers: shared hit=271122766 read=5154871 written=32
               ->  HashAggregate  (cost=1128221789.70..1128222083.33 rows=29363 width=4) (actual time=360146.584..360165.239 rows=45145 loops=1)
                     Buffers: shared hit=271122766 read=5154871 written=32
                     ->  Merge Join  (cost=7614.88..1128221716.29 rows=29363 width=4) (actual time=13.546..359707.780 rows=59540 loops=1)
                           Merge Cond: (part.p_partkey = partsupp.ps_partkey)
                           Buffers: shared hit=271122766 read=5154871 written=32
                           ->  Index Scan using pk_part on part  (cost=0.00..97473.47 rows=22022 width=4) (actual time=0.016..1126.260 rows=21823 loops=1)
                                 Filter: ((p_name)::text ~~ 'seashell%'::text)
                                 Rows Removed by Filter: 1978177
                                 Buffers: shared hit=855 read=45886
                           ->  Index Scan using pk_partsupp on partsupp  (cost=0.00..1128123573.20 rows=2666667 width=8) (actual time=0.731..357453.625 rows=5431692 loops=1)
                                 Filter: ((ps_availqty)::double precision > (SubPlan 1))
                                 Rows Removed by Filter: 2568145
                                 Buffers: shared hit=271121911 read=5108985 written=32
                                 SubPlan 1
                                   ->  Aggregate  (cost=140.92..140.94 rows=1 width=4) (actual time=0.043..0.043 rows=1 loops=7999837)
                                         Buffers: shared hit=270881171 read=4915523 written=32
                                         ->  Index Scan using lineitem_l_partkey_l_quantity_l_shipmode_idx on lineitem  (cost=0.00..140.92 rows=1 width=4) (actual time=0.027..0.042 rows=1 loops=7999837)
                                               Index Cond: (l_partkey = partsupp.ps_partkey)
                                               Filter: ((l_shipdate >= '1993-01-01'::date) AND (l_shipdate < '1994-01-01'::date) AND (l_suppkey = partsupp.ps_suppkey))
                                               Rows Removed by Filter: 29
                                               Buffers: shared hit=270881171 read=4915523 written=32
 Total runtime: 360237.964 ms
(44 rows)

COMMIT;
COMMIT
