BEGIN;
BEGIN
EXPLAIN (ANALYZE, BUFFERS)
select
	o_year,
	sum(case
		when nation = 'UNITED STATES' then volume
		else 0
	end) / sum(volume) as mkt_share
from
	(
		select
			extract(year from o_orderdate) as o_year,
			l_extendedprice * (1 - l_discount) as volume,
			n2.n_name as nation
		from
			part,
			supplier,
			lineitem,
			orders,
			customer,
			nation n1,
			nation n2,
			region
		where
			p_partkey = l_partkey
			and s_suppkey = l_suppkey
			and l_orderkey = o_orderkey
			and o_custkey = c_custkey
			and c_nationkey = n1.n_nationkey
			and n1.n_regionkey = r_regionkey
			and r_name = 'AMERICA'
			and s_nationkey = n2.n_nationkey
			and o_orderdate between date '1995-01-01' and date '1996-12-31'
			and p_type = 'LARGE ANODIZED STEEL'
	) as all_nations
group by
	o_year
order by
	o_year;
                                                                                                   QUERY PLAN                                                                                                   
----------------------------------------------------------------------------------------------------------------------------------------------------------------------------------------------------------------
 Sort  (cost=2595871.25..2595873.06 rows=726 width=38) (actual time=87127.887..87127.888 rows=2 loops=1)
   Sort Key: (date_part('year'::text, (orders.o_orderdate)::timestamp without time zone))
   Sort Method: quicksort  Memory: 25kB
   Buffers: shared hit=1100516 read=280864 written=1
   ->  HashAggregate  (cost=2595824.04..2595836.75 rows=726 width=38) (actual time=87127.820..87127.822 rows=2 loops=1)
         Buffers: shared hit=1100513 read=280864 written=1
         ->  Hash Join  (cost=550088.84..2595341.22 rows=24141 width=38) (actual time=20552.066..86998.911 rows=24220 loops=1)
               Hash Cond: (supplier.s_nationkey = n2.n_nationkey)
               Buffers: shared hit=1100513 read=280864 written=1
               ->  Hash Join  (cost=550087.28..2594887.02 rows=24141 width=16) (actual time=20551.961..86868.314 rows=24220 loops=1)
                     Hash Cond: (lineitem.l_suppkey = supplier.s_suppkey)
                     Buffers: shared hit=1100509 read=280864 written=1
                     ->  Hash Join  (cost=545658.28..2589975.20 rows=24141 width=16) (actual time=20481.322..86666.939 rows=24220 loops=1)
                           Hash Cond: (lineitem.l_partkey = part.p_partkey)
                           Buffers: shared hit=1098526 read=280668 written=1
                           ->  Hash Join  (cost=517363.94..2520721.53 rows=3619371 width=20) (actual time=20253.339..80958.076 rows=3638839 loops=1)
                                 Hash Cond: (lineitem.l_orderkey = orders.o_orderkey)
                                 Buffers: shared hit=1098521 read=269212 written=1
                                 ->  Seq Scan on lineitem  (cost=0.00..1666934.25 rows=60045925 width=20) (actual time=0.025..18075.835 rows=59985329 loops=1)
                                       Buffers: shared hit=817401 read=249074 written=1
                                 ->  Hash  (cost=506050.77..506050.77 rows=905054 width=8) (actual time=20252.538..20252.538 rows=910325 loops=1)
                                       Buckets: 131072  Batches: 1  Memory Usage: 35560kB
                                       Buffers: shared hit=281120 read=20138
                                       ->  Hash Join  (cost=158629.43..506050.77 rows=905054 width=8) (actual time=4591.299..19573.261 rows=910325 loops=1)
                                             Hash Cond: (orders.o_custkey = customer.c_custkey)
                                             Buffers: shared hit=281120 read=20138
                                             ->  Bitmap Heap Scan on orders  (cost=95973.90..417374.94 rows=4525269 width=12) (actual time=3268.964..6865.973 rows=4557440 loops=1)
                                                   Recheck Cond: ((o_orderdate >= '1995-01-01'::date) AND (o_orderdate <= '1996-12-31'::date))
                                                   Buffers: shared hit=263922 read=2056
                                                   ->  Bitmap Index Scan on orders_o_orderdate_o_orderkey_idx  (cost=0.00..94842.59 rows=4525269 width=0) (actual time=3097.945..3097.945 rows=4561961 loops=1)
                                                         Index Cond: ((o_orderdate >= '1995-01-01'::date) AND (o_orderdate <= '1996-12-31'::date))
                                                         Buffers: shared hit=10400 read=2056
                                             ->  Hash  (cost=58905.53..58905.53 rows=300000 width=4) (actual time=1322.135..1322.135 rows=299436 loops=1)
                                                   Buckets: 32768  Batches: 1  Memory Usage: 10528kB
                                                   Buffers: shared hit=17198 read=18082
                                                   ->  Hash Join  (cost=2.53..58905.53 rows=300000 width=4) (actual time=0.097..1183.651 rows=299436 loops=1)
                                                         Hash Cond: (customer.c_nationkey = n1.n_nationkey)
                                                         Buffers: shared hit=17198 read=18082
                                                         ->  Seq Scan on customer  (cost=0.00..50278.00 rows=1500000 width=8) (actual time=0.011..771.882 rows=1500000 loops=1)
                                                               Buffers: shared hit=17196 read=18082
                                                         ->  Hash  (cost=2.47..2.47 rows=5 width=4) (actual time=0.065..0.065 rows=5 loops=1)
                                                               Buckets: 1024  Batches: 1  Memory Usage: 1kB
                                                               Buffers: shared hit=2
                                                               ->  Hash Join  (cost=1.07..2.47 rows=5 width=4) (actual time=0.056..0.064 rows=5 loops=1)
                                                                     Hash Cond: (n1.n_regionkey = region.r_regionkey)
                                                                     Buffers: shared hit=2
                                                                     ->  Seq Scan on nation n1  (cost=0.00..1.25 rows=25 width=8) (actual time=0.007..0.009 rows=25 loops=1)
                                                                           Buffers: shared hit=1
                                                                     ->  Hash  (cost=1.06..1.06 rows=1 width=4) (actual time=0.032..0.032 rows=1 loops=1)
                                                                           Buckets: 1024  Batches: 1  Memory Usage: 1kB
                                                                           Buffers: shared hit=1
                                                                           ->  Seq Scan on region  (cost=0.00..1.06 rows=1 width=4) (actual time=0.028..0.029 rows=1 loops=1)
                                                                                 Filter: (r_name = 'AMERICA'::bpchar)
                                                                                 Rows Removed by Filter: 4
                                                                                 Buffers: shared hit=1
                           ->  Hash  (cost=28127.59..28127.59 rows=13340 width=4) (actual time=224.683..224.683 rows=13292 loops=1)
                                 Buckets: 2048  Batches: 1  Memory Usage: 468kB
                                 Buffers: shared hit=5 read=11456
                                 ->  Bitmap Heap Scan on part  (cost=412.10..28127.59 rows=13340 width=4) (actual time=7.749..216.706 rows=13292 loops=1)
                                       Recheck Cond: ((p_type)::text = 'LARGE ANODIZED STEEL'::text)
                                       Buffers: shared hit=5 read=11456
                                       ->  Bitmap Index Scan on part_p_type_p_partkey_idx  (cost=0.00..408.76 rows=13340 width=0) (actual time=5.200..5.200 rows=13292 loops=1)
                                             Index Cond: ((p_type)::text = 'LARGE ANODIZED STEEL'::text)
                                             Buffers: shared read=84
                     ->  Hash  (cost=3179.00..3179.00 rows=100000 width=8) (actual time=70.534..70.534 rows=100000 loops=1)
                           Buckets: 16384  Batches: 1  Memory Usage: 3907kB
                           Buffers: shared hit=1983 read=196
                           ->  Seq Scan on supplier  (cost=0.00..3179.00 rows=100000 width=8) (actual time=0.007..44.717 rows=100000 loops=1)
                                 Buffers: shared hit=1983 read=196
               ->  Hash  (cost=1.25..1.25 rows=25 width=30) (actual time=0.017..0.017 rows=25 loops=1)
                     Buckets: 1024  Batches: 1  Memory Usage: 2kB
                     Buffers: shared hit=1
                     ->  Seq Scan on nation n2  (cost=0.00..1.25 rows=25 width=30) (actual time=0.004..0.009 rows=25 loops=1)
                           Buffers: shared hit=1
 Total runtime: 87149.505 ms
(75 rows)

COMMIT;
COMMIT
