BEGIN;
BEGIN
EXPLAIN (ANALYZE, BUFFERS)
select
	c_custkey,
	c_name,
	sum(l_extendedprice * (1 - l_discount)) as revenue,
	c_acctbal,
	n_name,
	c_address,
	c_phone,
	c_comment
from
	customer,
	orders,
	lineitem,
	nation
where
	c_custkey = o_custkey
	and l_orderkey = o_orderkey
	and o_orderdate >= date '1994-02-01'
	and o_orderdate < cast(date '1994-02-01' + interval '3 month' as date)
	and l_returnflag = 'R'
	and c_nationkey = n_nationkey
group by
	c_custkey,
	c_name,
	c_acctbal,
	c_phone,
	n_name,
	c_address,
	c_comment
order by
	revenue desc
LIMIT 20;
                                                                                                QUERY PLAN                                                                                                 
-----------------------------------------------------------------------------------------------------------------------------------------------------------------------------------------------------------
 Limit  (cost=1198353.68..1198353.73 rows=20 width=176) (actual time=23124.713..23124.721 rows=20 loops=1)
   Buffers: shared hit=504781 read=939190 dirtied=897 written=452
   ->  Sort  (cost=1198353.68..1199778.84 rows=570062 width=176) (actual time=23124.708..23124.713 rows=20 loops=1)
         Sort Key: (sum((lineitem.l_extendedprice * (1::double precision - lineitem.l_discount))))
         Sort Method: top-N heapsort  Memory: 30kB
         Buffers: shared hit=504781 read=939190 dirtied=897 written=452
         ->  HashAggregate  (cost=1177483.92..1183184.54 rows=570062 width=176) (actual time=22692.034..22991.512 rows=371830 loops=1)
               Buffers: shared hit=504778 read=939190 dirtied=897 written=452
               ->  Hash Join  (cost=402489.80..1163232.37 rows=570062 width=176) (actual time=3396.892..20766.727 rows=1109437 loops=1)
                     Hash Cond: (customer.c_nationkey = nation.n_nationkey)
                     Buffers: shared hit=504778 read=939190 dirtied=897 written=452
                     ->  Hash Join  (cost=402488.23..1155392.45 rows=570062 width=154) (actual time=3396.850..20374.856 rows=1109437 loops=1)
                           Hash Cond: (orders.o_custkey = customer.c_custkey)
                           Buffers: shared hit=504777 read=939190 dirtied=897 written=452
                           ->  Merge Join  (cost=333460.23..1074963.21 rows=570062 width=12) (actual time=2035.419..16999.116 rows=1109437 loops=1)
                                 Merge Cond: (orders.o_orderkey = lineitem.l_orderkey)
                                 Buffers: shared hit=469613 read=939076 dirtied=897 written=452
                                 ->  Sort  (cost=333458.53..334900.86 rows=576934 width=8) (actual time=2035.247..2169.120 rows=554174 loops=1)
                                       Sort Key: orders.o_orderkey
                                       Sort Method: quicksort  Memory: 50553kB
                                       Buffers: shared hit=167170 read=63678
                                       ->  Bitmap Heap Scan on orders  (cost=12531.57..278251.58 rows=576934 width=8) (actual time=215.436..1870.783 rows=554174 loops=1)
                                             Recheck Cond: ((o_orderdate >= '1994-02-01'::date) AND (o_orderdate < '1994-05-01'::date))
                                             Buffers: shared hit=167170 read=63678
                                             ->  Bitmap Index Scan on orders_o_orderdate_o_orderkey_idx  (cost=0.00..12387.34 rows=576934 width=0) (actual time=150.610..150.610 rows=562571 loops=1)
                                                   Index Cond: ((o_orderdate >= '1994-02-01'::date) AND (o_orderdate < '1994-05-01'::date))
                                                   Buffers: shared read=1611
                                 ->  Index Scan using lineitem_l_orderkey_idx_l_returnflag on lineitem  (cost=0.00..695310.59 rows=15043524 width=12) (actual time=0.126..12928.056 rows=14807459 loops=1)
                                       Buffers: shared hit=302443 read=875398 dirtied=897 written=452
                           ->  Hash  (cost=50278.00..50278.00 rows=1500000 width=146) (actual time=1359.440..1359.440 rows=1500000 loops=1)
                                 Buckets: 262144  Batches: 1  Memory Usage: 265117kB
                                 Buffers: shared hit=35164 read=114
                                 ->  Seq Scan on customer  (cost=0.00..50278.00 rows=1500000 width=146) (actual time=0.012..599.279 rows=1500000 loops=1)
                                       Buffers: shared hit=35164 read=114
                     ->  Hash  (cost=1.25..1.25 rows=25 width=30) (actual time=0.022..0.022 rows=25 loops=1)
                           Buckets: 1024  Batches: 1  Memory Usage: 2kB
                           Buffers: shared hit=1
                           ->  Seq Scan on nation  (cost=0.00..1.25 rows=25 width=30) (actual time=0.007..0.014 rows=25 loops=1)
                                 Buffers: shared hit=1
 Total runtime: 23168.665 ms
(40 rows)

COMMIT;
COMMIT
