BEGIN;
BEGIN
EXPLAIN (ANALYZE, BUFFERS)
select
	s_name,
	s_address
from
	supplier,
	nation
where
	s_suppkey in (
		select
			distinct (ps_suppkey)
		from
			partsupp,
			part
		where
			ps_partkey=p_partkey
			and p_name like 'ivory%'
			and ps_availqty > (
				select
					0.5 * sum(l_quantity)
				from
					lineitem
				where
					l_partkey = ps_partkey
					and l_suppkey = ps_suppkey
					and l_shipdate >= '1996-01-01'
					and l_shipdate < cast(date '1996-01-01' + interval '1 year' as date)
			)
	)
	and s_nationkey = n_nationkey
	and n_name = 'BRAZIL'
order by
	s_name;
                                                                                                QUERY PLAN                                                                                                 
-----------------------------------------------------------------------------------------------------------------------------------------------------------------------------------------------------------
 Sort  (cost=1128226568.89..1128226572.09 rows=1281 width=51) (actual time=333831.991..333832.078 rows=1818 loops=1)
   Sort Key: supplier.s_name
   Sort Method: quicksort  Memory: 264kB
   Buffers: shared hit=269102915 read=5619105 dirtied=137039 written=34031
   ->  Hash Semi Join  (cost=1128222870.43..1128226502.77 rows=1281 width=51) (actual time=333791.158..333824.258 rows=1818 loops=1)
         Hash Cond: (supplier.s_suppkey = partsupp.ps_suppkey)
         Buffers: shared hit=269102910 read=5619105 dirtied=137039 written=34031
         ->  Hash Join  (cost=1.32..3595.32 rows=4000 width=55) (actual time=0.057..30.992 rows=3995 loops=1)
               Hash Cond: (supplier.s_nationkey = nation.n_nationkey)
               Buffers: shared hit=2180
               ->  Seq Scan on supplier  (cost=0.00..3179.00 rows=100000 width=59) (actual time=0.029..16.741 rows=100000 loops=1)
                     Buffers: shared hit=2179
               ->  Hash  (cost=1.31..1.31 rows=1 width=4) (actual time=0.013..0.013 rows=1 loops=1)
                     Buckets: 1024  Batches: 1  Memory Usage: 1kB
                     Buffers: shared hit=1
                     ->  Seq Scan on nation  (cost=0.00..1.31 rows=1 width=4) (actual time=0.008..0.012 rows=1 loops=1)
                           Filter: (n_name = 'BRAZIL'::bpchar)
                           Rows Removed by Filter: 24
                           Buffers: shared hit=1
         ->  Hash  (cost=1128222468.71..1128222468.71 rows=32032 width=4) (actual time=333791.053..333791.053 rows=44775 loops=1)
               Buckets: 4096  Batches: 1  Memory Usage: 1575kB
               Buffers: shared hit=269100730 read=5619105 dirtied=137039 written=34031
               ->  HashAggregate  (cost=1128221828.07..1128222148.39 rows=32032 width=4) (actual time=333766.254..333781.906 rows=44775 loops=1)
                     Buffers: shared hit=269100730 read=5619105 dirtied=137039 written=34031
                     ->  Merge Join  (cost=7614.88..1128221747.99 rows=32032 width=4) (actual time=9.930..333556.966 rows=59092 loops=1)
                           Merge Cond: (part.p_partkey = partsupp.ps_partkey)
                           Buffers: shared hit=269100730 read=5619105 dirtied=137039 written=34031
                           ->  Index Scan using pk_part on part  (cost=0.00..97473.47 rows=24024 width=4) (actual time=0.015..1044.396 rows=21743 loops=1)
                                 Filter: ((p_name)::text ~~ 'ivory%'::text)
                                 Rows Removed by Filter: 1978257
                                 Buffers: shared hit=1245 read=45496 written=325
                           ->  Index Scan using pk_partsupp on partsupp  (cost=0.00..1128123573.20 rows=2666667 width=8) (actual time=0.684..331495.446 rows=5436543 loops=1)
                                 Filter: ((ps_availqty)::double precision > (SubPlan 1))
                                 Rows Removed by Filter: 2563131
                                 Buffers: shared hit=269099485 read=5573609 dirtied=137039 written=33706
                                 SubPlan 1
                                   ->  Aggregate  (cost=140.92..140.94 rows=1 width=4) (actual time=0.040..0.040 rows=1 loops=7999674)
                                         Buffers: shared hit=268848330 read=5390571 dirtied=137039 written=32236
                                         ->  Index Scan using lineitem_l_partkey_l_quantity_l_shipmode_idx on lineitem  (cost=0.00..140.92 rows=1 width=4) (actual time=0.025..0.039 rows=1 loops=7999674)
                                               Index Cond: (l_partkey = partsupp.ps_partkey)
                                               Filter: ((l_shipdate >= '1996-01-01'::date) AND (l_shipdate < '1997-01-01'::date) AND (l_suppkey = partsupp.ps_suppkey))
                                               Rows Removed by Filter: 29
                                               Buffers: shared hit=268848330 read=5390571 dirtied=137039 written=32236
 Total runtime: 333834.180 ms
(44 rows)

COMMIT;
COMMIT
