BEGIN;
BEGIN
EXPLAIN (ANALYZE, BUFFERS)
select
	s_name,
	s_address
from
	supplier,
	nation
where
	s_suppkey in (
		select
			distinct (ps_suppkey)
		from
			partsupp,
			part
		where
			ps_partkey=p_partkey
			and p_name like 'deep%'
			and ps_availqty > (
				select
					0.5 * sum(l_quantity)
				from
					lineitem
				where
					l_partkey = ps_partkey
					and l_suppkey = ps_suppkey
					and l_shipdate >= '1997-01-01'
					and l_shipdate < cast(date '1997-01-01' + interval '1 year' as date)
			)
	)
	and s_nationkey = n_nationkey
	and n_name = 'ETHIOPIA'
order by
	s_name;
                                                                                                QUERY PLAN                                                                                                 
-----------------------------------------------------------------------------------------------------------------------------------------------------------------------------------------------------------
 Sort  (cost=1128226300.48..1128226303.15 rows=1068 width=51) (actual time=341028.001..341028.105 rows=1714 loops=1)
   Sort Key: supplier.s_name
   Sort Method: quicksort  Memory: 248kB
   Buffers: shared hit=271897141 read=4384315
   ->  Hash Semi Join  (cost=1128222620.17..1128226246.76 rows=1068 width=51) (actual time=340985.046..341021.678 rows=1714 loops=1)
         Hash Cond: (supplier.s_suppkey = partsupp.ps_suppkey)
         Buffers: shared hit=271897136 read=4384315
         ->  Hash Join  (cost=1.32..3595.32 rows=4000 width=55) (actual time=0.052..33.203 rows=3945 loops=1)
               Hash Cond: (supplier.s_nationkey = nation.n_nationkey)
               Buffers: shared hit=2180
               ->  Seq Scan on supplier  (cost=0.00..3179.00 rows=100000 width=59) (actual time=0.028..18.283 rows=100000 loops=1)
                     Buffers: shared hit=2179
               ->  Hash  (cost=1.31..1.31 rows=1 width=4) (actual time=0.014..0.014 rows=1 loops=1)
                     Buckets: 1024  Batches: 1  Memory Usage: 1kB
                     Buffers: shared hit=1
                     ->  Seq Scan on nation  (cost=0.00..1.31 rows=1 width=4) (actual time=0.009..0.013 rows=1 loops=1)
                           Filter: (n_name = 'ETHIOPIA'::bpchar)
                           Rows Removed by Filter: 24
                           Buffers: shared hit=1
         ->  Hash  (cost=1128222285.18..1128222285.18 rows=26693 width=4) (actual time=340984.913..340984.913 rows=44287 loops=1)
               Buckets: 4096  Batches: 1  Memory Usage: 1557kB
               Buffers: shared hit=271894956 read=4384315
               ->  HashAggregate  (cost=1128221751.32..1128222018.25 rows=26693 width=4) (actual time=340960.240..340975.339 rows=44287 loops=1)
                     Buffers: shared hit=271894956 read=4384315
                     ->  Merge Join  (cost=7614.88..1128221684.59 rows=26693 width=4) (actual time=7.840..340715.564 rows=58338 loops=1)
                           Merge Cond: (part.p_partkey = partsupp.ps_partkey)
                           Buffers: shared hit=271894956 read=4384315
                           ->  Index Scan using pk_part on part  (cost=0.00..97473.47 rows=20020 width=4) (actual time=0.013..1103.657 rows=21473 loops=1)
                                 Filter: ((p_name)::text ~~ 'deep%'::text)
                                 Rows Removed by Filter: 1978527
                                 Buffers: shared hit=756 read=45985
                           ->  Index Scan using pk_partsupp on partsupp  (cost=0.00..1128123573.20 rows=2666667 width=8) (actual time=0.645..338521.568 rows=5430822 loops=1)
                                 Filter: ((ps_availqty)::double precision > (SubPlan 1))
                                 Rows Removed by Filter: 2569063
                                 Buffers: shared hit=271894200 read=4338330
                                 SubPlan 1
                                   ->  Aggregate  (cost=140.92..140.94 rows=1 width=4) (actual time=0.041..0.041 rows=1 loops=7999885)
                                         Buffers: shared hit=271652367 read=4145958
                                         ->  Index Scan using lineitem_l_partkey_l_quantity_l_shipmode_idx on lineitem  (cost=0.00..140.92 rows=1 width=4) (actual time=0.025..0.040 rows=1 loops=7999885)
                                               Index Cond: (l_partkey = partsupp.ps_partkey)
                                               Filter: ((l_shipdate >= '1997-01-01'::date) AND (l_shipdate < '1998-01-01'::date) AND (l_suppkey = partsupp.ps_suppkey))
                                               Rows Removed by Filter: 29
                                               Buffers: shared hit=271652367 read=4145958
 Total runtime: 341029.836 ms
(44 rows)

COMMIT;
COMMIT
