BEGIN;
BEGIN
EXPLAIN (ANALYZE, BUFFERS)
select
	o_year,
	sum(case
		when nation = 'MOZAMBIQUE' then volume
		else 0
	end) / sum(volume) as mkt_share
from
	(
		select
			extract(year from o_orderdate) as o_year,
			l_extendedprice * (1 - l_discount) as volume,
			n2.n_name as nation
		from
			part,
			supplier,
			lineitem,
			orders,
			customer,
			nation n1,
			nation n2,
			region
		where
			p_partkey = l_partkey
			and s_suppkey = l_suppkey
			and l_orderkey = o_orderkey
			and o_custkey = c_custkey
			and c_nationkey = n1.n_nationkey
			and n1.n_regionkey = r_regionkey
			and r_name = 'AFRICA'
			and s_nationkey = n2.n_nationkey
			and o_orderdate between date '1995-01-01' and date '1996-12-31'
			and p_type = 'MEDIUM POLISHED COPPER'
	) as all_nations
group by
	o_year
order by
	o_year;
                                                                                                   QUERY PLAN                                                                                                   
----------------------------------------------------------------------------------------------------------------------------------------------------------------------------------------------------------------
 Sort  (cost=2633443.45..2633445.26 rows=726 width=38) (actual time=63203.354..63203.355 rows=2 loops=1)
   Sort Key: (date_part('year'::text, (orders.o_orderdate)::timestamp without time zone))
   Sort Method: quicksort  Memory: 25kB
   Buffers: shared hit=590666 read=810009
   ->  HashAggregate  (cost=2633396.24..2633408.95 rows=726 width=38) (actual time=63203.269..63203.289 rows=2 loops=1)
         Buffers: shared hit=590663 read=810009
         ->  Hash Join  (cost=559038.36..2632898.60 rows=24882 width=38) (actual time=15548.381..63149.170 rows=24334 loops=1)
               Hash Cond: (supplier.s_nationkey = n2.n_nationkey)
               Buffers: shared hit=590663 read=810009
               ->  Hash Join  (cost=559036.80..2632430.50 rows=24882 width=16) (actual time=15548.300..63100.607 rows=24334 loops=1)
                     Hash Cond: (lineitem.l_suppkey = supplier.s_suppkey)
                     Buffers: shared hit=590659 read=810009
                     ->  Hash Join  (cost=554607.80..2627503.86 rows=24882 width=16) (actual time=15485.514..62952.903 rows=24334 loops=1)
                           Hash Cond: (lineitem.l_partkey = part.p_partkey)
                           Buffers: shared hit=588480 read=810009
                           ->  Hash Join  (cost=526039.22..2557399.39 rows=3669962 width=20) (actual time=15349.066..58015.988 rows=3646397 loops=1)
                                 Hash Cond: (lineitem.l_orderkey = orders.o_orderkey)
                                 Buffers: shared hit=584734 read=802210
                                 ->  Seq Scan on lineitem  (cost=0.00..1690234.36 rows=60885236 width=20) (actual time=0.017..12183.919 rows=59984748 loops=1)
                                       Buffers: shared hit=543508 read=537874
                                 ->  Hash  (cost=514567.90..514567.90 rows=917706 width=8) (actual time=15348.212..15348.212 rows=911090 loops=1)
                                       Buckets: 131072  Batches: 1  Memory Usage: 35590kB
                                       Buffers: shared hit=41226 read=264336
                                       ->  Hash Join  (cost=162289.94..514567.90 rows=917706 width=8) (actual time=2284.730..14998.927 rows=911090 loops=1)
                                             Hash Cond: (orders.o_custkey = customer.c_custkey)
                                             Buffers: shared hit=41226 read=264336
                                             ->  Bitmap Heap Scan on orders  (cost=99634.41..425528.33 rows=4588528 width=12) (actual time=1421.771..4773.110 rows=4557232 loops=1)
                                                   Recheck Cond: ((o_orderdate >= '1995-01-01'::date) AND (o_orderdate <= '1996-12-31'::date))
                                                   Buffers: shared hit=41222 read=229060
                                                   ->  Bitmap Index Scan on orders_o_orderdate_o_orderkey_idx  (cost=0.00..98487.28 rows=4588528 width=0) (actual time=1338.948..1338.948 rows=4625776 loops=1)
                                                         Index Cond: ((o_orderdate >= '1995-01-01'::date) AND (o_orderdate <= '1996-12-31'::date))
                                                         Buffers: shared read=13216
                                             ->  Hash  (cost=58905.53..58905.53 rows=300000 width=4) (actual time=862.725..862.725 rows=299493 loops=1)
                                                   Buckets: 32768  Batches: 1  Memory Usage: 10530kB
                                                   Buffers: shared hit=4 read=35276
                                                   ->  Hash Join  (cost=2.53..58905.53 rows=300000 width=4) (actual time=0.083..779.963 rows=299493 loops=1)
                                                         Hash Cond: (customer.c_nationkey = n1.n_nationkey)
                                                         Buffers: shared hit=4 read=35276
                                                         ->  Seq Scan on customer  (cost=0.00..50278.00 rows=1500000 width=8) (actual time=0.009..519.556 rows=1500000 loops=1)
                                                               Buffers: shared hit=2 read=35276
                                                         ->  Hash  (cost=2.47..2.47 rows=5 width=4) (actual time=0.053..0.053 rows=5 loops=1)
                                                               Buckets: 1024  Batches: 1  Memory Usage: 1kB
                                                               Buffers: shared hit=2
                                                               ->  Hash Join  (cost=1.07..2.47 rows=5 width=4) (actual time=0.045..0.052 rows=5 loops=1)
                                                                     Hash Cond: (n1.n_regionkey = region.r_regionkey)
                                                                     Buffers: shared hit=2
                                                                     ->  Seq Scan on nation n1  (cost=0.00..1.25 rows=25 width=8) (actual time=0.005..0.008 rows=25 loops=1)
                                                                           Buffers: shared hit=1
                                                                     ->  Hash  (cost=1.06..1.06 rows=1 width=4) (actual time=0.025..0.025 rows=1 loops=1)
                                                                           Buckets: 1024  Batches: 1  Memory Usage: 1kB
                                                                           Buffers: shared hit=1
                                                                           ->  Seq Scan on region  (cost=0.00..1.06 rows=1 width=4) (actual time=0.022..0.023 rows=1 loops=1)
                                                                                 Filter: (r_name = 'AFRICA'::bpchar)
                                                                                 Rows Removed by Filter: 4
                                                                                 Buffers: shared hit=1
                           ->  Hash  (cost=28399.08..28399.08 rows=13560 width=4) (actual time=133.985..133.985 rows=13402 loops=1)
                                 Buckets: 2048  Batches: 1  Memory Usage: 472kB
                                 Buffers: shared hit=3746 read=7799
                                 ->  Bitmap Heap Scan on part  (cost=421.80..28399.08 rows=13560 width=4) (actual time=6.740..128.643 rows=13402 loops=1)
                                       Recheck Cond: ((p_type)::text = 'MEDIUM POLISHED COPPER'::text)
                                       Buffers: shared hit=3746 read=7799
                                       ->  Bitmap Index Scan on part_p_type_p_partkey_idx  (cost=0.00..418.41 rows=13560 width=0) (actual time=4.462..4.462 rows=13402 loops=1)
                                             Index Cond: ((p_type)::text = 'MEDIUM POLISHED COPPER'::text)
                                             Buffers: shared read=84
                     ->  Hash  (cost=3179.00..3179.00 rows=100000 width=8) (actual time=62.568..62.568 rows=100000 loops=1)
                           Buckets: 16384  Batches: 1  Memory Usage: 3907kB
                           Buffers: shared hit=2179
                           ->  Seq Scan on supplier  (cost=0.00..3179.00 rows=100000 width=8) (actual time=0.008..39.676 rows=100000 loops=1)
                                 Buffers: shared hit=2179
               ->  Hash  (cost=1.25..1.25 rows=25 width=30) (actual time=0.018..0.018 rows=25 loops=1)
                     Buckets: 1024  Batches: 1  Memory Usage: 2kB
                     Buffers: shared hit=1
                     ->  Seq Scan on nation n2  (cost=0.00..1.25 rows=25 width=30) (actual time=0.004..0.007 rows=25 loops=1)
                           Buffers: shared hit=1
 Total runtime: 63219.428 ms
(75 rows)

COMMIT;
COMMIT
