BEGIN;
BEGIN
EXPLAIN (ANALYZE, BUFFERS)
select
	c_custkey,
	c_name,
	sum(l_extendedprice * (1 - l_discount)) as revenue,
	c_acctbal,
	n_name,
	c_address,
	c_phone,
	c_comment
from
	customer,
	orders,
	lineitem,
	nation
where
	c_custkey = o_custkey
	and l_orderkey = o_orderkey
	and o_orderdate >= date '1994-07-01'
	and o_orderdate < cast(date '1994-07-01' + interval '3 month' as date)
	and l_returnflag = 'R'
	and c_nationkey = n_nationkey
group by
	c_custkey,
	c_name,
	c_acctbal,
	c_phone,
	n_name,
	c_address,
	c_comment
order by
	revenue desc
LIMIT 20;
                                                                                                QUERY PLAN                                                                                                 
-----------------------------------------------------------------------------------------------------------------------------------------------------------------------------------------------------------
 Limit  (cost=1201759.63..1201759.68 rows=20 width=176) (actual time=22534.523..22534.533 rows=20 loops=1)
   Buffers: shared hit=456268 read=959445
   ->  Sort  (cost=1201759.63..1203218.61 rows=583592 width=176) (actual time=22534.493..22534.499 rows=20 loops=1)
         Sort Key: (sum((lineitem.l_extendedprice * (1::double precision - lineitem.l_discount))))
         Sort Method: top-N heapsort  Memory: 30kB
         Buffers: shared hit=456268 read=959445
         ->  HashAggregate  (cost=1180394.54..1186230.46 rows=583592 width=176) (actual time=22161.177..22403.326 rows=381074 loops=1)
               Buffers: shared hit=456265 read=959445
               ->  Hash Join  (cost=404401.77..1165804.74 rows=583592 width=176) (actual time=2946.104..20219.502 rows=1145860 loops=1)
                     Hash Cond: (customer.c_nationkey = nation.n_nationkey)
                     Buffers: shared hit=456265 read=959445
                     ->  Hash Join  (cost=404400.21..1157778.79 rows=583592 width=154) (actual time=2946.065..19838.952 rows=1145860 loops=1)
                           Hash Cond: (orders.o_custkey = customer.c_custkey)
                           Buffers: shared hit=456264 read=959445
                           ->  Merge Join  (cost=335372.21..1077078.95 rows=583592 width=12) (actual time=1547.400..16309.884 rows=1145860 loops=1)
                                 Merge Cond: (orders.o_orderkey = lineitem.l_orderkey)
                                 Buffers: shared hit=420986 read=959445
                                 ->  Sort  (cost=335370.50..336847.07 rows=590627 width=8) (actual time=1547.234..1702.234 rows=573288 loops=1)
                                       Sort Key: orders.o_orderkey
                                       Sort Method: quicksort  Memory: 51449kB
                                       Buffers: shared hit=231719 read=1664
                                       ->  Bitmap Heap Scan on orders  (cost=12827.92..278753.33 rows=590627 width=8) (actual time=198.912..1380.990 rows=573288 loops=1)
                                             Recheck Cond: ((o_orderdate >= '1994-07-01'::date) AND (o_orderdate < '1994-10-01'::date))
                                             Buffers: shared hit=231719 read=1664
                                             ->  Bitmap Index Scan on orders_o_orderdate_o_orderkey_idx  (cost=0.00..12680.27 rows=590627 width=0) (actual time=136.941..136.941 rows=581903 loops=1)
                                                   Index Cond: ((o_orderdate >= '1994-07-01'::date) AND (o_orderdate < '1994-10-01'::date))
                                                   Buffers: shared read=1664
                                 ->  Index Scan using lineitem_l_orderkey_idx_l_returnflag on lineitem  (cost=0.00..695310.59 rows=15043524 width=12) (actual time=0.137..12733.280 rows=14807479 loops=1)
                                       Buffers: shared hit=189267 read=957781
                           ->  Hash  (cost=50278.00..50278.00 rows=1500000 width=146) (actual time=1396.368..1396.368 rows=1500000 loops=1)
                                 Buckets: 262144  Batches: 1  Memory Usage: 265117kB
                                 Buffers: shared hit=35278
                                 ->  Seq Scan on customer  (cost=0.00..50278.00 rows=1500000 width=146) (actual time=0.013..649.365 rows=1500000 loops=1)
                                       Buffers: shared hit=35278
                     ->  Hash  (cost=1.25..1.25 rows=25 width=30) (actual time=0.025..0.025 rows=25 loops=1)
                           Buckets: 1024  Batches: 1  Memory Usage: 2kB
                           Buffers: shared hit=1
                           ->  Seq Scan on nation  (cost=0.00..1.25 rows=25 width=30) (actual time=0.008..0.011 rows=25 loops=1)
                                 Buffers: shared hit=1
 Total runtime: 22581.762 ms
(40 rows)

COMMIT;
COMMIT
