BEGIN;
BEGIN
EXPLAIN (ANALYZE, BUFFERS)
select
	c_custkey,
	c_name,
	sum(l_extendedprice * (1 - l_discount)) as revenue,
	c_acctbal,
	n_name,
	c_address,
	c_phone,
	c_comment
from
	customer,
	orders,
	lineitem,
	nation
where
	c_custkey = o_custkey
	and l_orderkey = o_orderkey
	and o_orderdate >= date '1994-04-01'
	and o_orderdate < cast(date '1994-04-01' + interval '3 month' as date)
	and l_returnflag = 'R'
	and c_nationkey = n_nationkey
group by
	c_custkey,
	c_name,
	c_acctbal,
	c_phone,
	n_name,
	c_address,
	c_comment
order by
	revenue desc
LIMIT 20;
                                                                                                QUERY PLAN                                                                                                 
-----------------------------------------------------------------------------------------------------------------------------------------------------------------------------------------------------------
 Limit  (cost=1198241.21..1198241.26 rows=20 width=176) (actual time=21823.840..21823.846 rows=20 loops=1)
   Buffers: shared hit=1051517 read=409657
   ->  Sort  (cost=1198241.21..1199665.23 rows=569610 width=176) (actual time=21823.837..21823.839 rows=20 loops=1)
         Sort Key: (sum((lineitem.l_extendedprice * (1::double precision - lineitem.l_discount))))
         Sort Method: top-N heapsort  Memory: 30kB
         Buffers: shared hit=1051517 read=409657
         ->  HashAggregate  (cost=1177387.99..1183084.09 rows=569610 width=176) (actual time=21282.340..21682.148 rows=378702 loops=1)
               Buffers: shared hit=1051514 read=409657
               ->  Hash Join  (cost=402427.23..1163147.74 rows=569610 width=176) (actual time=3797.236..19269.022 rows=1136961 loops=1)
                     Hash Cond: (customer.c_nationkey = nation.n_nationkey)
                     Buffers: shared hit=1051514 read=409657
                     ->  Hash Join  (cost=402425.67..1155314.04 rows=569610 width=154) (actual time=3797.197..18863.905 rows=1136961 loops=1)
                           Hash Cond: (orders.o_custkey = customer.c_custkey)
                           Buffers: shared hit=1051513 read=409657
                           ->  Merge Join  (cost=333397.67..1074893.84 rows=569610 width=12) (actual time=2177.088..15623.801 rows=1136961 loops=1)
                                 Merge Cond: (orders.o_orderkey = lineitem.l_orderkey)
                                 Buffers: shared hit=1051511 read=374381
                                 ->  Sort  (cost=333395.96..334837.16 rows=576477 width=8) (actual time=2176.983..2308.211 rows=568018 loops=1)
                                       Sort Key: orders.o_orderkey
                                       Sort Method: quicksort  Memory: 51202kB
                                       Buffers: shared hit=178398 read=54145
                                       ->  Bitmap Heap Scan on orders  (cost=12522.88..278236.04 rows=576477 width=8) (actual time=288.695..1984.001 rows=568018 loops=1)
                                             Recheck Cond: ((o_orderdate >= '1994-04-01'::date) AND (o_orderdate < '1994-07-01'::date))
                                             Buffers: shared hit=178398 read=54145
                                             ->  Bitmap Index Scan on orders_o_orderdate_o_orderkey_idx  (cost=0.00..12378.77 rows=576477 width=0) (actual time=210.077..210.077 rows=576609 loops=1)
                                                   Index Cond: ((o_orderdate >= '1994-04-01'::date) AND (o_orderdate < '1994-07-01'::date))
                                                   Buffers: shared read=1650
                                 ->  Index Scan using lineitem_l_orderkey_idx_l_returnflag on lineitem  (cost=0.00..695310.59 rows=15043524 width=12) (actual time=0.079..11277.604 rows=14807437 loops=1)
                                       Buffers: shared hit=873113 read=320236
                           ->  Hash  (cost=50278.00..50278.00 rows=1500000 width=146) (actual time=1618.071..1618.071 rows=1500000 loops=1)
                                 Buckets: 262144  Batches: 1  Memory Usage: 265117kB
                                 Buffers: shared hit=2 read=35276
                                 ->  Seq Scan on customer  (cost=0.00..50278.00 rows=1500000 width=146) (actual time=0.011..737.790 rows=1500000 loops=1)
                                       Buffers: shared hit=2 read=35276
                     ->  Hash  (cost=1.25..1.25 rows=25 width=30) (actual time=0.021..0.021 rows=25 loops=1)
                           Buckets: 1024  Batches: 1  Memory Usage: 2kB
                           Buffers: shared hit=1
                           ->  Seq Scan on nation  (cost=0.00..1.25 rows=25 width=30) (actual time=0.005..0.010 rows=25 loops=1)
                                 Buffers: shared hit=1
 Total runtime: 21858.909 ms
(40 rows)

COMMIT;
COMMIT
