BEGIN;
BEGIN
EXPLAIN (ANALYZE, BUFFERS)
select
	o_year,
	sum(case
		when nation = 'ARGENTINA' then volume
		else 0
	end) / sum(volume) as mkt_share
from
	(
		select
			extract(year from o_orderdate) as o_year,
			l_extendedprice * (1 - l_discount) as volume,
			n2.n_name as nation
		from
			part,
			supplier,
			lineitem,
			orders,
			customer,
			nation n1,
			nation n2,
			region
		where
			p_partkey = l_partkey
			and s_suppkey = l_suppkey
			and l_orderkey = o_orderkey
			and o_custkey = c_custkey
			and c_nationkey = n1.n_nationkey
			and n1.n_regionkey = r_regionkey
			and r_name = 'AMERICA'
			and s_nationkey = n2.n_nationkey
			and o_orderdate between date '1995-01-01' and date '1996-12-31'
			and p_type = 'STANDARD BRUSHED TIN'
	) as all_nations
group by
	o_year
order by
	o_year;
                                                                                                   QUERY PLAN                                                                                                   
----------------------------------------------------------------------------------------------------------------------------------------------------------------------------------------------------------------
 Sort  (cost=2596527.07..2596528.88 rows=726 width=38) (actual time=85506.389..85506.389 rows=2 loops=1)
   Sort Key: (date_part('year'::text, (orders.o_orderdate)::timestamp without time zone))
   Sort Method: quicksort  Memory: 25kB
   Buffers: shared hit=1086086 read=295372 written=1
   ->  HashAggregate  (cost=2596479.86..2596492.57 rows=726 width=38) (actual time=85506.310..85506.312 rows=2 loops=1)
         Buffers: shared hit=1086083 read=295372 written=1
         ->  Hash Join  (cost=550684.02..2595979.40 rows=25023 width=38) (actual time=20327.671..85381.158 rows=24289 loops=1)
               Hash Cond: (supplier.s_nationkey = n2.n_nationkey)
               Buffers: shared hit=1086083 read=295372 written=1
               ->  Hash Join  (cost=550682.46..2595508.66 rows=25023 width=16) (actual time=20327.538..85255.331 rows=24289 loops=1)
                     Hash Cond: (lineitem.l_suppkey = supplier.s_suppkey)
                     Buffers: shared hit=1086079 read=295372 written=1
                     ->  Hash Join  (cost=546253.46..2590579.20 rows=25023 width=16) (actual time=20245.458..85051.009 rows=24289 loops=1)
                           Hash Cond: (lineitem.l_partkey = part.p_partkey)
                           Buffers: shared hit=1084291 read=294981 written=1
                           ->  Hash Join  (cost=517363.94..2520721.53 rows=3619371 width=20) (actual time=20007.852..79318.651 rows=3638839 loops=1)
                                 Hash Cond: (lineitem.l_orderkey = orders.o_orderkey)
                                 Buffers: shared hit=1081110 read=286623 written=1
                                 ->  Seq Scan on lineitem  (cost=0.00..1666934.25 rows=60045925 width=20) (actual time=0.030..17311.064 rows=59985329 loops=1)
                                       Buffers: shared hit=799016 read=267459 written=1
                                 ->  Hash  (cost=506050.77..506050.77 rows=905054 width=8) (actual time=20006.905..20006.905 rows=910325 loops=1)
                                       Buckets: 131072  Batches: 1  Memory Usage: 35560kB
                                       Buffers: shared hit=282094 read=19164
                                       ->  Hash Join  (cost=158629.43..506050.77 rows=905054 width=8) (actual time=4488.035..19480.166 rows=910325 loops=1)
                                             Hash Cond: (orders.o_custkey = customer.c_custkey)
                                             Buffers: shared hit=282094 read=19164
                                             ->  Bitmap Heap Scan on orders  (cost=95973.90..417374.94 rows=4525269 width=12) (actual time=3180.221..6743.701 rows=4557440 loops=1)
                                                   Recheck Cond: ((o_orderdate >= '1995-01-01'::date) AND (o_orderdate <= '1996-12-31'::date))
                                                   Buffers: shared hit=255580 read=10398
                                                   ->  Bitmap Index Scan on orders_o_orderdate_o_orderkey_idx  (cost=0.00..94842.59 rows=4525269 width=0) (actual time=3033.667..3033.667 rows=4561961 loops=1)
                                                         Index Cond: ((o_orderdate >= '1995-01-01'::date) AND (o_orderdate <= '1996-12-31'::date))
                                                         Buffers: shared hit=2058 read=10398
                                             ->  Hash  (cost=58905.53..58905.53 rows=300000 width=4) (actual time=1307.571..1307.571 rows=299436 loops=1)
                                                   Buckets: 32768  Batches: 1  Memory Usage: 10528kB
                                                   Buffers: shared hit=26514 read=8766
                                                   ->  Hash Join  (cost=2.53..58905.53 rows=300000 width=4) (actual time=0.125..1145.139 rows=299436 loops=1)
                                                         Hash Cond: (customer.c_nationkey = n1.n_nationkey)
                                                         Buffers: shared hit=26514 read=8766
                                                         ->  Seq Scan on customer  (cost=0.00..50278.00 rows=1500000 width=8) (actual time=0.010..692.195 rows=1500000 loops=1)
                                                               Buffers: shared hit=26512 read=8766
                                                         ->  Hash  (cost=2.47..2.47 rows=5 width=4) (actual time=0.085..0.085 rows=5 loops=1)
                                                               Buckets: 1024  Batches: 1  Memory Usage: 1kB
                                                               Buffers: shared hit=2
                                                               ->  Hash Join  (cost=1.07..2.47 rows=5 width=4) (actual time=0.070..0.081 rows=5 loops=1)
                                                                     Hash Cond: (n1.n_regionkey = region.r_regionkey)
                                                                     Buffers: shared hit=2
                                                                     ->  Seq Scan on nation n1  (cost=0.00..1.25 rows=25 width=8) (actual time=0.009..0.013 rows=25 loops=1)
                                                                           Buffers: shared hit=1
                                                                     ->  Hash  (cost=1.06..1.06 rows=1 width=4) (actual time=0.036..0.036 rows=1 loops=1)
                                                                           Buckets: 1024  Batches: 1  Memory Usage: 1kB
                                                                           Buffers: shared hit=1
                                                                           ->  Seq Scan on region  (cost=0.00..1.06 rows=1 width=4) (actual time=0.032..0.034 rows=1 loops=1)
                                                                                 Filter: (r_name = 'AMERICA'::bpchar)
                                                                                 Rows Removed by Filter: 4
                                                                                 Buffers: shared hit=1
                           ->  Hash  (cost=28716.68..28716.68 rows=13827 width=4) (actual time=236.769..236.769 rows=13421 loops=1)
                                 Buckets: 2048  Batches: 1  Memory Usage: 472kB
                                 Buffers: shared hit=3181 read=8358
                                 ->  Bitmap Heap Scan on part  (cost=427.87..28716.68 rows=13827 width=4) (actual time=11.004..226.462 rows=13421 loops=1)
                                       Recheck Cond: ((p_type)::text = 'STANDARD BRUSHED TIN'::text)
                                       Buffers: shared hit=3181 read=8358
                                       ->  Bitmap Index Scan on part_p_type_p_partkey_idx  (cost=0.00..424.41 rows=13827 width=0) (actual time=7.688..7.688 rows=13421 loops=1)
                                             Index Cond: ((p_type)::text = 'STANDARD BRUSHED TIN'::text)
                                             Buffers: shared hit=2 read=83
                     ->  Hash  (cost=3179.00..3179.00 rows=100000 width=8) (actual time=81.780..81.780 rows=100000 loops=1)
                           Buckets: 16384  Batches: 1  Memory Usage: 3907kB
                           Buffers: shared hit=1788 read=391
                           ->  Seq Scan on supplier  (cost=0.00..3179.00 rows=100000 width=8) (actual time=0.010..53.354 rows=100000 loops=1)
                                 Buffers: shared hit=1788 read=391
               ->  Hash  (cost=1.25..1.25 rows=25 width=30) (actual time=0.027..0.027 rows=25 loops=1)
                     Buckets: 1024  Batches: 1  Memory Usage: 2kB
                     Buffers: shared hit=1
                     ->  Seq Scan on nation n2  (cost=0.00..1.25 rows=25 width=30) (actual time=0.007..0.011 rows=25 loops=1)
                           Buffers: shared hit=1
 Total runtime: 85527.819 ms
(75 rows)

COMMIT;
COMMIT
