BEGIN;
BEGIN
EXPLAIN (ANALYZE, BUFFERS)
select
	c_custkey,
	c_name,
	sum(l_extendedprice * (1 - l_discount)) as revenue,
	c_acctbal,
	n_name,
	c_address,
	c_phone,
	c_comment
from
	customer,
	orders,
	lineitem,
	nation
where
	c_custkey = o_custkey
	and l_orderkey = o_orderkey
	and o_orderdate >= date '1994-02-01'
	and o_orderdate < cast(date '1994-02-01' + interval '3 month' as date)
	and l_returnflag = 'R'
	and c_nationkey = n_nationkey
group by
	c_custkey,
	c_name,
	c_acctbal,
	c_phone,
	n_name,
	c_address,
	c_comment
order by
	revenue desc
LIMIT 20;
                                                                                                QUERY PLAN                                                                                                 
-----------------------------------------------------------------------------------------------------------------------------------------------------------------------------------------------------------
 Limit  (cost=1198353.68..1198353.73 rows=20 width=176) (actual time=23400.387..23400.395 rows=20 loops=1)
   Buffers: shared hit=385954 read=1073526
   ->  Sort  (cost=1198353.68..1199778.84 rows=570062 width=176) (actual time=23400.383..23400.389 rows=20 loops=1)
         Sort Key: (sum((lineitem.l_extendedprice * (1::double precision - lineitem.l_discount))))
         Sort Method: top-N heapsort  Memory: 30kB
         Buffers: shared hit=385954 read=1073526
         ->  HashAggregate  (cost=1177483.92..1183184.54 rows=570062 width=176) (actual time=22948.179..23259.513 rows=371830 loops=1)
               Buffers: shared hit=385951 read=1073526
               ->  Hash Join  (cost=402489.80..1163232.37 rows=570062 width=176) (actual time=3050.417..20870.650 rows=1109437 loops=1)
                     Hash Cond: (customer.c_nationkey = nation.n_nationkey)
                     Buffers: shared hit=385951 read=1073526
                     ->  Hash Join  (cost=402488.23..1155392.45 rows=570062 width=154) (actual time=3050.379..20453.018 rows=1109437 loops=1)
                           Hash Cond: (orders.o_custkey = customer.c_custkey)
                           Buffers: shared hit=385950 read=1073526
                           ->  Merge Join  (cost=333460.23..1074963.21 rows=570062 width=12) (actual time=1570.018..17257.900 rows=1109437 loops=1)
                                 Merge Cond: (orders.o_orderkey = lineitem.l_orderkey)
                                 Buffers: shared hit=350672 read=1073526
                                 ->  Sort  (cost=333458.53..334900.86 rows=576934 width=8) (actual time=1569.839..1693.026 rows=554174 loops=1)
                                       Sort Key: orders.o_orderkey
                                       Sort Method: quicksort  Memory: 50553kB
                                       Buffers: shared hit=230846 read=2
                                       ->  Bitmap Heap Scan on orders  (cost=12531.57..278251.58 rows=576934 width=8) (actual time=233.467..1405.789 rows=554174 loops=1)
                                             Recheck Cond: ((o_orderdate >= '1994-02-01'::date) AND (o_orderdate < '1994-05-01'::date))
                                             Buffers: shared hit=230846 read=2
                                             ->  Bitmap Index Scan on orders_o_orderdate_o_orderkey_idx  (cost=0.00..12387.34 rows=576934 width=0) (actual time=162.380..162.380 rows=562571 loops=1)
                                                   Index Cond: ((o_orderdate >= '1994-02-01'::date) AND (o_orderdate < '1994-05-01'::date))
                                                   Buffers: shared hit=1610 read=1
                                 ->  Index Scan using lineitem_l_orderkey_idx_l_returnflag on lineitem  (cost=0.00..695310.59 rows=15043524 width=12) (actual time=0.131..13485.226 rows=14807459 loops=1)
                                       Buffers: shared hit=119826 read=1073524
                           ->  Hash  (cost=50278.00..50278.00 rows=1500000 width=146) (actual time=1478.382..1478.382 rows=1500000 loops=1)
                                 Buckets: 262144  Batches: 1  Memory Usage: 265117kB
                                 Buffers: shared hit=35278
                                 ->  Seq Scan on customer  (cost=0.00..50278.00 rows=1500000 width=146) (actual time=0.009..637.386 rows=1500000 loops=1)
                                       Buffers: shared hit=35278
                     ->  Hash  (cost=1.25..1.25 rows=25 width=30) (actual time=0.020..0.020 rows=25 loops=1)
                           Buckets: 1024  Batches: 1  Memory Usage: 2kB
                           Buffers: shared hit=1
                           ->  Seq Scan on nation  (cost=0.00..1.25 rows=25 width=30) (actual time=0.006..0.008 rows=25 loops=1)
                                 Buffers: shared hit=1
 Total runtime: 23437.901 ms
(40 rows)

COMMIT;
COMMIT
