BEGIN;
BEGIN
EXPLAIN (ANALYZE, BUFFERS)
select
	s_name,
	s_address
from
	supplier,
	nation
where
	s_suppkey in (
		select
			distinct (ps_suppkey)
		from
			partsupp,
			part
		where
			ps_partkey=p_partkey
			and p_name like 'yellow%'
			and ps_availqty > (
				select
					0.5 * sum(l_quantity)
				from
					lineitem
				where
					l_partkey = ps_partkey
					and l_suppkey = ps_suppkey
					and l_shipdate >= '1996-01-01'
					and l_shipdate < cast(date '1996-01-01' + interval '1 year' as date)
			)
	)
	and s_nationkey = n_nationkey
	and n_name = 'IRAQ'
order by
	s_name;
                                                                                                QUERY PLAN                                                                                                 
-----------------------------------------------------------------------------------------------------------------------------------------------------------------------------------------------------------
 Sort  (cost=1128226300.48..1128226303.15 rows=1068 width=51) (actual time=416601.762..416601.873 rows=1848 loops=1)
   Sort Key: supplier.s_name
   Sort Method: quicksort  Memory: 264kB
   Buffers: shared hit=269273740 read=6391247 dirtied=4577 written=223691
   ->  Hash Semi Join  (cost=1128222620.17..1128226246.76 rows=1068 width=51) (actual time=416554.992..416591.967 rows=1848 loops=1)
         Hash Cond: (supplier.s_suppkey = partsupp.ps_suppkey)
         Buffers: shared hit=269273735 read=6391247 dirtied=4577 written=223691
         ->  Hash Join  (cost=1.32..3595.32 rows=4000 width=55) (actual time=0.052..32.696 rows=4095 loops=1)
               Hash Cond: (supplier.s_nationkey = nation.n_nationkey)
               Buffers: shared hit=2180
               ->  Seq Scan on supplier  (cost=0.00..3179.00 rows=100000 width=59) (actual time=0.022..17.033 rows=100000 loops=1)
                     Buffers: shared hit=2179
               ->  Hash  (cost=1.31..1.31 rows=1 width=4) (actual time=0.018..0.018 rows=1 loops=1)
                     Buckets: 1024  Batches: 1  Memory Usage: 1kB
                     Buffers: shared hit=1
                     ->  Seq Scan on nation  (cost=0.00..1.31 rows=1 width=4) (actual time=0.013..0.015 rows=1 loops=1)
                           Filter: (n_name = 'IRAQ'::bpchar)
                           Rows Removed by Filter: 24
                           Buffers: shared hit=1
         ->  Hash  (cost=1128222285.18..1128222285.18 rows=26693 width=4) (actual time=416554.893..416554.893 rows=44645 loops=1)
               Buckets: 4096  Batches: 1  Memory Usage: 1570kB
               Buffers: shared hit=269271555 read=6391247 dirtied=4577 written=223691
               ->  HashAggregate  (cost=1128221751.32..1128222018.25 rows=26693 width=4) (actual time=416528.437..416544.420 rows=44645 loops=1)
                     Buffers: shared hit=269271555 read=6391247 dirtied=4577 written=223691
                     ->  Merge Join  (cost=7614.88..1128221684.59 rows=26693 width=4) (actual time=70.874..416244.319 rows=58997 loops=1)
                           Merge Cond: (part.p_partkey = partsupp.ps_partkey)
                           Buffers: shared hit=269271555 read=6391247 dirtied=4577 written=223691
                           ->  Index Scan using pk_part on part  (cost=0.00..97473.47 rows=20020 width=4) (actual time=0.105..1400.992 rows=21685 loops=1)
                                 Filter: ((p_name)::text ~~ 'yellow%'::text)
                                 Rows Removed by Filter: 1978315
                                 Buffers: shared hit=1587 read=45154 written=1456
                           ->  Index Scan using pk_partsupp on partsupp  (cost=0.00..1128123573.20 rows=2666667 width=8) (actual time=0.709..413541.482 rows=5436802 loops=1)
                                 Filter: ((ps_availqty)::double precision > (SubPlan 1))
                                 Rows Removed by Filter: 2563112
                                 Buffers: shared hit=269269968 read=6346093 dirtied=4577 written=222235
                                 SubPlan 1
                                   ->  Aggregate  (cost=140.92..140.94 rows=1 width=4) (actual time=0.050..0.050 rows=1 loops=7999914)
                                         Buffers: shared hit=269018995 read=6162858 dirtied=4577 written=215869
                                         ->  Index Scan using lineitem_l_partkey_l_quantity_l_shipmode_idx on lineitem  (cost=0.00..140.92 rows=1 width=4) (actual time=0.031..0.049 rows=1 loops=7999914)
                                               Index Cond: (l_partkey = partsupp.ps_partkey)
                                               Filter: ((l_shipdate >= '1996-01-01'::date) AND (l_shipdate < '1997-01-01'::date) AND (l_suppkey = partsupp.ps_suppkey))
                                               Rows Removed by Filter: 29
                                               Buffers: shared hit=269018995 read=6162858 dirtied=4577 written=215869
 Total runtime: 416603.604 ms
(44 rows)

COMMIT;
COMMIT
