BEGIN;
BEGIN
EXPLAIN (ANALYZE, BUFFERS)
select
	c_custkey,
	c_name,
	sum(l_extendedprice * (1 - l_discount)) as revenue,
	c_acctbal,
	n_name,
	c_address,
	c_phone,
	c_comment
from
	customer,
	orders,
	lineitem,
	nation
where
	c_custkey = o_custkey
	and l_orderkey = o_orderkey
	and o_orderdate >= date '1993-12-01'
	and o_orderdate < cast(date '1993-12-01' + interval '3 month' as date)
	and l_returnflag = 'R'
	and c_nationkey = n_nationkey
group by
	c_custkey,
	c_name,
	c_acctbal,
	c_phone,
	n_name,
	c_address,
	c_comment
order by
	revenue desc
LIMIT 20;
                                                                                                QUERY PLAN                                                                                                 
-----------------------------------------------------------------------------------------------------------------------------------------------------------------------------------------------------------
 Limit  (cost=1181159.57..1181159.62 rows=20 width=176) (actual time=29621.282..29621.292 rows=20 loops=1)
   Buffers: shared hit=1172928 read=234790 dirtied=114 written=2818
   ->  Sort  (cost=1181159.57..1182552.32 rows=557100 width=176) (actual time=29621.278..29621.284 rows=20 loops=1)
         Sort Key: (sum((lineitem.l_extendedprice * (1::double precision - lineitem.l_discount))))
         Sort Method: top-N heapsort  Memory: 30kB
         Buffers: shared hit=1172928 read=234790 dirtied=114 written=2818
         ->  HashAggregate  (cost=1160764.34..1166335.34 rows=557100 width=176) (actual time=29116.199..29470.589 rows=374690 loops=1)
               Buffers: shared hit=1172925 read=234790 dirtied=114 written=2818
               ->  Hash Join  (cost=396829.53..1146836.84 rows=557100 width=176) (actual time=7406.128..25950.726 rows=1120276 loops=1)
                     Hash Cond: (customer.c_nationkey = nation.n_nationkey)
                     Buffers: shared hit=1172925 read=234790 dirtied=114 written=2818
                     ->  Hash Join  (cost=396827.97..1139175.15 rows=557100 width=154) (actual time=7406.088..25310.759 rows=1120276 loops=1)
                           Hash Cond: (orders.o_custkey = customer.c_custkey)
                           Buffers: shared hit=1172924 read=234790 dirtied=114 written=2818
                           ->  Merge Join  (cost=327799.97..1059005.15 rows=557100 width=12) (actual time=5547.922..21273.941 rows=1120276 loops=1)
                                 Merge Cond: (orders.o_orderkey = lineitem.l_orderkey)
                                 Buffers: shared hit=1138769 read=233667 dirtied=114 written=2818
                                 ->  Sort  (cost=327798.26..329207.80 rows=563815 width=8) (actual time=5547.792..5709.375 rows=560377 loops=1)
                                       Sort Key: orders.o_orderkey
                                       Sort Method: quicksort  Memory: 50844kB
                                       Buffers: shared hit=42899 read=185540
                                       ->  Bitmap Heap Scan on orders  (cost=11961.00..273940.22 rows=563815 width=8) (actual time=383.850..5084.427 rows=560377 loops=1)
                                             Recheck Cond: ((o_orderdate >= '1993-12-01'::date) AND (o_orderdate < '1994-03-01'::date))
                                             Buffers: shared hit=42899 read=185540
                                             ->  Bitmap Index Scan on orders_o_orderdate_o_orderkey_idx  (cost=0.00..11820.05 rows=563815 width=0) (actual time=275.792..275.792 rows=560968 loops=1)
                                                   Index Cond: ((o_orderdate >= '1993-12-01'::date) AND (o_orderdate < '1994-03-01'::date))
                                                   Buffers: shared hit=531 read=1004
                                 ->  Index Scan using lineitem_l_orderkey_idx_l_returnflag on lineitem  (cost=0.00..685726.45 rows=14836147 width=12) (actual time=0.095..12467.976 rows=14808300 loops=1)
                                       Buffers: shared hit=1095870 read=48127 dirtied=114 written=2818
                           ->  Hash  (cost=50278.00..50278.00 rows=1500000 width=146) (actual time=1856.480..1856.480 rows=1500000 loops=1)
                                 Buckets: 262144  Batches: 1  Memory Usage: 265117kB
                                 Buffers: shared hit=34155 read=1123
                                 ->  Seq Scan on customer  (cost=0.00..50278.00 rows=1500000 width=146) (actual time=0.010..741.392 rows=1500000 loops=1)
                                       Buffers: shared hit=34155 read=1123
                     ->  Hash  (cost=1.25..1.25 rows=25 width=30) (actual time=0.022..0.022 rows=25 loops=1)
                           Buckets: 1024  Batches: 1  Memory Usage: 2kB
                           Buffers: shared hit=1
                           ->  Seq Scan on nation  (cost=0.00..1.25 rows=25 width=30) (actual time=0.009..0.012 rows=25 loops=1)
                                 Buffers: shared hit=1
 Total runtime: 29679.546 ms
(40 rows)

COMMIT;
COMMIT
