BEGIN;
BEGIN
EXPLAIN (ANALYZE, BUFFERS)
select
	s_name,
	s_address
from
	supplier,
	nation
where
	s_suppkey in (
		select
			distinct (ps_suppkey)
		from
			partsupp,
			part
		where
			ps_partkey=p_partkey
			and p_name like 'blanched%'
			and ps_availqty > (
				select
					0.5 * sum(l_quantity)
				from
					lineitem
				where
					l_partkey = ps_partkey
					and l_suppkey = ps_suppkey
					and l_shipdate >= '1993-01-01'
					and l_shipdate < cast(date '1993-01-01' + interval '1 year' as date)
			)
	)
	and s_nationkey = n_nationkey
	and n_name = 'INDONESIA'
order by
	s_name;
                                                                                                QUERY PLAN                                                                                                 
-----------------------------------------------------------------------------------------------------------------------------------------------------------------------------------------------------------
 Sort  (cost=1128226300.48..1128226303.15 rows=1068 width=51) (actual time=357514.480..357514.585 rows=1782 loops=1)
   Sort Key: supplier.s_name
   Sort Method: quicksort  Memory: 256kB
   Buffers: shared hit=270365224 read=5915248 dirtied=1 written=6
   ->  Hash Semi Join  (cost=1128222620.17..1128226246.76 rows=1068 width=51) (actual time=357456.854..357505.548 rows=1782 loops=1)
         Hash Cond: (supplier.s_suppkey = partsupp.ps_suppkey)
         Buffers: shared hit=270365219 read=5915248 dirtied=1 written=6
         ->  Hash Join  (cost=1.32..3595.32 rows=4000 width=55) (actual time=0.055..44.052 rows=3974 loops=1)
               Hash Cond: (supplier.s_nationkey = nation.n_nationkey)
               Buffers: shared hit=2 read=2178
               ->  Seq Scan on supplier  (cost=0.00..3179.00 rows=100000 width=59) (actual time=0.024..28.780 rows=100000 loops=1)
                     Buffers: shared hit=1 read=2178
               ->  Hash  (cost=1.31..1.31 rows=1 width=4) (actual time=0.015..0.015 rows=1 loops=1)
                     Buckets: 1024  Batches: 1  Memory Usage: 1kB
                     Buffers: shared hit=1
                     ->  Seq Scan on nation  (cost=0.00..1.31 rows=1 width=4) (actual time=0.011..0.014 rows=1 loops=1)
                           Filter: (n_name = 'INDONESIA'::bpchar)
                           Rows Removed by Filter: 24
                           Buffers: shared hit=1
         ->  Hash  (cost=1128222285.18..1128222285.18 rows=26693 width=4) (actual time=357456.752..357456.752 rows=44706 loops=1)
               Buckets: 4096  Batches: 1  Memory Usage: 1572kB
               Buffers: shared hit=270365217 read=5913070 dirtied=1 written=6
               ->  HashAggregate  (cost=1128221751.32..1128222018.25 rows=26693 width=4) (actual time=357422.854..357446.049 rows=44706 loops=1)
                     Buffers: shared hit=270365217 read=5913070 dirtied=1 written=6
                     ->  Merge Join  (cost=7614.88..1128221684.59 rows=26693 width=4) (actual time=7.334..357165.561 rows=59115 loops=1)
                           Merge Cond: (part.p_partkey = partsupp.ps_partkey)
                           Buffers: shared hit=270365217 read=5913070 dirtied=1 written=6
                           ->  Index Scan using pk_part on part  (cost=0.00..97473.47 rows=20020 width=4) (actual time=0.013..1283.230 rows=21780 loops=1)
                                 Filter: ((p_name)::text ~~ 'blanched%'::text)
                                 Rows Removed by Filter: 1978220
                                 Buffers: shared hit=1185 read=45556
                           ->  Index Scan using pk_partsupp on partsupp  (cost=0.00..1128123573.20 rows=2666667 width=8) (actual time=0.610..354744.686 rows=5431703 loops=1)
                                 Filter: ((ps_availqty)::double precision > (SubPlan 1))
                                 Rows Removed by Filter: 2568154
                                 Buffers: shared hit=270364032 read=5867514 dirtied=1 written=6
                                 SubPlan 1
                                   ->  Aggregate  (cost=140.92..140.94 rows=1 width=4) (actual time=0.043..0.043 rows=1 loops=7999857)
                                         Buffers: shared hit=270119222 read=5678122 dirtied=1 written=6
                                         ->  Index Scan using lineitem_l_partkey_l_quantity_l_shipmode_idx on lineitem  (cost=0.00..140.92 rows=1 width=4) (actual time=0.026..0.042 rows=1 loops=7999857)
                                               Index Cond: (l_partkey = partsupp.ps_partkey)
                                               Filter: ((l_shipdate >= '1993-01-01'::date) AND (l_shipdate < '1994-01-01'::date) AND (l_suppkey = partsupp.ps_suppkey))
                                               Rows Removed by Filter: 29
                                               Buffers: shared hit=270119222 read=5678122 dirtied=1 written=6
 Total runtime: 357516.531 ms
(44 rows)

COMMIT;
COMMIT
