BEGIN;
BEGIN
EXPLAIN (ANALYZE, BUFFERS)
select
	s_name,
	s_address
from
	supplier,
	nation
where
	s_suppkey in (
		select
			distinct (ps_suppkey)
		from
			partsupp,
			part
		where
			ps_partkey=p_partkey
			and p_name like 'purple%'
			and ps_availqty > (
				select
					0.5 * sum(l_quantity)
				from
					lineitem
				where
					l_partkey = ps_partkey
					and l_suppkey = ps_suppkey
					and l_shipdate >= '1997-01-01'
					and l_shipdate < cast(date '1997-01-01' + interval '1 year' as date)
			)
	)
	and s_nationkey = n_nationkey
	and n_name = 'CHINA'
order by
	s_name;
                                                                                                QUERY PLAN                                                                                                 
-----------------------------------------------------------------------------------------------------------------------------------------------------------------------------------------------------------
 Sort  (cost=1128226433.74..1128226436.68 rows=1175 width=51) (actual time=318071.991..318072.080 rows=1743 loops=1)
   Sort Key: supplier.s_name
   Sort Method: quicksort  Memory: 251kB
   Buffers: shared hit=270117493 read=5626314 dirtied=134937 written=10758
   ->  Hash Semi Join  (cost=1128222745.32..1128226373.83 rows=1175 width=51) (actual time=318021.340..318060.528 rows=1743 loops=1)
         Hash Cond: (supplier.s_suppkey = partsupp.ps_suppkey)
         Buffers: shared hit=270117488 read=5626314 dirtied=134937 written=10758
         ->  Hash Join  (cost=1.32..3595.32 rows=4000 width=55) (actual time=0.055..35.442 rows=3988 loops=1)
               Hash Cond: (supplier.s_nationkey = nation.n_nationkey)
               Buffers: shared hit=2180
               ->  Seq Scan on supplier  (cost=0.00..3179.00 rows=100000 width=59) (actual time=0.027..20.417 rows=100000 loops=1)
                     Buffers: shared hit=2179
               ->  Hash  (cost=1.31..1.31 rows=1 width=4) (actual time=0.015..0.015 rows=1 loops=1)
                     Buckets: 1024  Batches: 1  Memory Usage: 1kB
                     Buffers: shared hit=1
                     ->  Seq Scan on nation  (cost=0.00..1.31 rows=1 width=4) (actual time=0.013..0.014 rows=1 loops=1)
                           Filter: (n_name = 'CHINA'::bpchar)
                           Rows Removed by Filter: 24
                           Buffers: shared hit=1
         ->  Hash  (cost=1128222376.96..1128222376.96 rows=29363 width=4) (actual time=318021.240..318021.240 rows=44995 loops=1)
               Buckets: 4096  Batches: 1  Memory Usage: 1582kB
               Buffers: shared hit=270115308 read=5626314 dirtied=134937 written=10758
               ->  HashAggregate  (cost=1128221789.70..1128222083.33 rows=29363 width=4) (actual time=317989.791..318010.971 rows=44995 loops=1)
                     Buffers: shared hit=270115308 read=5626314 dirtied=134937 written=10758
                     ->  Merge Join  (cost=7614.88..1128221716.29 rows=29363 width=4) (actual time=35.401..317776.259 rows=59690 loops=1)
                           Merge Cond: (part.p_partkey = partsupp.ps_partkey)
                           Buffers: shared hit=270115308 read=5626314 dirtied=134937 written=10758
                           ->  Index Scan using pk_part on part  (cost=0.00..97473.47 rows=22022 width=4) (actual time=0.041..1005.719 rows=21998 loops=1)
                                 Filter: ((p_name)::text ~~ 'purple%'::text)
                                 Rows Removed by Filter: 1978002
                                 Buffers: shared hit=1869 read=44872 written=88
                           ->  Index Scan using pk_partsupp on partsupp  (cost=0.00..1128123573.20 rows=2666667 width=8) (actual time=1.129..315784.774 rows=5430898 loops=1)
                                 Filter: ((ps_availqty)::double precision > (SubPlan 1))
                                 Rows Removed by Filter: 2569092
                                 Buffers: shared hit=270113439 read=5581442 dirtied=134937 written=10670
                                 SubPlan 1
                                   ->  Aggregate  (cost=140.92..140.94 rows=1 width=4) (actual time=0.038..0.038 rows=1 loops=7999990)
                                         Buffers: shared hit=269866030 read=5394642 dirtied=134937 written=10278
                                         ->  Index Scan using lineitem_l_partkey_l_quantity_l_shipmode_idx on lineitem  (cost=0.00..140.92 rows=1 width=4) (actual time=0.023..0.037 rows=1 loops=7999990)
                                               Index Cond: (l_partkey = partsupp.ps_partkey)
                                               Filter: ((l_shipdate >= '1997-01-01'::date) AND (l_shipdate < '1998-01-01'::date) AND (l_suppkey = partsupp.ps_suppkey))
                                               Rows Removed by Filter: 29
                                               Buffers: shared hit=269866030 read=5394642 dirtied=134937 written=10278
 Total runtime: 318074.137 ms
(44 rows)

COMMIT;
COMMIT
