Q21,1453251.0,->  Hash Semi Join  (cost=2684835.92..4858024.49 rows=1 width=38) (actual time=35191.223..74884.238 rows=1453251 loops=1)
Q3,317643.2,->  Sort  (cost=2777149.22..2785090.30 rows=3176432 width=20) (actual time=38072.280..38072.283 rows=10 loops=1)
Q18,300531.1,->  GroupAggregate  (cost=10333421.20..11159881.78 rows=30053112 width=39) (actual time=109440.882..109441.208 rows=100 loops=1)
Q21,80058.0,->  Hash Anti Join  (cost=4774780.65..6947969.24 rows=1 width=34) (actual time=76567.360..121666.793 rows=80058 loops=1)
Q18,67702.5,->  Hash Join  (cost=2181346.11..2964503.28 rows=7514984 width=39) (actual time=74050.396..81856.095 rows=111 loops=1)
Q18,67702.5,->  Hash Join  (cost=2112318.11..2745175.60 rows=7514984 width=20) (actual time=72673.896..80476.827 rows=111 loops=1)
Q18,67702.5,->  Hash  (cost=2964503.28..2964503.28 rows=7514984 width=39) (actual time=81856.805..81856.805 rows=111 loops=1)
Q18,42871.7,->  Sort  (cost=10333421.20..10408553.98 rows=30053112 width=39) (actual time=109440.860..109440.914 rows=701 loops=1)
Q21,39562.0,->  Hash Join  (cost=5313182.57..7486371.17 rows=1 width=26) (actual time=85830.585..131237.486 rows=39562 loops=1)
Q18,38678.3,->  Hash Join  (cost=3058440.58..5778907.76 rows=30053112 width=39) (actual time=81873.555..109436.665 rows=777 loops=1)
Q18,36854.2,->  Hash  (cost=2061182.85..2061182.85 rows=4090821 width=4) (actual time=72522.051..72522.051 rows=111 loops=1)
Q18,36854.2,->  HashAggregate  (cost=1969139.38..2020274.64 rows=4090821 width=8) (actual time=62561.623..72521.327 rows=111 loops=1)
Q10,27656.0,->  Sort  (cost=1193116.58..1194499.38 rows=553120 width=176) (actual time=24415.256..24415.262 rows=20 loops=1)
Q9,23334.6,->  Sort  (cost=3994286.16..3994286.51 rows=140 width=46) (actual time=8333809.042..8334834.479 rows=3266856 loops=1)
Q9,23334.6,->  Merge Join  (cost=2854288.62..3523433.95 rows=140 width=28) (actual time=96764.488..103371.972 rows=3266856 loops=1)
Q9,23334.6,->  Hash Join  (cost=3527866.26..3994281.17 rows=140 width=46) (actual time=104331.431..8314460.873 rows=3266856 loops=1)
Q9,23334.6,->  Hash Join  (cost=3527864.70..3994276.99 rows=140 width=24) (actual time=104331.350..8309446.960 rows=3266856 loops=1)
Q9,23334.6,->  Hash Join  (cost=3523435.70..3989845.19 rows=140 width=28) (actual time=104272.107..8299487.866 rows=3266856 loops=1)
Q9,23334.6,->  Hash  (cost=3523433.95..3523433.95 rows=140 width=28) (actual time=104268.991..104268.991 rows=3266856 loops=1)
Q7,14625.7,GroupAggregate  (cost=3848708.64..3850609.99 rows=58503 width=64) (actual time=149140.706..149167.375 rows=4 loops=1)
Q2,4756.0,->  Merge Join  (cost=465841.71..25537826.70 rows=1 width=190) (actual time=17207.736..306651.756 rows=4756 loops=1)
Q21,3973.0,->  HashAggregate  (cost=7486371.18..7486371.19 rows=1 width=26) (actual time=131300.928..131302.366 rows=3973 loops=1)
Q15,3681.0,->  Subquery Scan on revenue10  (cost=1186332.98..1186415.81 rows=3681 width=12) (actual time=22170.329..22173.162 rows=1 loops=1)
Q15,3681.0,->  Sort  (cost=1186633.83..1186643.03 rows=3681 width=12) (actual time=22173.197..22173.198 rows=1 loops=1)
Q15,3681.0,Merge Join  (cost=2356459.44..2361556.12 rows=3681 width=79) (actual time=22199.117..22199.119 rows=1 loops=1)
Q15,3681.0,->  HashAggregate  (cost=1186332.98..1186379.00 rows=3681 width=12) (actual time=22170.327..22173.159 rows=1 loops=1)
Q8,363.0,Sort  (cost=2633737.17..2633738.98 rows=726 width=38) (actual time=76314.071..76314.071 rows=2 loops=1)
Q8,363.0,->  HashAggregate  (cost=2633689.97..2633702.67 rows=726 width=38) (actual time=76313.975..76313.983 rows=2 loops=1)
Q21,100.0,->  Sort  (cost=7486371.20..7486371.20 rows=1 width=26) (actual time=131305.326..131305.335 rows=100 loops=1)
Q21,100.0,Limit  (cost=7486371.20..7486371.20 rows=1 width=26) (actual time=131305.329..131305.351 rows=100 loops=1)
Q2,100.0,->  Sort  (cost=25537826.71..25537826.71 rows=1 width=190) (actual time=306685.654..306685.667 rows=100 loops=1)
Q2,100.0,Limit  (cost=25537826.71..25537826.71 rows=1 width=190) (actual time=306685.660..306685.680 rows=100 loops=1)
Q11,34.7,Sort  (cost=676867.00..677667.00 rows=320000 width=12) (actual time=9408.197..9409.352 rows=9218 loops=1)
Q11,34.7,->  HashAggregate  (cost=323403.33..327403.33 rows=320000 width=12) (actual time=9290.650..9402.517 rows=9218 loops=1)
Q3,27.8,->  HashAggregate  (cost=2676743.35..2708507.67 rows=3176432 width=20) (actual time=37983.213..38053.053 rows=114032 loops=1)
Q15,27.1,->  HashAggregate  (cost=1169742.78..1169779.59 rows=3681 width=12) (actual time=10150.555..10211.654 rows=100000 loops=1)
Q3,10.5,->  Hash Join  (cost=631655.08..2629096.87 rows=3176432 width=20) (actual time=11477.859..37756.338 rows=302046 loops=1)
Q4,10.0,->  Hash  (cost=1002518.19..1002518.19 rows=1363608 width=4) (actual time=53236.951..53236.951 rows=13753335 loops=1)
Q4,10.0,->  HashAggregate  (cost=988882.11..1002518.19 rows=1363608 width=4) (actual time=40451.053..50400.059 rows=13753335 loops=1)
Q19,6.0,->  Seq Scan on lineitem  (cost=0.00..3364578.35 rows=199642 width=16) (actual time=0.048..26755.045 rows=1199996 loops=1)
Q16,5.6,->  Index Scan using supplier_s_suppkey_idx_like on supplier  (cost=0.00..8.45 rows=10 width=4) (actual time=0.079..0.678 rows=56 loops=1)
Q5,5.0,Sort  (cost=2477939.75..2477939.81 rows=25 width=34) (actual time=61045.480..61045.480 rows=5 loops=1)
Q5,5.0,->  HashAggregate  (cost=2477938.91..2477939.16 rows=25 width=34) (actual time=61045.412..61045.413 rows=5 loops=1)
Q4,5.0,Sort  (cost=1304102.80..1304102.80 rows=1 width=16) (actual time=64580.845..64580.845 rows=5 loops=1)
Q4,5.0,->  HashAggregate  (cost=1304102.78..1304102.79 rows=1 width=16) (actual time=64580.697..64580.698 rows=5 loops=1)
Q13,4.3,Sort  (cost=927498.71..927499.21 rows=200 width=8) (actual time=62973.313..62973.316 rows=46 loops=1)
Q13,4.3,->  HashAggregate  (cost=927489.06..927491.06 rows=200 width=8) (actual time=62973.205..62973.210 rows=46 loops=1)
Q17,3.6,->  Hash Join  (cost=6632.62..10418948.85 rows=19985 width=4) (actual time=53.305..42025.027 rows=5546 loops=1)
Q4,3.4,->  Hash Join  (cost=1032071.52..1303329.17 rows=154721 width=16) (actual time=53517.180..64380.497 rows=527410 loops=1)
Q22,2.3,Sort  (cost=696441.22..696441.22 rows=3 width=20) (actual time=13930.663..13930.664 rows=7 loops=1)
Q22,2.3,->  HashAggregate  (cost=643568.00..643568.05 rows=3 width=20) (actual time=13930.587..13930.589 rows=7 loops=1)
Q2,2.0,->  Hash Join  (cost=17.03..3921.04 rows=1 width=4) (actual time=17.577..44.687 rows=2 loops=6404)
Q20,2.0,->  Merge Join  (cost=7614.88..1128221716.29 rows=29363 width=4) (actual time=35.401..317776.259 rows=59690 loops=1)
Q20,2.0,->  Index Scan using pk_partsupp on partsupp  (cost=0.00..1128123573.20 rows=2666667 width=8) (actual time=1.129..315784.774 rows=5430898 loops=1)
Q16,2.0,->  Sort  (cost=446738.47..448221.65 rows=593270 width=40) (actual time=38122.468..38368.236 rows=1188325 loops=1)
Q16,2.0,->  Hash Join  (cost=57958.14..389848.84 rows=593270 width=40) (actual time=728.323..10908.851 rows=1188325 loops=1)
Q15,2.0,->  Index Scan using pk_supplier on supplier  (cost=0.00..4791.46 rows=100000 width=71) (actual time=0.078..20.921 rows=47970 loops=1)
Q12,2.0,Sort  (cost=983190.49..983190.50 rows=1 width=27) (actual time=33056.375..33056.376 rows=2 loops=1)
Q12,2.0,->  HashAggregate  (cost=983190.47..983190.48 rows=1 width=27) (actual time=33056.268..33056.269 rows=2 loops=1)
Q16,1.9,->  Seq Scan on partsupp  (cost=8.48..270966.48 rows=4000000 width=8) (actual time=0.753..3670.748 rows=7995520 loops=1)
Q4,1.8,->  Index Scan using lineitem_l_orderkey_idx_part1 on lineitem  (cost=0.00..938144.41 rows=20295079 width=4) (actual time=0.114..19692.614 rows=37927733 loops=1)
Q21,1.8,->  Seq Scan on lineitem l3  (cost=0.00..1837005.55 rows=20235135 width=8) (actual time=0.017..22686.990 rows=37966174 loops=1)
Q21,1.8,->  Seq Scan on lineitem l1  (cost=0.00..1837005.55 rows=20235135 width=8) (actual time=0.034..21415.035 rows=37966174 loops=1)
Q21,1.8,->  Hash Join  (cost=3645.32..1924626.68 rows=809405 width=34) (actual time=39.028..29389.742 rows=1506961 loops=1)
Q21,1.8,->  Hash  (cost=1837005.55..1837005.55 rows=20235135 width=8) (actual time=41363.380..41363.380 rows=37966174 loops=1)
Q10,1.7,->  Merge Join  (cost=330815.64..1071341.70 rows=553120 width=12) (actual time=3124.854..18271.264 rows=941632 loops=1)
Q10,1.7,->  Hash Join  (cost=399845.20..1159039.06 rows=553120 width=176) (actual time=4811.299..21953.733 rows=941632 loops=1)
Q10,1.7,->  Hash Join  (cost=399843.64..1151432.10 rows=553120 width=154) (actual time=4811.266..21584.425 rows=941632 loops=1)
Q20,1.5,->  Hash  (cost=1128222376.96..1128222376.96 rows=29363 width=4) (actual time=318021.240..318021.240 rows=44995 loops=1)
Q20,1.5,->  HashAggregate  (cost=1128221789.70..1128222083.33 rows=29363 width=4) (actual time=317989.791..318010.971 rows=44995 loops=1)
Q1,1.5,Sort  (cost=4207762.19..4207762.21 rows=6 width=20) (actual time=112839.994..112839.995 rows=4 loops=1)
Q1,1.5,->  HashAggregate  (cost=4207762.01..4207762.11 rows=6 width=20) (actual time=112839.908..112839.911 rows=4 loops=1)
Q10,1.5,->  HashAggregate  (cost=1172867.06..1178398.26 rows=553120 width=176) (actual time=23921.734..24268.104 rows=354892 loops=1)
Q20,1.4,Sort  (cost=1128226433.74..1128226436.68 rows=1175 width=51) (actual time=318071.991..318072.080 rows=1743 loops=1)
Q20,1.4,->  Hash Semi Join  (cost=1128222745.32..1128226373.83 rows=1175 width=51) (actual time=318021.340..318060.528 rows=1743 loops=1)
Q22,1.3,->  Bitmap Index Scan on customer_c_phone_idx  (cost=0.00..2871.27 rows=139737 width=0) (actual time=889.376..889.376 rows=190217 loops=1)
Q22,1.3,->  Bitmap Heap Scan on customer  (cost=2906.20..41852.30 rows=139737 width=24) (actual time=898.908..1421.193 rows=190217 loops=1)
Q9,1.2,GroupAggregate  (cost=3994286.16..3994291.06 rows=140 width=46) (actual time=8333820.847..8337268.259 rows=175 loops=1)
Q19,1.1,->  Hash Join  (cost=37644.32..3404026.30 rows=1032 width=8) (actual time=299.953..28428.027 rows=1149 loops=1)
Q9,1.0,->  Sort  (cost=2854287.09..2862971.83 rows=3473898 width=28) (actual time=96764.349..97845.546 rows=3266856 loops=1)
Q9,1.0,->  Seq Scan on part  (cost=0.00..65522.00 rows=114113 width=4) (actual time=0.032..783.760 rows=108855 loops=1)
Q9,1.0,->  Seq Scan on orders  (cost=0.00..409314.79 rows=15224879 width=8) (actual time=0.008..19806.121 rows=15015000 loops=1)
Q9,1.0,->  Seq Scan on lineitem  (cost=0.00..1690234.36 rows=60885236 width=24) (actual time=0.025..13707.479 rows=60044793 loops=1)
Q9,1.0,->  Index Scan using pk_partsupp on partsupp  (cost=0.00..603091.29 rows=8000000 width=12) (actual time=0.023..3308.679 rows=7999393 loops=1)
Q9,1.0,->  Hash Join  (cost=66948.41..2476880.66 rows=3473898 width=28) (actual time=820.797..94101.825 rows=3266856 loops=1)
Q9,1.0,->  Hash  (cost=65522.00..65522.00 rows=114113 width=4) (actual time=820.629..820.629 rows=108855 loops=1)
Q8,1.0,->  Seq Scan on lineitem  (cost=0.00..1690234.36 rows=60885236 width=20) (actual time=0.014..14830.217 rows=59984748 loops=1)
Q8,1.0,->  Hash Join  (cost=559304.31..2633184.25 rows=25286 width=38) (actual time=18001.613..76248.559 rows=24567 loops=1)
Q8,1.0,->  Hash Join  (cost=559302.75..2632708.57 rows=25286 width=16) (actual time=18001.529..76190.078 rows=24567 loops=1)
Q8,1.0,->  Hash Join  (cost=554873.75..2627773.85 rows=25286 width=16) (actual time=17915.469..76007.777 rows=24567 loops=1)
Q8,1.0,->  Hash Join  (cost=526039.22..2557399.39 rows=3669962 width=20) (actual time=17722.651..70696.952 rows=3649835 loops=1)
Q8,1.0,->  Hash Join  (cost=2.53..58905.53 rows=300000 width=4) (actual time=0.082..869.888 rows=300270 loops=1)
Q8,1.0,->  Hash Join  (cost=162289.94..514567.90 rows=917706 width=8) (actual time=2728.362..17352.441 rows=912280 loops=1)
Q8,1.0,->  Hash  (cost=58905.53..58905.53 rows=300000 width=4) (actual time=965.930..965.930 rows=300270 loops=1)
Q8,1.0,->  Hash  (cost=514567.90..514567.90 rows=917706 width=8) (actual time=17721.697..17721.697 rows=912280 loops=1)
Q8,1.0,->  Hash  (cost=28662.27..28662.27 rows=13780 width=4) (actual time=191.250..191.250 rows=13457 loops=1)
Q8,1.0,->  Bitmap Index Scan on part_p_type_p_partkey_idx  (cost=0.00..424.06 rows=13780 width=0) (actual time=4.708..4.708 rows=13457 loops=1)
Q8,1.0,->  Bitmap Index Scan on orders_o_orderdate_o_orderkey_idx  (cost=0.00..98487.28 rows=4588528 width=0) (actual time=1624.453..1624.453 rows=4625776 loops=1)
Q8,1.0,->  Bitmap Heap Scan on part  (cost=427.51..28662.27 rows=13780 width=4) (actual time=7.160..184.571 rows=13457 loops=1)
Q8,1.0,->  Bitmap Heap Scan on orders  (cost=99634.41..425528.33 rows=4588528 width=12) (actual time=1761.970..6010.297 rows=4557232 loops=1)
Q7,1.0,->  Sort  (cost=3848708.64..3848854.90 rows=58503 width=64) (actual time=149131.162..149136.638 rows=58574 loops=1)
Q7,1.0,->  Seq Scan on orders  (cost=0.00..405283.20 rows=15074920 width=8) (actual time=0.021..7750.601 rows=15015000 loops=1)
Q7,1.0,->  Hash Join  (cost=89654.56..796436.16 rows=15074920 width=30) (actual time=1618.377..43733.175 rows=15015000 loops=1)
Q7,1.0,->  Hash Join  (cost=1377907.91..3844076.31 rows=58503 width=64) (actual time=66485.059..148846.000 rows=58574 loops=1)
Q7,1.0,->  Hash Join  (cost=1372102.35..3289072.31 rows=18296864 width=42) (actual time=66333.672..106416.895 rows=18247443 loops=1)
Q7,1.0,->  Hash  (cost=796436.16..796436.16 rows=15074920 width=30) (actual time=50559.327..50559.327 rows=15015000 loops=1)
Q7,1.0,->  Bitmap Index Scan on lineitem_l_shipdate_l_suppkey__idx  (cost=0.00..382655.47 rows=18296864 width=0) (actual time=14899.045..14899.045 rows=18320255 loops=1)
Q7,1.0,->  Bitmap Heap Scan on lineitem  (cost=387229.69..1732422.65 rows=18296864 width=20) (actual time=15757.941..33117.253 rows=18247443 loops=1)
Q6,1.0,->  Bitmap Index Scan on lineitem_l_shipdate_l_suppkey__idx  (cost=0.00..190875.29 rows=9107646 width=0) (actual time=7365.749..7365.749 rows=9115805 loops=1)
Q6,1.0,->  Bitmap Heap Scan on lineitem  (cost=191073.75..1462470.78 rows=793842 width=8) (actual time=8151.904..25391.180 rows=794234 loops=1)
Q5,1.0,->  Seq Scan on lineitem  (cost=0.00..1690234.36 rows=60885236 width=16) (actual time=0.024..13976.831 rows=59984748 loops=1)
Q5,1.0,->  Hash Join  (cost=427043.79..2477208.61 rows=73030 width=34) (actual time=10229.818..60967.890 rows=72560 loops=1)
Q5,1.0,->  Hash Join  (cost=422364.79..2435283.33 rows=1825799 width=46) (actual time=10160.808..57718.564 rows=1822161 loops=1)
Q5,1.0,->  Hash Join  (cost=2.53..58905.53 rows=300000 width=38) (actual time=0.083..910.025 rows=300963 loops=1)
Q5,1.0,->  Hash Join  (cost=112224.06..416657.83 rows=456557 width=38) (actual time=1835.926..9944.078 rows=455585 loops=1)
Q5,1.0,->  Hash  (cost=58905.53..58905.53 rows=300000 width=38) (actual time=1010.534..1010.534 rows=300963 loops=1)
Q5,1.0,->  Hash  (cost=416657.83..416657.83 rows=456557 width=38) (actual time=10159.979..10159.979 rows=455585 loops=1)
Q5,1.0,->  Bitmap Index Scan on orders_o_orderdate_o_orderkey_idx  (cost=0.00..48997.84 rows=2282784 width=0) (actual time=743.759..743.759 rows=2309697 loops=1)
Q5,1.0,->  Bitmap Heap Scan on orders  (cost=49568.53..340876.29 rows=2282784 width=8) (actual time=825.103..4638.027 rows=2275259 loops=1)
Q4,1.0,->  Bitmap Index Scan on orders_o_orderdate_o_orderkey_idx  (cost=0.00..12364.28 rows=575828 width=0) (actual time=207.157..207.157 rows=583842 loops=1)
Q4,1.0,->  Bitmap Heap Scan on orders  (cost=12508.23..278211.65 rows=575828 width=20) (actual time=278.198..3480.094 rows=575080 loops=1)
Q3,1.0,->  Seq Scan on orders  (cost=0.00..447376.99 rows=7380329 width=16) (actual time=0.015..4082.724 rows=7277197 loops=1)
Q3,1.0,->  Seq Scan on lineitem  (cost=0.00..1842447.45 rows=32861340 width=12) (actual time=0.053..16599.656 rows=32382839 loops=1)
Q3,1.0,->  Hash Join  (cost=49686.17..613259.30 rows=1471662 width=12) (actual time=391.987..11007.922 rows=1459339 loops=1)
Q3,1.0,->  Hash  (cost=613259.30..613259.30 rows=1471662 width=12) (actual time=11475.691..11475.691 rows=1459339 loops=1)
Q3,1.0,->  Hash  (cost=45947.36..45947.36 rows=299105 width=4) (actual time=391.740..391.740 rows=300276 loops=1)
Q3,1.0,->  Bitmap Index Scan on customer_c_mktsegment_c_custkey_idx  (cost=0.00..6855.77 rows=299105 width=0) (actual time=57.770..57.770 rows=300276 loops=1)
Q3,1.0,->  Bitmap Heap Scan on customer  (cost=6930.54..45947.36 rows=299105 width=4) (actual time=65.519..328.854 rows=300276 loops=1)
Q22,1.0,->  Seq Scan on orders  (cost=0.00..407703.43 rows=15164943 width=4) (actual time=0.018..5923.129 rows=15015000 loops=1)
Q22,1.0,->  Hash  (cost=407703.43..407703.43 rows=15164943 width=4) (actual time=12129.571..12129.571 rows=15015000 loops=1)
Q22,1.0,->  Hash Anti Join  (cost=600171.42..643123.44 rows=59275 width=20) (actual time=13038.743..13902.117 rows=63313 loops=1)
Q22,1.0,->  Bitmap Index Scan on customer_c_phone_idx_c_acctbal  (cost=0.00..6543.96 rows=381075 width=0) (actual time=89.318..89.318 rows=381084 loops=1)
Q22,1.0,->  Bitmap Heap Scan on customer  (cost=6639.23..51920.45 rows=381075 width=4) (actual time=98.452..756.741 rows=381084 loops=1)
Q21,1.0,->  Seq Scan on orders  (cost=0.00..446056.09 rows=7387666 width=4) (actual time=0.018..6272.382 rows=7316749 loops=1)
Q21,1.0,->  Seq Scan on lineitem l2  (cost=0.00..1685242.04 rows=60705404 width=8) (actual time=0.014..19449.903 rows=60044994 loops=1)
Q21,1.0,->  Hash Join  (cost=1.32..3595.32 rows=4000 width=30) (actual time=0.080..37.658 rows=3973 loops=1)
Q21,1.0,->  Hash  (cost=446056.09..446056.09 rows=7387666 width=4) (actual time=9253.578..9253.578 rows=7316749 loops=1)
Q21,1.0,->  Hash  (cost=3595.32..3595.32 rows=4000 width=30) (actual time=38.889..38.889 rows=3973 loops=1)
Q21,1.0,->  Hash  (cost=1685242.04..1685242.04 rows=60705404 width=8) (actual time=35138.157..35138.157 rows=60044994 loops=1)
Q2,1.0,->  Sort  (cost=465841.66..469841.66 rows=1600000 width=168) (actual time=17137.018..17331.689 rows=1604017 loops=1)
Q2,1.0,->  Index Scan using pk_part on part  (cost=0.00..102473.47 rows=7958 width=30) (actual time=0.259..2528.634 rows=8044 loops=1)
Q2,1.0,->  Hash Join  (cost=4006.53..300964.53 rows=1600000 width=168) (actual time=106.578..15477.264 rows=1604080 loops=1)
Q2,1.0,->  Hash Join  (cost=2.53..3756.53 rows=20000 width=4) (actual time=0.009..42.340 rows=20051 loops=6404)
Q2,1.0,->  Hash Join  (cost=2.53..3756.53 rows=20000 width=164) (actual time=0.088..84.282 rows=20051 loops=1)
Q2,1.0,->  Hash  (cost=3756.53..3756.53 rows=20000 width=164) (actual time=106.492..106.492 rows=20051 loops=1)
Q20,1.0,->  Index Scan using pk_part on part  (cost=0.00..97473.47 rows=22022 width=4) (actual time=0.041..1005.719 rows=21998 loops=1)
Q20,1.0,->  Hash Join  (cost=1.32..3595.32 rows=4000 width=55) (actual time=0.055..35.442 rows=3988 loops=1)
Q19,1.0,->  Hash  (cost=37515.08..37515.08 rows=10339 width=30) (actual time=275.540..275.540 rows=10370 loops=1)
Q19,1.0,->  Bitmap Index Scan on part_p_size_idx  (cost=0.00..8385.47 rows=399700 width=0) (actual time=66.154..66.154 rows=399409 loops=1)
Q19,1.0,->  Bitmap Index Scan on part_p_size_idx  (cost=0.00..4174.27 rows=198980 width=0) (actual time=43.398..43.398 rows=199678 loops=1)
Q19,1.0,->  Bitmap Index Scan on part_p_container_p_brand_p_partkey_idx  (cost=0.00..289.81 rows=8030 width=0) (actual time=4.384..4.384 rows=8100 loops=1)
Q19,1.0,->  Bitmap Index Scan on part_p_container_p_brand_p_partkey_idx  (cost=0.00..289.01 rows=7953 width=0) (actual time=3.293..3.293 rows=7912 loops=1)
Q19,1.0,->  Bitmap Index Scan on part_p_container_p_brand_p_partkey_idx  (cost=0.00..288.97 rows=7948 width=0) (actual time=4.117..4.117 rows=7975 loops=1)
Q19,1.0,->  Bitmap Heap Scan on part  (cost=13441.20..37515.08 rows=10339 width=30) (actual time=127.554..270.866 rows=10370 loops=1)
Q18,1.0,->  Seq Scan on orders  (cost=0.00..404074.68 rows=15029968 width=16) (actual time=0.022..3408.049 rows=15015000 loops=1)
Q18,1.0,->  Seq Scan on lineitem  (cost=0.00..1668608.25 rows=60106225 width=8) (actual time=0.038..15318.571 rows=60045603 loops=1)
Q18,1.0,->  Seq Scan on lineitem  (cost=0.00..1668608.25 rows=60106225 width=8) (actual time=0.013..17834.756 rows=60045603 loops=1)
Q17,1.0,->  Seq Scan on lineitem  (cost=0.00..1670268.19 rows=60166019 width=12) (actual time=0.028..18643.801 rows=60045379 loops=1)
Q17,1.0,->  Hash  (cost=6607.71..6607.71 rows=1993 width=4) (actual time=35.865..35.865 rows=2053 loops=1)
Q17,1.0,->  Bitmap Index Scan on part_p_container_p_brand_p_partkey_idx  (cost=0.00..72.67 rows=1993 width=0) (actual time=1.048..1.048 rows=2053 loops=1)
Q17,1.0,->  Bitmap Heap Scan on part  (cost=73.16..6607.71 rows=1993 width=4) (actual time=1.363..34.924 rows=2053 loops=1)
Q16,1.0,Sort  (cost=456485.29..456554.81 rows=27810 width=40) (actual time=39277.968..39280.649 rows=27839 loops=1)
Q16,1.0,->  Hash  (cost=54241.72..54241.72 rows=296635 width=40) (actual time=727.388..727.388 rows=297248 loops=1)
Q16,1.0,->  GroupAggregate  (cost=446738.47..454432.45 rows=27810 width=40) (actual time=38122.585..38944.645 rows=27839 loops=1)
Q16,1.0,->  Bitmap Index Scan on part_p_size_idx  (cost=0.00..5658.39 rows=319487 width=0) (actual time=52.756..52.756 rows=320362 loops=1)
Q16,1.0,->  Bitmap Heap Scan on part  (cost=5732.55..54241.72 rows=296635 width=40) (actual time=61.601..614.794 rows=297248 loops=1)
Q15,1.0,->  Bitmap Index Scan on lineitem_l_shipdate_l_suppkey__idx  (cost=0.00..46343.10 rows=2212027 width=0) (actual time=1877.424..1877.424 rows=2247333 loops=1)
Q15,1.0,->  Bitmap Index Scan on lineitem_l_shipdate_l_suppkey__idx  (cost=0.00..46343.10 rows=2212027 width=0) (actual time=1839.464..1839.464 rows=2247333 loops=1)
Q15,1.0,->  Bitmap Heap Scan on lineitem  (cost=46896.11..1147622.51 rows=2212027 width=12) (actual time=2497.953..8708.850 rows=2245159 loops=1)
Q15,1.0,->  Bitmap Heap Scan on lineitem  (cost=46896.11..1147622.51 rows=2212027 width=12) (actual time=2306.905..6990.844 rows=2245159 loops=1)
Q14,1.0,->  Hash Join  (cost=101756.22..1167841.87 rows=770672 width=29) (actual time=2589.073..9599.287 rows=749149 loops=1)
Q14,1.0,->  Bitmap Index Scan on lineitem_l_shipdate_l_suppkey__idx  (cost=0.00..16041.55 rows=770672 width=0) (actual time=408.483..408.483 rows=759663 loops=1)
Q14,1.0,->  Bitmap Heap Scan on lineitem  (cost=16234.22..1064979.75 rows=770672 width=12) (actual time=662.428..5488.953 rows=749149 loops=1)
Q13,1.0,->  Seq Scan on orders  (cost=0.00..445615.79 rows=15013811 width=8) (actual time=0.062..12902.231 rows=14852868 loops=1)
Q13,1.0,->  Hash Right Join  (cost=69028.00..814920.01 rows=15013811 width=8) (actual time=995.721..46472.847 rows=15352887 loops=1)
Q12,1.0,->  Seq Scan on orders  (cost=0.00..404880.36 rows=15059936 width=20) (actual time=0.025..9301.411 rows=15015000 loops=1)
Q12,1.0,->  Index Scan using lineitem_l_orderkey_idx_part2 on lineitem  (cost=0.00..375934.67 rows=289769 width=15) (actual time=0.247..14517.058 rows=311338 loops=1)
Q12,1.0,->  Hash Join  (cost=593129.56..978119.52 rows=289769 width=27) (actual time=17110.704..32589.737 rows=311338 loops=1)
Q12,1.0,->  Hash  (cost=404880.36..404880.36 rows=15059936 width=20) (actual time=17100.191..17100.191 rows=15015000 loops=1)
Q11,1.0,->  Hash Join  (cost=3645.32..317803.33 rows=320000 width=8) (actual time=43.925..4474.765 rows=320720 loops=1)
Q11,1.0,->  Hash Join  (cost=3645.32..317803.33 rows=320000 width=12) (actual time=66.763..4485.375 rows=320720 loops=1)
Q11,1.0,->  Hash Join  (cost=1.32..3595.32 rows=4000 width=4) (actual time=0.051..65.167 rows=4009 loops=1)
Q11,1.0,->  Hash Join  (cost=1.32..3595.32 rows=4000 width=4) (actual time=0.047..42.627 rows=4009 loops=1)
Q11,1.0,->  Hash  (cost=3595.32..3595.32 rows=4000 width=4) (actual time=66.691..66.691 rows=4009 loops=1)
Q11,1.0,->  Hash  (cost=3595.32..3595.32 rows=4000 width=4) (actual time=43.837..43.837 rows=4009 loops=1)
Q1,1.0,->  Seq Scan on lineitem  (cost=0.00..1822485.85 rows=59631904 width=20) (actual time=0.019..31158.544 rows=59472715 loops=1)
Q10,1.0,->  Sort  (cost=330813.93..332213.40 rows=559787 width=8) (actual time=3124.649..3257.520 rows=562023 loops=1)
Q10,1.0,->  Index Scan using lineitem_l_orderkey_idx_l_returnflag on lineitem  (cost=0.00..694625.80 rows=15028736 width=12) (actual time=0.078..12901.229 rows=14822460 loops=1)
Q10,1.0,->  Bitmap Index Scan on orders_o_orderdate_o_orderkey_idx  (cost=0.00..12019.86 rows=559787 width=0) (actual time=290.074..290.074 rows=569378 loops=1)
Q10,1.0,->  Bitmap Heap Scan on orders  (cost=12159.81..277369.62 rows=559787 width=8) (actual time=391.959..2915.802 rows=562023 loops=1)
Q19,,->  BitmapOr  (cost=13441.20..13441.20 rows=10349 width=0) (actual time=125.893..125.893 rows=0 loops=1)
Q19,,->  BitmapAnd  (cost=8680.70..8680.70 rows=1605 width=0) (actual time=72.644..72.644 rows=0 loops=1)
Q19,,->  BitmapAnd  (cost=4468.66..4468.66 rows=791 width=0) (actual time=49.458..49.458 rows=0 loops=1)
