BEGIN;
BEGIN
EXPLAIN (ANALYZE, BUFFERS)
select
	c_custkey,
	c_name,
	sum(l_extendedprice * (1 - l_discount)) as revenue,
	c_acctbal,
	n_name,
	c_address,
	c_phone,
	c_comment
from
	customer,
	orders,
	lineitem,
	nation
where
	c_custkey = o_custkey
	and l_orderkey = o_orderkey
	and o_orderdate >= date '1993-03-01'
	and o_orderdate < cast(date '1993-03-01' + interval '3 month' as date)
	and l_returnflag = 'R'
	and c_nationkey = n_nationkey
group by
	c_custkey,
	c_name,
	c_acctbal,
	c_phone,
	n_name,
	c_address,
	c_comment
order by
	revenue desc
LIMIT 20;
                                                                                                QUERY PLAN                                                                                                 
-----------------------------------------------------------------------------------------------------------------------------------------------------------------------------------------------------------
 Limit  (cost=1199874.16..1199874.21 rows=20 width=176) (actual time=22636.905..22636.910 rows=20 loops=1)
   Buffers: shared hit=224191 read=1237532
   ->  Sort  (cost=1199874.16..1201314.44 rows=576110 width=176) (actual time=22636.795..22636.797 rows=20 loops=1)
         Sort Key: (sum((lineitem.l_extendedprice * (1::double precision - lineitem.l_discount))))
         Sort Method: top-N heapsort  Memory: 30kB
         Buffers: shared hit=224191 read=1237532
         ->  HashAggregate  (cost=1178782.98..1184544.08 rows=576110 width=176) (actual time=22190.203..22493.916 rows=381926 loops=1)
               Buffers: shared hit=224188 read=1237532
               ->  Hash Join  (cost=403342.46..1164380.23 rows=576110 width=176) (actual time=4593.348..20307.561 rows=1148201 loops=1)
                     Hash Cond: (customer.c_nationkey = nation.n_nationkey)
                     Buffers: shared hit=224188 read=1237532
                     ->  Hash Join  (cost=403340.90..1156457.16 rows=576110 width=154) (actual time=4593.314..19907.592 rows=1148201 loops=1)
                           Hash Cond: (orders.o_custkey = customer.c_custkey)
                           Buffers: shared hit=224187 read=1237532
                           ->  Merge Join  (cost=334312.90..1075906.96 rows=576110 width=12) (actual time=3108.247..17333.761 rows=1148201 loops=1)
                                 Merge Cond: (orders.o_orderkey = lineitem.l_orderkey)
                                 Buffers: shared hit=224185 read=1202256
                                 ->  Sort  (cost=334311.19..335768.83 rows=583055 width=8) (actual time=3108.104..3210.497 rows=573455 loops=1)
                                       Sort Key: orders.o_orderkey
                                       Sort Method: quicksort  Memory: 51457kB
                                       Buffers: shared hit=10037 read=223053
                                       ->  Bitmap Heap Scan on orders  (cost=12662.31..278474.13 rows=583055 width=8) (actual time=259.552..2920.546 rows=573455 loops=1)
                                             Recheck Cond: ((o_orderdate >= '1993-03-01'::date) AND (o_orderdate < '1993-06-01'::date))
                                             Buffers: shared hit=10037 read=223053
                                             ->  Bitmap Index Scan on orders_o_orderdate_o_orderkey_idx  (cost=0.00..12516.55 rows=583055 width=0) (actual time=186.878..186.878 rows=581926 loops=1)
                                                   Index Cond: ((o_orderdate >= '1993-03-01'::date) AND (o_orderdate < '1993-06-01'::date))
                                                   Buffers: shared read=1663
                                 ->  Index Scan using lineitem_l_orderkey_idx_l_returnflag on lineitem  (cost=0.00..695310.59 rows=15043524 width=12) (actual time=0.081..12185.582 rows=14807467 loops=1)
                                       Buffers: shared hit=214148 read=979203
                           ->  Hash  (cost=50278.00..50278.00 rows=1500000 width=146) (actual time=1483.604..1483.604 rows=1500000 loops=1)
                                 Buckets: 262144  Batches: 1  Memory Usage: 265117kB
                                 Buffers: shared hit=2 read=35276
                                 ->  Seq Scan on customer  (cost=0.00..50278.00 rows=1500000 width=146) (actual time=0.006..703.140 rows=1500000 loops=1)
                                       Buffers: shared hit=2 read=35276
                     ->  Hash  (cost=1.25..1.25 rows=25 width=30) (actual time=0.021..0.021 rows=25 loops=1)
                           Buckets: 1024  Batches: 1  Memory Usage: 2kB
                           Buffers: shared hit=1
                           ->  Seq Scan on nation  (cost=0.00..1.25 rows=25 width=30) (actual time=0.008..0.012 rows=25 loops=1)
                                 Buffers: shared hit=1
 Total runtime: 22666.001 ms
(40 rows)

COMMIT;
COMMIT
