BEGIN;
BEGIN
EXPLAIN (ANALYZE, BUFFERS)
select
	s_name,
	s_address
from
	supplier,
	nation
where
	s_suppkey in (
		select
			distinct (ps_suppkey)
		from
			partsupp,
			part
		where
			ps_partkey=p_partkey
			and p_name like 'pale%'
			and ps_availqty > (
				select
					0.5 * sum(l_quantity)
				from
					lineitem
				where
					l_partkey = ps_partkey
					and l_suppkey = ps_suppkey
					and l_shipdate >= '1995-01-01'
					and l_shipdate < cast(date '1995-01-01' + interval '1 year' as date)
			)
	)
	and s_nationkey = n_nationkey
	and n_name = 'SAUDI ARABIA'
order by
	s_name;
                                                                                                QUERY PLAN                                                                                                 
-----------------------------------------------------------------------------------------------------------------------------------------------------------------------------------------------------------
 Sort  (cost=1128226300.48..1128226303.15 rows=1068 width=51) (actual time=331695.994..331696.120 rows=1800 loops=1)
   Sort Key: supplier.s_name
   Sort Method: quicksort  Memory: 257kB
   Buffers: shared hit=270363206 read=6150672
   ->  Hash Semi Join  (cost=1128222620.17..1128226246.76 rows=1068 width=51) (actual time=331644.923..331690.069 rows=1800 loops=1)
         Hash Cond: (supplier.s_suppkey = partsupp.ps_suppkey)
         Buffers: shared hit=270363201 read=6150672
         ->  Hash Join  (cost=1.32..3595.32 rows=4000 width=55) (actual time=0.072..41.105 rows=4010 loops=1)
               Hash Cond: (supplier.s_nationkey = nation.n_nationkey)
               Buffers: shared hit=3 read=2177
               ->  Seq Scan on supplier  (cost=0.00..3179.00 rows=100000 width=59) (actual time=0.017..27.096 rows=100000 loops=1)
                     Buffers: shared hit=2 read=2177
               ->  Hash  (cost=1.31..1.31 rows=1 width=4) (actual time=0.013..0.013 rows=1 loops=1)
                     Buckets: 1024  Batches: 1  Memory Usage: 1kB
                     Buffers: shared hit=1
                     ->  Seq Scan on nation  (cost=0.00..1.31 rows=1 width=4) (actual time=0.011..0.012 rows=1 loops=1)
                           Filter: (n_name = 'SAUDI ARABIA'::bpchar)
                           Rows Removed by Filter: 24
                           Buffers: shared hit=1
         ->  Hash  (cost=1128222285.18..1128222285.18 rows=26693 width=4) (actual time=331644.800..331644.800 rows=44908 loops=1)
               Buckets: 4096  Batches: 1  Memory Usage: 1579kB
               Buffers: shared hit=270363198 read=6148495
               ->  HashAggregate  (cost=1128221751.32..1128222018.25 rows=26693 width=4) (actual time=331618.977..331635.190 rows=44908 loops=1)
                     Buffers: shared hit=270363198 read=6148495
                     ->  Merge Join  (cost=7614.88..1128221684.59 rows=26693 width=4) (actual time=44.984..331354.640 rows=59439 loops=1)
                           Merge Cond: (part.p_partkey = partsupp.ps_partkey)
                           Buffers: shared hit=270363198 read=6148495
                           ->  Index Scan using pk_part on part  (cost=0.00..97473.47 rows=20020 width=4) (actual time=0.045..1027.587 rows=21903 loops=1)
                                 Filter: ((p_name)::text ~~ 'pale%'::text)
                                 Rows Removed by Filter: 1978097
                                 Buffers: shared hit=3525 read=43216
                           ->  Index Scan using pk_partsupp on partsupp  (cost=0.00..1128123573.20 rows=2666667 width=8) (actual time=0.574..329304.265 rows=5431877 loops=1)
                                 Filter: ((ps_availqty)::double precision > (SubPlan 1))
                                 Rows Removed by Filter: 2567841
                                 Buffers: shared hit=270359673 read=6105279
                                 SubPlan 1
                                   ->  Aggregate  (cost=140.92..140.94 rows=1 width=4) (actual time=0.040..0.040 rows=1 loops=7999718)
                                         Buffers: shared hit=270106976 read=5923781
                                         ->  Index Scan using lineitem_l_partkey_l_quantity_l_shipmode_idx on lineitem  (cost=0.00..140.92 rows=1 width=4) (actual time=0.024..0.039 rows=1 loops=7999718)
                                               Index Cond: (l_partkey = partsupp.ps_partkey)
                                               Filter: ((l_shipdate >= '1995-01-01'::date) AND (l_shipdate < '1996-01-01'::date) AND (l_suppkey = partsupp.ps_suppkey))
                                               Rows Removed by Filter: 29
                                               Buffers: shared hit=270106976 read=5923781
 Total runtime: 331697.715 ms
(44 rows)

COMMIT;
COMMIT
