Q21,1467108.0,->  Hash Semi Join  (cost=2655708.64..4805288.06 rows=1 width=38) (actual time=44902.625..89959.342 rows=1467108 loops=1)
Q3,318467.2,->  Sort  (cost=2765591.11..2773552.79 rows=3184672 width=20) (actual time=65053.383..65053.386 rows=10 loops=1)
Q18,302025.9,->  GroupAggregate  (cost=10384654.82..11215226.26 rows=30202598 width=39) (actual time=100019.202..100019.528 rows=100 loops=1)
Q21,81385.0,->  Hash Anti Join  (cost=4722949.05..6872528.49 rows=1 width=34) (actual time=99059.301..152384.416 rows=81385 loops=1)
Q18,68040.3,->  Hash Join  (cost=2191140.66..2978000.68 rows=7552474 width=39) (actual time=61892.803..73426.251 rows=111 loops=1)
Q18,68040.3,->  Hash Join  (cost=2122112.66..2757923.20 rows=7552474 width=20) (actual time=60214.275..71745.874 rows=111 loops=1)
Q18,68040.3,->  Hash  (cost=2978000.68..2978000.68 rows=7552474 width=39) (actual time=73426.841..73426.841 rows=111 loops=1)
Q18,43085.0,->  Sort  (cost=10384654.82..10460161.31 rows=30202598 width=39) (actual time=100019.185..100019.234 rows=701 loops=1)
Q21,40061.0,->  Hash Join  (cost=5255500.75..7405080.21 rows=1 width=26) (actual time=111514.703..165190.291 rows=40061 loops=1)
Q18,38870.7,->  Hash Join  (cost=3072406.60..5806405.47 rows=30202598 width=39) (actual time=73648.698..100015.267 rows=777 loops=1)
Q18,36854.2,->  Hash  (cost=2070977.40..2070977.40 rows=4090821 width=4) (actual time=60043.473..60043.473 rows=111 loops=1)
Q18,36854.2,->  HashAggregate  (cost=1978933.93..2030069.19 rows=4090821 width=8) (actual time=51776.341..60042.670 rows=111 loops=1)
Q10,28805.5,->  Sort  (cost=1199874.16..1201314.44 rows=576110 width=176) (actual time=22636.795..22636.797 rows=20 loops=1)
Q9,22201.8,->  Sort  (cost=4018778.48..4018778.84 rows=147 width=46) (actual time=7088082.871..7089170.525 rows=3263676 loops=1)
Q9,22201.8,->  Merge Join  (cost=2877408.84..3547925.53 rows=147 width=28) (actual time=103487.045..109106.715 rows=3263676 loops=1)
Q9,22201.8,->  Hash Join  (cost=3552357.93..4018773.18 rows=147 width=46) (actual time=110190.739..7067742.082 rows=3263676 loops=1)
Q9,22201.8,->  Hash Join  (cost=3552356.37..4018768.87 rows=147 width=24) (actual time=110190.667..7063281.335 rows=3263676 loops=1)
Q9,22201.8,->  Hash Join  (cost=3547927.37..4014336.93 rows=147 width=28) (actual time=110121.060..7055916.914 rows=3263676 loops=1)
Q9,22201.8,->  Hash  (cost=3547925.53..3547925.53 rows=147 width=28) (actual time=110120.846..110120.846 rows=3263676 loops=1)
Q7,14625.7,GroupAggregate  (cost=3848708.64..3850609.99 rows=58503 width=64) (actual time=148620.459..148652.441 rows=4 loops=1)
Q2,4583.0,->  Merge Join  (cost=465841.71..25710353.64 rows=1 width=190) (actual time=16989.849..271321.196 rows=4583 loops=1)
Q21,4009.0,->  HashAggregate  (cost=7405080.22..7405080.23 rows=1 width=26) (actual time=165260.877..165262.961 rows=4009 loops=1)
Q15,3730.0,->  Subquery Scan on revenue5  (cost=1189090.53..1189174.46 rows=3730 width=12) (actual time=25891.585..25900.541 rows=1 loops=1)
Q15,3730.0,->  Sort  (cost=1189395.74..1189405.06 rows=3730 width=12) (actual time=25900.582..25900.584 rows=1 loops=1)
Q15,3730.0,Merge Join  (cost=2361739.38..2366836.79 rows=3730 width=79) (actual time=25940.618..25940.622 rows=1 loops=1)
Q15,3730.0,->  HashAggregate  (cost=1189090.53..1189137.16 rows=3730 width=12) (actual time=25891.583..25900.539 rows=1 loops=1)
Q8,363.0,Sort  (cost=2633376.26..2633378.08 rows=726 width=38) (actual time=62149.976..62149.977 rows=2 loops=1)
Q8,363.0,->  HashAggregate  (cost=2633329.06..2633341.76 rows=726 width=38) (actual time=62149.923..62149.925 rows=2 loops=1)
Q21,100.0,->  Sort  (cost=7405080.24..7405080.24 rows=1 width=26) (actual time=165266.403..165266.410 rows=100 loops=1)
Q21,100.0,Limit  (cost=7405080.24..7405080.24 rows=1 width=26) (actual time=165266.405..165266.425 rows=100 loops=1)
Q2,100.0,->  Sort  (cost=25710353.65..25710353.65 rows=1 width=190) (actual time=271351.953..271351.972 rows=100 loops=1)
Q2,100.0,Limit  (cost=25710353.65..25710353.65 rows=1 width=190) (actual time=271351.956..271351.986 rows=100 loops=1)
Q11,35.3,Sort  (cost=676867.00..677667.00 rows=320000 width=12) (actual time=13199.641..13200.793 rows=9062 loops=1)
Q11,35.3,->  HashAggregate  (cost=323403.33..327403.33 rows=320000 width=12) (actual time=13095.939..13193.928 rows=9062 loops=1)
Q3,28.0,->  HashAggregate  (cost=2664924.77..2696771.49 rows=3184672 width=20) (actual time=64948.225..65032.699 rows=113533 loops=1)
Q15,26.8,->  HashAggregate  (cost=1172259.71..1172297.01 rows=3730 width=12) (actual time=9140.088..9187.603 rows=100000 loops=1)
Q3,10.5,->  Hash Join  (cost=630300.48..2617154.69 rows=3184672 width=20) (actual time=25955.065..64639.274 rows=300535 loops=1)
Q4,10.0,->  Hash  (cost=991803.43..991803.43 rows=1363607 width=4) (actual time=70131.608..70131.608 rows=13767234 loops=1)
Q4,10.0,->  HashAggregate  (cost=978167.36..991803.43 rows=1363607 width=4) (actual time=58275.350..67056.710 rows=13767234 loops=1)
Q19,6.0,->  Seq Scan on lineitem  (cost=0.00..3338050.81 rows=197544 width=16) (actual time=0.032..33751.911 rows=1199929 loops=1)
Q16,5.6,->  Index Scan using supplier_s_suppkey_idx_like on supplier  (cost=0.00..8.45 rows=10 width=4) (actual time=0.094..0.734 rows=56 loops=1)
Q5,5.0,Sort  (cost=2481355.38..2481355.44 rows=25 width=34) (actual time=58838.350..58838.351 rows=5 loops=1)
Q5,5.0,->  HashAggregate  (cost=2481354.55..2481354.80 rows=25 width=34) (actual time=58838.296..58838.298 rows=5 loops=1)
Q4,5.0,Sort  (cost=1290170.25..1290170.25 rows=1 width=16) (actual time=82321.109..82321.110 rows=5 loops=1)
Q4,5.0,->  HashAggregate  (cost=1290170.23..1290170.24 rows=1 width=16) (actual time=82320.957..82320.958 rows=5 loops=1)
Q13,4.3,Sort  (cost=926252.96..926253.46 rows=200 width=8) (actual time=70006.988..70006.991 rows=46 loops=1)
Q13,4.3,->  HashAggregate  (cost=926243.31..926245.31 rows=200 width=8) (actual time=70006.873..70006.880 rows=46 loops=1)
Q17,3.8,->  Hash Join  (cost=6675.35..10607844.31 rows=20376 width=4) (actual time=36.328..28059.192 rows=5239 loops=1)
Q4,3.3,->  Hash Join  (cost=1020983.59..1289392.00 rows=155646 width=16) (actual time=70631.926..81994.455 rows=527392 loops=1)
Q22,2.3,Sort  (cost=695499.04..695499.04 rows=3 width=20) (actual time=15983.330..15983.331 rows=7 loops=1)
Q22,2.3,->  HashAggregate  (cost=642491.50..642491.55 rows=3 width=20) (actual time=15983.245..15983.246 rows=7 loops=1)
Q20,2.2,->  Merge Join  (cost=7614.88..1128221684.59 rows=26693 width=4) (actual time=44.984..331354.640 rows=59439 loops=1)
Q2,2.0,->  Hash Join  (cost=17.03..3921.04 rows=1 width=4) (actual time=15.388..40.109 rows=2 loops=6287)
Q20,2.0,->  Index Scan using pk_partsupp on partsupp  (cost=0.00..1128123573.20 rows=2666667 width=8) (actual time=0.574..329304.265 rows=5431877 loops=1)
Q16,2.0,->  Sort  (cost=446542.51..448022.21 rows=591880 width=40) (actual time=43169.817..43411.964 rows=1186790 loops=1)
Q16,2.0,->  Hash Join  (cost=57919.38..389796.18 rows=591880 width=40) (actual time=998.394..11831.234 rows=1186790 loops=1)
Q12,2.0,Sort  (cost=994018.32..994018.33 rows=1 width=27) (actual time=24512.063..24512.064 rows=2 loops=1)
Q12,2.0,->  HashAggregate  (cost=994018.30..994018.31 rows=1 width=27) (actual time=24511.966..24511.967 rows=2 loops=1)
Q21,1.9,->  Hash Join  (cost=3645.32..1903757.91 rows=800612 width=34) (actual time=45.683..34446.680 rows=1521737 loops=1)
Q16,1.9,->  Seq Scan on partsupp  (cost=8.48..270966.48 rows=4000000 width=8) (actual time=0.803..5689.904 rows=7995520 loops=1)
Q10,1.9,->  Merge Join  (cost=334312.90..1075906.96 rows=576110 width=12) (actual time=3108.247..17333.761 rows=1148201 loops=1)
Q10,1.9,->  Hash Join  (cost=403342.46..1164380.23 rows=576110 width=176) (actual time=4593.348..20307.561 rows=1148201 loops=1)
Q10,1.9,->  Hash Join  (cost=403340.90..1156457.16 rows=576110 width=154) (actual time=4593.314..19907.592 rows=1148201 loops=1)
Q4,1.8,->  Index Scan using lineitem_l_orderkey_idx_part1 on lineitem  (cost=0.00..927979.37 rows=20075196 width=4) (actual time=0.198..28178.035 rows=37966584 loops=1)
Q21,1.8,->  Seq Scan on lineitem l3  (cost=0.00..1817049.06 rows=20015308 width=8) (actual time=0.046..28315.494 rows=37928797 loops=1)
Q21,1.8,->  Seq Scan on lineitem l1  (cost=0.00..1817049.06 rows=20015308 width=8) (actual time=0.040..24237.738 rows=37928797 loops=1)
Q21,1.8,->  Hash  (cost=1817049.06..1817049.06 rows=20015308 width=8) (actual time=54076.506..54076.506 rows=37928797 loops=1)
Q20,1.6,Sort  (cost=1128226300.48..1128226303.15 rows=1068 width=51) (actual time=331695.994..331696.120 rows=1800 loops=1)
Q20,1.6,->  Hash Semi Join  (cost=1128222620.17..1128226246.76 rows=1068 width=51) (actual time=331644.923..331690.069 rows=1800 loops=1)
Q20,1.6,->  Hash  (cost=1128222285.18..1128222285.18 rows=26693 width=4) (actual time=331644.800..331644.800 rows=44908 loops=1)
Q20,1.6,->  HashAggregate  (cost=1128221751.32..1128222018.25 rows=26693 width=4) (actual time=331618.977..331635.190 rows=44908 loops=1)
Q1,1.5,Sort  (cost=4221939.32..4221939.34 rows=6 width=20) (actual time=94334.496..94334.497 rows=4 loops=1)
Q1,1.5,->  HashAggregate  (cost=4221939.14..4221939.25 rows=6 width=20) (actual time=94334.405..94334.406 rows=4 loops=1)
Q10,1.5,->  HashAggregate  (cost=1178782.98..1184544.08 rows=576110 width=176) (actual time=22190.203..22493.916 rows=381926 loops=1)
Q22,1.3,->  Bitmap Index Scan on customer_c_phone_idx  (cost=0.00..2910.40 rows=140845 width=0) (actual time=1255.389..1255.389 rows=191006 loops=1)
Q22,1.3,->  Bitmap Heap Scan on customer  (cost=2945.61..41920.79 rows=140845 width=24) (actual time=1269.235..2043.259 rows=191006 loops=1)
Q15,1.3,->  Index Scan using pk_supplier on supplier  (cost=0.00..4791.46 rows=100000 width=71) (actual time=0.071..32.233 rows=71847 loops=1)
Q9,1.1,->  Sort  (cost=2877407.32..2886549.16 rows=3656737 width=28) (actual time=103486.848..104287.246 rows=3263676 loops=1)
Q9,1.1,->  Seq Scan on part  (cost=0.00..65522.00 rows=120119 width=4) (actual time=0.058..919.445 rows=108843 loops=1)
Q9,1.1,->  Hash Join  (cost=67023.49..2478784.12 rows=3656737 width=28) (actual time=956.940..101000.734 rows=3263676 loops=1)
Q9,1.1,->  Hash  (cost=65522.00..65522.00 rows=120119 width=4) (actual time=956.779..956.779 rows=108843 loops=1)
Q9,1.1,GroupAggregate  (cost=4018778.48..4018783.62 rows=147 width=46) (actual time=7088094.977..7091777.371 rows=175 loops=1)
Q19,1.1,->  Hash Join  (cost=37606.02..3377441.39 rows=1019 width=8) (actual time=373.024..35893.572 rows=1161 loops=1)
Q9,1.0,->  Seq Scan on orders  (cost=0.00..409314.79 rows=15224879 width=8) (actual time=0.011..16481.709 rows=15000000 loops=1)
Q9,1.0,->  Seq Scan on lineitem  (cost=0.00..1690234.36 rows=60885236 width=24) (actual time=0.026..12111.276 rows=59984748 loops=1)
Q9,1.0,->  Index Scan using pk_partsupp on partsupp  (cost=0.00..603091.29 rows=8000000 width=12) (actual time=0.027..2667.623 rows=7999945 loops=1)
Q8,1.0,->  Seq Scan on lineitem  (cost=0.00..1690234.36 rows=60885236 width=20) (actual time=0.018..11598.897 rows=59984748 loops=1)
Q8,1.0,->  Hash Join  (cost=558977.09..2632833.14 rows=24796 width=38) (actual time=13036.925..62084.014 rows=24428 loops=1)
Q8,1.0,->  Hash Join  (cost=558975.53..2632366.65 rows=24796 width=16) (actual time=13036.838..62028.253 rows=24428 loops=1)
Q8,1.0,->  Hash Join  (cost=554546.53..2627441.73 rows=24796 width=16) (actual time=12977.099..61886.594 rows=24428 loops=1)
Q8,1.0,->  Hash Join  (cost=526039.22..2557399.39 rows=3669962 width=20) (actual time=12791.363..57096.917 rows=3649835 loops=1)
Q8,1.0,->  Hash Join  (cost=2.53..58905.53 rows=300000 width=4) (actual time=0.083..670.105 rows=300270 loops=1)
Q8,1.0,->  Hash Join  (cost=162289.94..514567.90 rows=917706 width=8) (actual time=2217.904..12471.935 rows=912280 loops=1)
Q8,1.0,->  Hash  (cost=58905.53..58905.53 rows=300000 width=4) (actual time=743.399..743.399 rows=300270 loops=1)
Q8,1.0,->  Hash  (cost=514567.90..514567.90 rows=917706 width=8) (actual time=12789.586..12789.586 rows=912280 loops=1)
Q8,1.0,->  Hash  (cost=28338.39..28338.39 rows=13513 width=4) (actual time=185.485..185.485 rows=13437 loops=1)
Q8,1.0,->  Bitmap Index Scan on part_p_type_p_partkey_idx  (cost=0.00..414.06 rows=13513 width=0) (actual time=4.744..4.744 rows=13437 loops=1)
Q8,1.0,->  Bitmap Index Scan on orders_o_orderdate_o_orderkey_idx  (cost=0.00..98487.28 rows=4588528 width=0) (actual time=1392.492..1392.492 rows=4625776 loops=1)
Q8,1.0,->  Bitmap Heap Scan on part  (cost=417.44..28338.39 rows=13513 width=4) (actual time=6.893..179.793 rows=13437 loops=1)
Q8,1.0,->  Bitmap Heap Scan on orders  (cost=99634.41..425528.33 rows=4588528 width=12) (actual time=1474.279..4283.554 rows=4557232 loops=1)
Q7,1.0,->  Sort  (cost=3848708.64..3848854.90 rows=58503 width=64) (actual time=148609.770..148619.317 rows=58953 loops=1)
Q7,1.0,->  Seq Scan on orders  (cost=0.00..405283.20 rows=15074920 width=8) (actual time=0.016..7642.956 rows=15015000 loops=1)
Q7,1.0,->  Hash Join  (cost=89654.56..796436.16 rows=15074920 width=30) (actual time=2825.768..45983.713 rows=15015000 loops=1)
Q7,1.0,->  Hash Join  (cost=1377907.91..3844076.31 rows=58503 width=64) (actual time=68015.665..148257.612 rows=58953 loops=1)
Q7,1.0,->  Hash Join  (cost=1372102.35..3289072.31 rows=18296864 width=42) (actual time=67905.254..107065.575 rows=18247443 loops=1)
Q7,1.0,->  Hash  (cost=796436.16..796436.16 rows=15074920 width=30) (actual time=53150.302..53150.302 rows=15015000 loops=1)
Q7,1.0,->  Bitmap Index Scan on lineitem_l_shipdate_l_suppkey__idx  (cost=0.00..382655.47 rows=18296864 width=0) (actual time=14040.617..14040.617 rows=18320255 loops=1)
Q7,1.0,->  Bitmap Heap Scan on lineitem  (cost=387229.69..1732422.65 rows=18296864 width=20) (actual time=14737.757..31155.908 rows=18247443 loops=1)
Q6,1.0,->  Bitmap Index Scan on lineitem_l_shipdate_l_suppkey__idx  (cost=0.00..190127.59 rows=9086876 width=0) (actual time=7366.600..7366.600 rows=9140561 loops=1)
Q6,1.0,->  Bitmap Heap Scan on lineitem  (cost=190318.30..1464610.01 rows=762852 width=8) (actual time=7959.243..22236.853 rows=759771 loops=1)
Q5,1.0,->  Seq Scan on lineitem  (cost=0.00..1690234.36 rows=60885236 width=16) (actual time=0.032..11921.659 rows=59984748 loops=1)
Q5,1.0,->  Hash Join  (cost=429251.06..2480608.55 rows=74600 width=34) (actual time=8915.332..58749.805 rows=73180 loops=1)
Q5,1.0,->  Hash Join  (cost=424572.06..2437882.91 rows=1865032 width=46) (actual time=8851.841..55961.585 rows=1828392 loops=1)
Q5,1.0,->  Hash Join  (cost=2.53..58905.53 rows=300000 width=38) (actual time=0.091..795.671 rows=300963 loops=1)
Q5,1.0,->  Hash Join  (cost=113290.86..418742.47 rows=466367 width=38) (actual time=1655.545..8628.341 rows=456880 loops=1)
Q5,1.0,->  Hash  (cost=58905.53..58905.53 rows=300000 width=38) (actual time=901.120..901.120 rows=300963 loops=1)
Q5,1.0,->  Hash  (cost=418742.47..418742.47 rows=466367 width=38) (actual time=8851.318..8851.318 rows=456880 loops=1)
Q5,1.0,->  Bitmap Index Scan on orders_o_orderdate_o_orderkey_idx  (cost=0.00..50052.37 rows=2331837 width=0) (actual time=675.273..675.273 rows=2310036 loops=1)
Q5,1.0,->  Bitmap Heap Scan on orders  (cost=50635.32..342678.88 rows=2331837 width=8) (actual time=754.138..3443.714 rows=2275625 loops=1)
Q4,1.0,->  Bitmap Index Scan on orders_o_orderdate_o_orderkey_idx  (cost=0.00..11991.83 rows=572993 width=0) (actual time=389.333..389.333 rows=576673 loops=1)
Q4,1.0,->  Bitmap Heap Scan on orders  (cost=12135.07..275010.97 rows=572993 width=20) (actual time=498.132..4525.635 rows=574943 loops=1)
Q3,1.0,->  Seq Scan on orders  (cost=0.00..445175.49 rows=7409313 width=16) (actual time=0.016..6668.830 rows=7347302 loops=1)
Q3,1.0,->  Seq Scan on lineitem  (cost=0.00..1833356.02 rows=32440391 width=12) (actual time=0.042..21619.774 rows=32163798 loops=1)
Q3,1.0,->  Hash Join  (cost=49783.34..611709.59 rows=1487271 width=12) (actual time=1000.640..25268.452 rows=1469166 loops=1)
Q3,1.0,->  Hash  (cost=611709.59..611709.59 rows=1487271 width=12) (actual time=25952.705..25952.705 rows=1469166 loops=1)
Q3,1.0,->  Hash  (cost=46019.65..46019.65 rows=301095 width=4) (actual time=1000.374..1000.374 rows=300441 loops=1)
Q3,1.0,->  Bitmap Index Scan on customer_c_mktsegment_c_custkey_idx  (cost=0.00..6902.69 rows=301095 width=0) (actual time=75.921..75.921 rows=300441 loops=1)
Q3,1.0,->  Bitmap Heap Scan on customer  (cost=6977.97..46019.65 rows=301095 width=4) (actual time=85.396..889.341 rows=300441 loops=1)
Q22,1.0,->  Seq Scan on orders  (cost=0.00..406897.75 rows=15134975 width=4) (actual time=0.035..7385.485 rows=15015000 loops=1)
Q22,1.0,->  Hash  (cost=406897.75..406897.75 rows=15134975 width=4) (actual time=13604.966..13604.966 rows=15015000 loops=1)
Q22,1.0,->  Hash Anti Join  (cost=599030.54..642043.42 rows=59745 width=20) (actual time=14885.730..15948.523 rows=63607 loops=1)
Q22,1.0,->  Bitmap Index Scan on customer_c_phone_idx_c_acctbal  (cost=0.00..6590.64 rows=384097 width=0) (actual time=175.160..175.160 rows=381658 loops=1)
Q22,1.0,->  Bitmap Heap Scan on customer  (cost=6686.66..52047.21 rows=384097 width=4) (actual time=190.905..1059.441 rows=381658 loops=1)
Q21,1.0,->  Seq Scan on orders  (cost=0.00..441209.30 rows=7307392 width=4) (actual time=0.015..6820.933 rows=7309388 loops=1)
Q21,1.0,->  Seq Scan on lineitem l2  (cost=0.00..1666934.25 rows=60045925 width=8) (actual time=0.018..22876.541 rows=59985329 loops=1)
Q21,1.0,->  Hash Join  (cost=1.32..3595.32 rows=4000 width=30) (actual time=0.083..44.319 rows=4009 loops=1)
Q21,1.0,->  Hash  (cost=441209.30..441209.30 rows=7307392 width=4) (actual time=12445.778..12445.778 rows=7309388 loops=1)
Q21,1.0,->  Hash  (cost=3595.32..3595.32 rows=4000 width=30) (actual time=45.552..45.552 rows=4009 loops=1)
Q21,1.0,->  Hash  (cost=1666934.25..1666934.25 rows=60045925 width=8) (actual time=44724.559..44724.559 rows=59985329 loops=1)
Q2,1.0,->  Sort  (cost=465841.66..469841.66 rows=1600000 width=168) (actual time=16905.606..17109.545 rows=1602407 loops=1)
Q2,1.0,->  Index Scan using pk_part on part  (cost=0.00..102473.47 rows=8013 width=30) (actual time=0.114..1456.102 rows=7855 loops=1)
Q2,1.0,->  Hash Join  (cost=4006.53..300964.53 rows=1600000 width=168) (actual time=88.118..15278.185 rows=1602640 loops=1)
Q2,1.0,->  Hash Join  (cost=2.53..3756.53 rows=20000 width=4) (actual time=0.010..37.986 rows=20033 loops=6287)
Q2,1.0,->  Hash Join  (cost=2.53..3756.53 rows=20000 width=164) (actual time=0.069..71.169 rows=20033 loops=1)
Q2,1.0,->  Hash  (cost=3756.53..3756.53 rows=20000 width=164) (actual time=88.063..88.063 rows=20033 loops=1)
Q20,1.0,->  Index Scan using pk_part on part  (cost=0.00..97473.47 rows=20020 width=4) (actual time=0.045..1027.587 rows=21903 loops=1)
Q20,1.0,->  Hash Join  (cost=1.32..3595.32 rows=4000 width=55) (actual time=0.072..41.105 rows=4010 loops=1)
Q19,1.0,->  Hash  (cost=37477.10..37477.10 rows=10314 width=30) (actual time=339.440..339.440 rows=10593 loops=1)
Q19,1.0,->  Bitmap Index Scan on part_p_size_idx  (cost=0.00..8385.47 rows=399700 width=0) (actual time=82.748..82.748 rows=399409 loops=1)
Q19,1.0,->  Bitmap Index Scan on part_p_size_idx  (cost=0.00..4174.27 rows=198980 width=0) (actual time=51.162..51.162 rows=199678 loops=1)
Q19,1.0,->  Bitmap Index Scan on part_p_container_p_brand_p_partkey_idx  (cost=0.00..290.05 rows=8057 width=0) (actual time=4.100..4.100 rows=8186 loops=1)
Q19,1.0,->  Bitmap Index Scan on part_p_container_p_brand_p_partkey_idx  (cost=0.00..289.41 rows=7994 width=0) (actual time=4.271..4.271 rows=7865 loops=1)
Q19,1.0,->  Bitmap Index Scan on part_p_container_p_brand_p_partkey_idx  (cost=0.00..288.69 rows=7919 width=0) (actual time=3.686..3.686 rows=8175 loops=1)
Q19,1.0,->  Bitmap Heap Scan on part  (cost=13441.53..37477.10 rows=10314 width=30) (actual time=152.722..333.649 rows=10593 loops=1)
Q18,1.0,->  Seq Scan on orders  (cost=0.00..406090.48 rows=15104948 width=16) (actual time=0.021..6178.254 rows=15000000 loops=1)
Q18,1.0,->  Seq Scan on lineitem  (cost=0.00..1676907.95 rows=60405195 width=8) (actual time=0.651..15227.031 rows=59984909 loops=1)
Q18,1.0,->  Seq Scan on lineitem  (cost=0.00..1676907.95 rows=60405195 width=8) (actual time=0.011..18003.829 rows=59984909 loops=1)
Q17,1.0,->  Seq Scan on lineitem  (cost=0.00..1690234.36 rows=60885236 width=12) (actual time=0.018..12835.634 rows=59984748 loops=1)
Q17,1.0,->  Hash  (cost=6650.25..6650.25 rows=2008 width=4) (actual time=30.996..30.996 rows=1946 loops=1)
Q17,1.0,->  Bitmap Index Scan on part_p_container_p_brand_p_partkey_idx  (cost=0.00..72.82 rows=2008 width=0) (actual time=0.911..0.911 rows=1946 loops=1)
Q17,1.0,->  Bitmap Heap Scan on part  (cost=73.32..6650.25 rows=2008 width=4) (actual time=1.226..30.210 rows=1946 loops=1)
Q16,1.0,Sort  (cost=456266.03..456335.39 rows=27745 width=40) (actual time=44366.282..44370.333 rows=27837 loops=1)
Q16,1.0,->  Hash  (cost=54211.65..54211.65 rows=295940 width=40) (actual time=997.366..997.366 rows=296859 loops=1)
Q16,1.0,->  GroupAggregate  (cost=446542.51..454218.46 rows=27745 width=40) (actual time=43169.923..43993.591 rows=27837 loops=1)
Q16,1.0,->  Bitmap Index Scan on part_p_size_idx  (cost=0.00..5651.49 rows=318567 width=0) (actual time=73.696..73.696 rows=319832 loops=1)
Q16,1.0,->  Bitmap Heap Scan on part  (cost=5725.47..54211.65 rows=295940 width=40) (actual time=83.991..862.363 rows=296859 loops=1)
Q15,1.0,->  Bitmap Index Scan on lineitem_l_shipdate_l_suppkey__idx  (cost=0.00..46987.93 rows=2244110 width=0) (actual time=1716.750..1716.750 rows=2250414 loops=1)
Q15,1.0,->  Bitmap Index Scan on lineitem_l_shipdate_l_suppkey__idx  (cost=0.00..46987.93 rows=2244110 width=0) (actual time=1331.215..1331.215 rows=2252557 loops=1)
Q15,1.0,->  Bitmap Heap Scan on lineitem  (cost=47548.96..1149818.61 rows=2244110 width=12) (actual time=2092.139..12983.310 rows=2243951 loops=1)
Q15,1.0,->  Bitmap Heap Scan on lineitem  (cost=47548.96..1149818.61 rows=2244110 width=12) (actual time=1651.354..6262.841 rows=2243951 loops=1)
Q14,1.0,->  Hash Join  (cost=101910.93..1165803.67 rows=775620 width=29) (actual time=2626.085..8664.802 rows=773675 loops=1)
Q14,1.0,->  Bitmap Index Scan on lineitem_l_shipdate_l_suppkey__idx  (cost=0.00..16195.03 rows=775620 width=0) (actual time=438.777..438.777 rows=779679 loops=1)
Q14,1.0,->  Bitmap Heap Scan on lineitem  (cost=16388.93..1062830.22 rows=775620 width=12) (actual time=607.411..4391.779 rows=773675 loops=1)
Q13,1.0,->  Seq Scan on orders  (cost=0.00..444735.19 rows=14999205 width=8) (actual time=0.043..15535.004 rows=14853762 loops=1)
Q13,1.0,->  Hash Right Join  (cost=69028.00..813747.29 rows=14999205 width=8) (actual time=1648.405..51189.838 rows=15353784 loops=1)
Q12,1.0,->  Seq Scan on orders  (cost=0.00..409314.79 rows=15224879 width=20) (actual time=0.018..5558.898 rows=15000000 loops=1)
Q12,1.0,->  Index Scan using lineitem_l_orderkey_idx_part2 on lineitem  (cost=0.00..380052.28 rows=294159 width=15) (actual time=0.147..11739.231 rows=312221 loops=1)
Q12,1.0,->  Hash Join  (cost=599625.78..988870.52 rows=294159 width=27) (actual time=11748.691..24202.980 rows=312221 loops=1)
Q12,1.0,->  Hash  (cost=409314.79..409314.79 rows=15224879 width=20) (actual time=11734.639..11734.639 rows=15000000 loops=1)
Q11,1.0,->  Hash Join  (cost=3645.32..317803.33 rows=320000 width=8) (actual time=32.606..6135.487 rows=321680 loops=1)
Q11,1.0,->  Hash Join  (cost=3645.32..317803.33 rows=320000 width=12) (actual time=79.344..6449.964 rows=321680 loops=1)
Q11,1.0,->  Hash Join  (cost=1.32..3595.32 rows=4000 width=4) (actual time=0.065..31.287 rows=4021 loops=1)
Q11,1.0,->  Hash Join  (cost=1.32..3595.32 rows=4000 width=4) (actual time=0.064..77.178 rows=4021 loops=1)
Q11,1.0,->  Hash  (cost=3595.32..3595.32 rows=4000 width=4) (actual time=79.258..79.258 rows=4021 loops=1)
Q11,1.0,->  Hash  (cost=3595.32..3595.32 rows=4000 width=4) (actual time=32.510..32.510 rows=4021 loops=1)
Q1,1.0,->  Seq Scan on lineitem  (cost=0.00..1835185.90 rows=59668831 width=20) (actual time=0.025..27101.065 rows=59105480 loops=1)
Q10,1.0,->  Sort  (cost=334311.19..335768.83 rows=583055 width=8) (actual time=3108.104..3210.497 rows=573455 loops=1)
Q10,1.0,->  Index Scan using lineitem_l_orderkey_idx_l_returnflag on lineitem  (cost=0.00..695310.59 rows=15043524 width=12) (actual time=0.081..12185.582 rows=14807467 loops=1)
Q10,1.0,->  Bitmap Index Scan on orders_o_orderdate_o_orderkey_idx  (cost=0.00..12516.55 rows=583055 width=0) (actual time=186.878..186.878 rows=581926 loops=1)
Q10,1.0,->  Bitmap Heap Scan on orders  (cost=12662.31..278474.13 rows=583055 width=8) (actual time=259.552..2920.546 rows=573455 loops=1)
Q19,,->  BitmapOr  (cost=13441.53..13441.53 rows=10324 width=0) (actual time=150.819..150.819 rows=0 loops=1)
Q19,,->  BitmapAnd  (cost=8680.92..8680.92 rows=1610 width=0) (actual time=89.140..89.140 rows=0 loops=1)
Q19,,->  BitmapAnd  (cost=4469.08..4469.08 rows=795 width=0) (actual time=57.695..57.695 rows=0 loops=1)
