BEGIN;
BEGIN
EXPLAIN (ANALYZE, BUFFERS)
select
	c_custkey,
	c_name,
	sum(l_extendedprice * (1 - l_discount)) as revenue,
	c_acctbal,
	n_name,
	c_address,
	c_phone,
	c_comment
from
	customer,
	orders,
	lineitem,
	nation
where
	c_custkey = o_custkey
	and l_orderkey = o_orderkey
	and o_orderdate >= date '1993-07-01'
	and o_orderdate < cast(date '1993-07-01' + interval '3 month' as date)
	and l_returnflag = 'R'
	and c_nationkey = n_nationkey
group by
	c_custkey,
	c_name,
	c_acctbal,
	c_phone,
	n_name,
	c_address,
	c_comment
order by
	revenue desc
LIMIT 20;
                                                                                                QUERY PLAN                                                                                                 
-----------------------------------------------------------------------------------------------------------------------------------------------------------------------------------------------------------
 Limit  (cost=1197993.40..1197993.45 rows=20 width=176) (actual time=22171.116..22171.124 rows=20 loops=1)
   Buffers: shared hit=1045630 read=412233
   ->  Sort  (cost=1197993.40..1199414.97 rows=568628 width=176) (actual time=22171.113..22171.116 rows=20 loops=1)
         Sort Key: (sum((lineitem.l_extendedprice * (1::double precision - lineitem.l_discount))))
         Sort Method: top-N heapsort  Memory: 30kB
         Buffers: shared hit=1045630 read=412233
         ->  HashAggregate  (cost=1177176.14..1182862.42 rows=568628 width=176) (actual time=21736.050..22031.020 rows=381623 loops=1)
               Buffers: shared hit=1045627 read=412233
               ->  Hash Join  (cost=402287.86..1162960.44 rows=568628 width=176) (actual time=4613.983..19773.058 rows=1147298 loops=1)
                     Hash Cond: (customer.c_nationkey = nation.n_nationkey)
                     Buffers: shared hit=1045627 read=412233
                     ->  Hash Join  (cost=402286.30..1155140.24 rows=568628 width=154) (actual time=4613.950..19376.303 rows=1147298 loops=1)
                           Hash Cond: (orders.o_custkey = customer.c_custkey)
                           Buffers: shared hit=1045626 read=412233
                           ->  Merge Join  (cost=333258.30..1074739.68 rows=568628 width=12) (actual time=3243.073..16149.872 rows=1147298 loops=1)
                                 Merge Cond: (orders.o_orderkey = lineitem.l_orderkey)
                                 Buffers: shared hit=1010456 read=412125
                                 ->  Sort  (cost=333256.59..334695.30 rows=575483 width=8) (actual time=3242.918..3352.885 rows=573853 loops=1)
                                       Sort Key: orders.o_orderkey
                                       Sort Method: quicksort  Memory: 51476kB
                                       Buffers: shared hit=354 read=232749
                                       ->  Bitmap Heap Scan on orders  (cost=12500.70..278198.94 rows=575483 width=8) (actual time=327.156..3040.705 rows=573853 loops=1)
                                             Recheck Cond: ((o_orderdate >= '1993-07-01'::date) AND (o_orderdate < '1993-10-01'::date))
                                             Buffers: shared hit=354 read=232749
                                             ->  Bitmap Index Scan on orders_o_orderdate_o_orderkey_idx  (cost=0.00..12356.83 rows=575483 width=0) (actual time=235.396..235.396 rows=582175 loops=1)
                                                   Index Cond: ((o_orderdate >= '1993-07-01'::date) AND (o_orderdate < '1993-10-01'::date))
                                                   Buffers: shared read=1669
                                 ->  Index Scan using lineitem_l_orderkey_idx_l_returnflag on lineitem  (cost=0.00..695310.59 rows=15043524 width=12) (actual time=0.100..10813.193 rows=14807478 loops=1)
                                       Buffers: shared hit=1010102 read=179376
                           ->  Hash  (cost=50278.00..50278.00 rows=1500000 width=146) (actual time=1369.230..1369.230 rows=1500000 loops=1)
                                 Buckets: 262144  Batches: 1  Memory Usage: 265117kB
                                 Buffers: shared hit=35170 read=108
                                 ->  Seq Scan on customer  (cost=0.00..50278.00 rows=1500000 width=146) (actual time=0.011..588.406 rows=1500000 loops=1)
                                       Buffers: shared hit=35170 read=108
                     ->  Hash  (cost=1.25..1.25 rows=25 width=30) (actual time=0.018..0.018 rows=25 loops=1)
                           Buckets: 1024  Batches: 1  Memory Usage: 2kB
                           Buffers: shared hit=1
                           ->  Seq Scan on nation  (cost=0.00..1.25 rows=25 width=30) (actual time=0.006..0.009 rows=25 loops=1)
                                 Buffers: shared hit=1
 Total runtime: 22320.708 ms
(40 rows)

COMMIT;
COMMIT
