BEGIN;
BEGIN
EXPLAIN (ANALYZE, BUFFERS)
select
	sum(l_extendedprice* (1 - l_discount)) as revenue
from
	lineitem,
	part
where
	(
		p_partkey = l_partkey
		and p_brand = 'Brand#55'
		and p_container in ('SM CASE', 'SM BOX', 'SM PACK', 'SM PKG')
		and l_quantity >= 1 and l_quantity <= 1+10
		and p_size between 1 and 5
		and l_shipmode in ('AIR', 'AIR REG')
		and l_shipinstruct = 'DELIVER IN PERSON'
	)
	or
	(
		p_partkey = l_partkey
		and p_brand = 'Brand#33'
		and p_container in ('MED BAG', 'MED BOX', 'MED PKG', 'MED PACK')
		and l_quantity >= 14 and l_quantity <= 14+10
		and p_size between 1 and 10
		and l_shipmode in ('AIR', 'AIR REG')
		and l_shipinstruct = 'DELIVER IN PERSON'
	)
	or
	(
		p_partkey = l_partkey
		and p_brand = 'Brand#55'
		and p_container in ('LG CASE', 'LG BOX', 'LG PACK', 'LG PKG')
		and l_quantity >= 30 and l_quantity <= 30+10
		and p_size between 1 and 15
		and l_shipmode in ('AIR', 'AIR REG')
		and l_shipinstruct = 'DELIVER IN PERSON'
	);
                                                                                                                                                                                                                                                                                                                                                                                          QUERY PLAN                                                                                                                                                                                                                                                                                                                                                                                          
----------------------------------------------------------------------------------------------------------------------------------------------------------------------------------------------------------------------------------------------------------------------------------------------------------------------------------------------------------------------------------------------------------------------------------------------------------------------------------------------------------------------------------------------------------------------------------------------------------------------------------------------------------------------------------------------------------------------------------------------------------------------------------------------
 Aggregate  (cost=3357591.84..3357591.85 rows=1 width=8) (actual time=37592.085..37592.085 rows=1 loops=1)
   Buffers: shared hit=871988 read=205394 dirtied=1 written=18
   ->  Hash Join  (cost=37609.72..3357584.23 rows=1015 width=8) (actual time=417.094..37586.944 rows=1180 loops=1)
         Hash Cond: (lineitem.l_partkey = part.p_partkey)
         Join Filter: (((part.p_brand = 'Brand#55'::bpchar) AND (part.p_container = ANY ('{"SM CASE","SM BOX","SM PACK","SM PKG"}'::bpchar[])) AND (lineitem.l_quantity >= 1::double precision) AND (lineitem.l_quantity <= 11::double precision) AND (part.p_size <= 5)) OR ((part.p_brand = 'Brand#33'::bpchar) AND (part.p_container = ANY ('{"MED BAG","MED BOX","MED PKG","MED PACK"}'::bpchar[])) AND (lineitem.l_quantity >= 14::double precision) AND (lineitem.l_quantity <= 24::double precision) AND (part.p_size <= 10)) OR ((part.p_brand = 'Brand#55'::bpchar) AND (part.p_container = ANY ('{"LG CASE","LG BOX","LG PACK","LG PKG"}'::bpchar[])) AND (lineitem.l_quantity >= 30::double precision) AND (lineitem.l_quantity <= 40::double precision) AND (part.p_size <= 15)))
         Rows Removed by Join Filter: 6177
         Buffers: shared hit=871988 read=205394 dirtied=1 written=18
         ->  Seq Scan on lineitem  (cost=0.00..3318197.19 rows=196743 width=16) (actual time=0.033..34906.264 rows=1413220 loops=1)
               Filter: ((l_shipmode = ANY ('{AIR,"AIR REG"}'::bpchar[])) AND (l_shipinstruct = 'DELIVER IN PERSON'::bpchar) AND (((l_quantity >= 1::double precision) AND (l_quantity <= 11::double precision) AND (l_shipmode = ANY ('{AIR,"AIR REG"}'::bpchar[]))) OR ((l_quantity >= 14::double precision) AND (l_quantity <= 24::double precision) AND (l_shipmode = ANY ('{AIR,"AIR REG"}'::bpchar[]))) OR ((l_quantity >= 30::double precision) AND (l_quantity <= 40::double precision) AND (l_shipmode = ANY ('{AIR,"AIR REG"}'::bpchar[])))))
               Rows Removed by Filter: 58572109
               Buffers: shared hit=866986 read=199489 dirtied=1 written=18
         ->  Hash  (cost=37480.76..37480.76 rows=10317 width=30) (actual time=383.982..383.982 rows=10306 loops=1)
               Buckets: 2048  Batches: 1  Memory Usage: 645kB
               Buffers: shared hit=4999 read=5905
               ->  Bitmap Heap Scan on part  (cost=13441.33..37480.76 rows=10317 width=30) (actual time=234.671..374.683 rows=10306 loops=1)
                     Recheck Cond: (((p_container = ANY ('{"SM CASE","SM BOX","SM PACK","SM PKG"}'::bpchar[])) AND (p_brand = 'Brand#55'::bpchar) AND (p_size <= 5) AND (p_size >= 1)) OR ((p_container = ANY ('{"MED BAG","MED BOX","MED PKG","MED PACK"}'::bpchar[])) AND (p_brand = 'Brand#33'::bpchar) AND (p_size <= 10) AND (p_size >= 1)) OR ((p_container = ANY ('{"LG CASE","LG BOX","LG PACK","LG PKG"}'::bpchar[])) AND (p_brand = 'Brand#55'::bpchar)))
                     Filter: (p_size >= 1)
                     Buffers: shared hit=4999 read=5905
                     ->  BitmapOr  (cost=13441.33..13441.33 rows=10327 width=0) (actual time=231.955..231.955 rows=0 loops=1)
                           Buffers: shared hit=559 read=1267
                           ->  BitmapAnd  (cost=4468.29..4468.29 rows=787 width=0) (actual time=70.810..70.810 rows=0 loops=1)
                                 Buffers: shared hit=3 read=608
                                 ->  Bitmap Index Scan on part_p_container_p_brand_p_partkey_idx  (cost=0.00..288.61 rows=7912 width=0) (actual time=4.073..4.073 rows=8101 loops=1)
                                       Index Cond: ((p_container = ANY ('{"SM CASE","SM BOX","SM PACK","SM PKG"}'::bpchar[])) AND (p_brand = 'Brand#55'::bpchar))
                                       Buffers: shared hit=3 read=59
                                 ->  Bitmap Index Scan on part_p_size_idx  (cost=0.00..4174.27 rows=198980 width=0) (actual time=63.412..63.412 rows=199678 loops=1)
                                       Index Cond: ((p_size <= 5) AND (p_size >= 1))
                                       Buffers: shared read=549
                           ->  BitmapAnd  (cost=8681.53..8681.53 rows=1622 width=0) (actual time=154.769..154.769 rows=0 loops=1)
                                 Buffers: shared hit=552 read=603
                                 ->  Bitmap Index Scan on part_p_container_p_brand_p_partkey_idx  (cost=0.00..290.65 rows=8117 width=0) (actual time=3.925..3.925 rows=8090 loops=1)
                                       Index Cond: ((p_container = ANY ('{"MED BAG","MED BOX","MED PKG","MED PACK"}'::bpchar[])) AND (p_brand = 'Brand#33'::bpchar))
                                       Buffers: shared hit=4 read=57
                                 ->  Bitmap Index Scan on part_p_size_idx  (cost=0.00..8385.47 rows=399700 width=0) (actual time=144.301..144.301 rows=399409 loops=1)
                                       Index Cond: ((p_size <= 10) AND (p_size >= 1))
                                       Buffers: shared hit=548 read=546
                           ->  Bitmap Index Scan on part_p_container_p_brand_p_partkey_idx  (cost=0.00..288.69 rows=7918 width=0) (actual time=5.645..5.645 rows=7979 loops=1)
                                 Index Cond: ((p_container = ANY ('{"LG CASE","LG BOX","LG PACK","LG PKG"}'::bpchar[])) AND (p_brand = 'Brand#55'::bpchar))
                                 Buffers: shared hit=4 read=56
 Total runtime: 37592.601 ms
(40 rows)

COMMIT;
COMMIT
