BEGIN;
BEGIN
EXPLAIN (ANALYZE, BUFFERS)
select
	s_name,
	s_address
from
	supplier,
	nation
where
	s_suppkey in (
		select
			distinct (ps_suppkey)
		from
			partsupp,
			part
		where
			ps_partkey=p_partkey
			and p_name like 'tan%'
			and ps_availqty > (
				select
					0.5 * sum(l_quantity)
				from
					lineitem
				where
					l_partkey = ps_partkey
					and l_suppkey = ps_suppkey
					and l_shipdate >= '1995-01-01'
					and l_shipdate < cast(date '1995-01-01' + interval '1 year' as date)
			)
	)
	and s_nationkey = n_nationkey
	and n_name = 'KENYA'
order by
	s_name;
                                                                                                QUERY PLAN                                                                                                 
-----------------------------------------------------------------------------------------------------------------------------------------------------------------------------------------------------------
 Sort  (cost=1128226433.74..1128226436.68 rows=1175 width=51) (actual time=328961.474..328961.562 rows=1820 loops=1)
   Sort Key: supplier.s_name
   Sort Method: quicksort  Memory: 262kB
   Buffers: shared hit=272300908 read=3968549
   ->  Hash Semi Join  (cost=1128222745.32..1128226373.83 rows=1175 width=51) (actual time=328919.104..328953.404 rows=1820 loops=1)
         Hash Cond: (supplier.s_suppkey = partsupp.ps_suppkey)
         Buffers: shared hit=272300903 read=3968549
         ->  Hash Join  (cost=1.32..3595.32 rows=4000 width=55) (actual time=0.053..30.588 rows=4044 loops=1)
               Hash Cond: (supplier.s_nationkey = nation.n_nationkey)
               Buffers: shared hit=2180
               ->  Seq Scan on supplier  (cost=0.00..3179.00 rows=100000 width=59) (actual time=0.028..16.022 rows=100000 loops=1)
                     Buffers: shared hit=2179
               ->  Hash  (cost=1.31..1.31 rows=1 width=4) (actual time=0.013..0.013 rows=1 loops=1)
                     Buckets: 1024  Batches: 1  Memory Usage: 1kB
                     Buffers: shared hit=1
                     ->  Seq Scan on nation  (cost=0.00..1.31 rows=1 width=4) (actual time=0.010..0.012 rows=1 loops=1)
                           Filter: (n_name = 'KENYA'::bpchar)
                           Rows Removed by Filter: 24
                           Buffers: shared hit=1
         ->  Hash  (cost=1128222376.96..1128222376.96 rows=29363 width=4) (actual time=328918.979..328918.979 rows=44630 loops=1)
               Buckets: 4096  Batches: 1  Memory Usage: 1570kB
               Buffers: shared hit=272298723 read=3968549
               ->  HashAggregate  (cost=1128221789.70..1128222083.33 rows=29363 width=4) (actual time=328891.578..328909.957 rows=44630 loops=1)
                     Buffers: shared hit=272298723 read=3968549
                     ->  Merge Join  (cost=7614.88..1128221716.29 rows=29363 width=4) (actual time=27.223..328630.416 rows=58998 loops=1)
                           Merge Cond: (part.p_partkey = partsupp.ps_partkey)
                           Buffers: shared hit=272298723 read=3968549
                           ->  Index Scan using pk_part on part  (cost=0.00..97473.47 rows=22022 width=4) (actual time=0.044..1073.511 rows=21726 loops=1)
                                 Filter: ((p_name)::text ~~ 'tan%'::text)
                                 Rows Removed by Filter: 1978274
                                 Buffers: shared hit=756 read=45985
                           ->  Index Scan using pk_partsupp on partsupp  (cost=0.00..1128123573.20 rows=2666667 width=8) (actual time=0.702..326500.004 rows=5431759 loops=1)
                                 Filter: ((ps_availqty)::double precision > (SubPlan 1))
                                 Rows Removed by Filter: 2567770
                                 Buffers: shared hit=272297967 read=3922564
                                 SubPlan 1
                                   ->  Aggregate  (cost=140.92..140.94 rows=1 width=4) (actual time=0.039..0.039 rows=1 loops=7999529)
                                         Buffers: shared hit=272056095 read=3730251
                                         ->  Index Scan using lineitem_l_partkey_l_quantity_l_shipmode_idx on lineitem  (cost=0.00..140.92 rows=1 width=4) (actual time=0.024..0.038 rows=1 loops=7999529)
                                               Index Cond: (l_partkey = partsupp.ps_partkey)
                                               Filter: ((l_shipdate >= '1995-01-01'::date) AND (l_shipdate < '1996-01-01'::date) AND (l_suppkey = partsupp.ps_suppkey))
                                               Rows Removed by Filter: 29
                                               Buffers: shared hit=272056095 read=3730251
 Total runtime: 328963.326 ms
(44 rows)

COMMIT;
COMMIT
