BEGIN;
BEGIN
EXPLAIN (ANALYZE, BUFFERS)
select
	c_custkey,
	c_name,
	sum(l_extendedprice * (1 - l_discount)) as revenue,
	c_acctbal,
	n_name,
	c_address,
	c_phone,
	c_comment
from
	customer,
	orders,
	lineitem,
	nation
where
	c_custkey = o_custkey
	and l_orderkey = o_orderkey
	and o_orderdate >= date '1993-05-01'
	and o_orderdate < cast(date '1993-05-01' + interval '3 month' as date)
	and l_returnflag = 'R'
	and c_nationkey = n_nationkey
group by
	c_custkey,
	c_name,
	c_acctbal,
	c_phone,
	n_name,
	c_address,
	c_comment
order by
	revenue desc
LIMIT 20;
                                                                                                QUERY PLAN                                                                                                 
-----------------------------------------------------------------------------------------------------------------------------------------------------------------------------------------------------------
 Limit  (cost=1191244.77..1191244.82 rows=20 width=176) (actual time=28251.840..28251.849 rows=20 loops=1)
   Buffers: shared hit=1054004 read=382928 dirtied=656 written=32053
   ->  Sort  (cost=1191244.77..1192674.45 rows=571872 width=176) (actual time=28251.836..28251.842 rows=20 loops=1)
         Sort Key: (sum((lineitem.l_extendedprice * (1::double precision - lineitem.l_discount))))
         Sort Method: top-N heapsort  Memory: 30kB
         Buffers: shared hit=1054004 read=382928 dirtied=656 written=32053
         ->  HashAggregate  (cost=1170308.74..1176027.46 rows=571872 width=176) (actual time=27702.929..28090.049 rows=381401 loops=1)
               Buffers: shared hit=1054001 read=382928 dirtied=656 written=32053
               ->  Hash Join  (cost=400572.59..1156011.94 rows=571872 width=176) (actual time=7320.903..25430.945 rows=1147484 loops=1)
                     Hash Cond: (customer.c_nationkey = nation.n_nationkey)
                     Buffers: shared hit=1054001 read=382928 dirtied=656 written=32053
                     ->  Hash Join  (cost=400571.03..1148147.14 rows=571872 width=154) (actual time=7320.855..24762.659 rows=1147484 loops=1)
                           Hash Cond: (orders.o_custkey = customer.c_custkey)
                           Buffers: shared hit=1054000 read=382928 dirtied=656 written=32053
                           ->  Merge Join  (cost=331543.03..1067681.70 rows=571872 width=12) (actual time=4702.653..20289.573 rows=1147484 loops=1)
                                 Merge Cond: (orders.o_orderkey = lineitem.l_orderkey)
                                 Buffers: shared hit=1053998 read=347652 dirtied=656 written=26223
                                 ->  Sort  (cost=331541.32..332987.48 rows=578462 width=8) (actual time=4702.500..4837.286 rows=573520 loops=1)
                                       Sort Key: orders.o_orderkey
                                       Sort Method: quicksort  Memory: 51460kB
                                       Buffers: shared hit=192 read=230950 dirtied=216 written=25439
                                       ->  Bitmap Heap Scan on orders  (cost=12459.19..276177.12 rows=578462 width=8) (actual time=305.922..4434.342 rows=573520 loops=1)
                                             Recheck Cond: ((o_orderdate >= '1993-05-01'::date) AND (o_orderdate < '1993-08-01'::date))
                                             Buffers: shared hit=192 read=230950 dirtied=216 written=25439
                                             ->  Bitmap Index Scan on orders_o_orderdate_o_orderkey_idx  (cost=0.00..12314.57 rows=578462 width=0) (actual time=225.650..225.650 rows=577526 loops=1)
                                                   Index Cond: ((o_orderdate >= '1993-05-01'::date) AND (o_orderdate < '1993-08-01'::date))
                                                   Buffers: shared read=1624 written=263
                                 ->  Index Scan using lineitem_l_orderkey_idx_l_returnflag on lineitem  (cost=0.00..690197.17 rows=14932873 width=12) (actual time=0.110..13186.824 rows=14808275 loops=1)
                                       Buffers: shared hit=1053806 read=116702 dirtied=440 written=784
                           ->  Hash  (cost=50278.00..50278.00 rows=1500000 width=146) (actual time=2615.917..2615.917 rows=1500000 loops=1)
                                 Buckets: 262144  Batches: 1  Memory Usage: 265117kB
                                 Buffers: shared hit=2 read=35276 written=5830
                                 ->  Seq Scan on customer  (cost=0.00..50278.00 rows=1500000 width=146) (actual time=0.010..1504.574 rows=1500000 loops=1)
                                       Buffers: shared hit=2 read=35276 written=5830
                     ->  Hash  (cost=1.25..1.25 rows=25 width=30) (actual time=0.025..0.025 rows=25 loops=1)
                           Buckets: 1024  Batches: 1  Memory Usage: 2kB
                           Buffers: shared hit=1
                           ->  Seq Scan on nation  (cost=0.00..1.25 rows=25 width=30) (actual time=0.010..0.014 rows=25 loops=1)
                                 Buffers: shared hit=1
 Total runtime: 28306.380 ms
(40 rows)

COMMIT;
COMMIT
