BEGIN;
BEGIN
EXPLAIN (ANALYZE, BUFFERS)
select
	sum(l_extendedprice* (1 - l_discount)) as revenue
from
	lineitem,
	part
where
	(
		p_partkey = l_partkey
		and p_brand = 'Brand#21'
		and p_container in ('SM CASE', 'SM BOX', 'SM PACK', 'SM PKG')
		and l_quantity >= 7 and l_quantity <= 7+10
		and p_size between 1 and 5
		and l_shipmode in ('AIR', 'AIR REG')
		and l_shipinstruct = 'DELIVER IN PERSON'
	)
	or
	(
		p_partkey = l_partkey
		and p_brand = 'Brand#13'
		and p_container in ('MED BAG', 'MED BOX', 'MED PKG', 'MED PACK')
		and l_quantity >= 19 and l_quantity <= 19+10
		and p_size between 1 and 10
		and l_shipmode in ('AIR', 'AIR REG')
		and l_shipinstruct = 'DELIVER IN PERSON'
	)
	or
	(
		p_partkey = l_partkey
		and p_brand = 'Brand#31'
		and p_container in ('LG CASE', 'LG BOX', 'LG PACK', 'LG PKG')
		and l_quantity >= 22 and l_quantity <= 22+10
		and p_size between 1 and 15
		and l_shipmode in ('AIR', 'AIR REG')
		and l_shipinstruct = 'DELIVER IN PERSON'
	);
                                                                                                                                                                                                                                                                                                                                                                                          QUERY PLAN                                                                                                                                                                                                                                                                                                                                                                                          
----------------------------------------------------------------------------------------------------------------------------------------------------------------------------------------------------------------------------------------------------------------------------------------------------------------------------------------------------------------------------------------------------------------------------------------------------------------------------------------------------------------------------------------------------------------------------------------------------------------------------------------------------------------------------------------------------------------------------------------------------------------------------------------------
 Aggregate  (cost=3404255.82..3404255.83 rows=1 width=8) (actual time=30529.026..30529.026 rows=1 loops=1)
   Buffers: shared hit=1002576 read=89962
   ->  Hash Join  (cost=37866.54..3404247.98 rows=1046 width=8) (actual time=326.190..30524.933 rows=1192 loops=1)
         Hash Cond: (lineitem.l_partkey = part.p_partkey)
         Join Filter: (((part.p_brand = 'Brand#21'::bpchar) AND (part.p_container = ANY ('{"SM CASE","SM BOX","SM PACK","SM PKG"}'::bpchar[])) AND (lineitem.l_quantity >= 7::double precision) AND (lineitem.l_quantity <= 17::double precision) AND (part.p_size <= 5)) OR ((part.p_brand = 'Brand#13'::bpchar) AND (part.p_container = ANY ('{"MED BAG","MED BOX","MED PKG","MED PACK"}'::bpchar[])) AND (lineitem.l_quantity >= 19::double precision) AND (lineitem.l_quantity <= 29::double precision) AND (part.p_size <= 10)) OR ((part.p_brand = 'Brand#31'::bpchar) AND (part.p_container = ANY ('{"LG CASE","LG BOX","LG PACK","LG PKG"}'::bpchar[])) AND (lineitem.l_quantity >= 22::double precision) AND (lineitem.l_quantity <= 32::double precision) AND (part.p_size <= 15)))
         Rows Removed by Join Filter: 4538
         Buffers: shared hit=1002576 read=89962
         ->  Seq Scan on lineitem  (cost=0.00..3364578.35 rows=199492 width=16) (actual time=0.062..28658.498 rows=1071734 loops=1)
               Filter: ((l_shipmode = ANY ('{AIR,"AIR REG"}'::bpchar[])) AND (l_shipinstruct = 'DELIVER IN PERSON'::bpchar) AND (((l_quantity >= 7::double precision) AND (l_quantity <= 17::double precision) AND (l_shipmode = ANY ('{AIR,"AIR REG"}'::bpchar[]))) OR ((l_quantity >= 19::double precision) AND (l_quantity <= 29::double precision) AND (l_shipmode = ANY ('{AIR,"AIR REG"}'::bpchar[]))) OR ((l_quantity >= 22::double precision) AND (l_quantity <= 32::double precision) AND (l_shipmode = ANY ('{AIR,"AIR REG"}'::bpchar[])))))
               Rows Removed by Filter: 58913014
               Buffers: shared hit=1001910 read=79472
         ->  Hash  (cost=37735.49..37735.49 rows=10484 width=30) (actual time=306.060..306.060 rows=10524 loops=1)
               Buckets: 2048  Batches: 1  Memory Usage: 658kB
               Buffers: shared hit=663 read=10490
               ->  Bitmap Heap Scan on part  (cost=13443.94..37735.49 rows=10484 width=30) (actual time=145.442..300.874 rows=10524 loops=1)
                     Recheck Cond: (((p_container = ANY ('{"SM CASE","SM BOX","SM PACK","SM PKG"}'::bpchar[])) AND (p_brand = 'Brand#21'::bpchar) AND (p_size <= 5) AND (p_size >= 1)) OR ((p_container = ANY ('{"MED BAG","MED BOX","MED PKG","MED PACK"}'::bpchar[])) AND (p_brand = 'Brand#13'::bpchar) AND (p_size <= 10) AND (p_size >= 1)) OR ((p_container = ANY ('{"LG CASE","LG BOX","LG PACK","LG PKG"}'::bpchar[])) AND (p_brand = 'Brand#31'::bpchar)))
                     Filter: (p_size >= 1)
                     Buffers: shared hit=663 read=10490
                     ->  BitmapOr  (cost=13443.94..13443.94 rows=10495 width=0) (actual time=143.571..143.571 rows=0 loops=1)
                           Buffers: shared hit=559 read=1265
                           ->  BitmapAnd  (cost=4469.05..4469.05 rows=794 width=0) (actual time=54.825..54.825 rows=0 loops=1)
                                 Buffers: shared hit=3 read=607
                                 ->  Bitmap Index Scan on part_p_container_p_brand_p_partkey_idx  (cost=0.00..289.29 rows=7980 width=0) (actual time=4.132..4.132 rows=8091 loops=1)
                                       Index Cond: ((p_container = ANY ('{"SM CASE","SM BOX","SM PACK","SM PKG"}'::bpchar[])) AND (p_brand = 'Brand#21'::bpchar))
                                       Buffers: shared hit=3 read=58
                                 ->  Bitmap Index Scan on part_p_size_idx  (cost=0.00..4174.27 rows=198980 width=0) (actual time=48.420..48.420 rows=199678 loops=1)
                                       Index Cond: ((p_size <= 5) AND (p_size >= 1))
                                       Buffers: shared read=549
                           ->  BitmapAnd  (cost=8681.77..8681.77 rows=1625 width=0) (actual time=85.179..85.179 rows=0 loops=1)
                                 Buffers: shared hit=552 read=602
                                 ->  Bitmap Index Scan on part_p_container_p_brand_p_partkey_idx  (cost=0.00..290.81 rows=8130 width=0) (actual time=3.553..3.553 rows=8004 loops=1)
                                       Index Cond: ((p_container = ANY ('{"MED BAG","MED BOX","MED PKG","MED PACK"}'::bpchar[])) AND (p_brand = 'Brand#13'::bpchar))
                                       Buffers: shared hit=4 read=56
                                 ->  Bitmap Index Scan on part_p_size_idx  (cost=0.00..8385.47 rows=399700 width=0) (actual time=79.307..79.307 rows=399409 loops=1)
                                       Index Cond: ((p_size <= 10) AND (p_size >= 1))
                                       Buffers: shared hit=548 read=546
                           ->  Bitmap Index Scan on part_p_container_p_brand_p_partkey_idx  (cost=0.00..290.25 rows=8076 width=0) (actual time=3.257..3.257 rows=8015 loops=1)
                                 Index Cond: ((p_container = ANY ('{"LG CASE","LG BOX","LG PACK","LG PKG"}'::bpchar[])) AND (p_brand = 'Brand#31'::bpchar))
                                 Buffers: shared hit=4 read=56
 Total runtime: 30529.514 ms
(40 rows)

COMMIT;
COMMIT
