BEGIN;
BEGIN
EXPLAIN (ANALYZE, BUFFERS)
select
	c_custkey,
	c_name,
	sum(l_extendedprice * (1 - l_discount)) as revenue,
	c_acctbal,
	n_name,
	c_address,
	c_phone,
	c_comment
from
	customer,
	orders,
	lineitem,
	nation
where
	c_custkey = o_custkey
	and l_orderkey = o_orderkey
	and o_orderdate >= date '1994-11-01'
	and o_orderdate < cast(date '1994-11-01' + interval '3 month' as date)
	and l_returnflag = 'R'
	and c_nationkey = n_nationkey
group by
	c_custkey,
	c_name,
	c_acctbal,
	c_phone,
	n_name,
	c_address,
	c_comment
order by
	revenue desc
LIMIT 20;
                                                                                                QUERY PLAN                                                                                                 
-----------------------------------------------------------------------------------------------------------------------------------------------------------------------------------------------------------
 Limit  (cost=1184389.20..1184389.25 rows=20 width=176) (actual time=33933.708..33933.718 rows=20 loops=1)
   Buffers: shared hit=917213 read=497282 dirtied=5 written=33814
   ->  Sort  (cost=1184389.20..1185794.82 rows=562248 width=176) (actual time=33933.704..33933.709 rows=20 loops=1)
         Sort Key: (sum((lineitem.l_extendedprice * (1::double precision - lineitem.l_discount))))
         Sort Method: top-N heapsort  Memory: 30kB
         Buffers: shared hit=917213 read=497282 dirtied=5 written=33814
         ->  HashAggregate  (cost=1163805.50..1169427.98 rows=562248 width=176) (actual time=33389.787..33773.346 rows=382426 loops=1)
               Buffers: shared hit=917210 read=497282 dirtied=5 written=33814
               ->  Hash Join  (cost=398046.26..1149749.30 rows=562248 width=176) (actual time=6399.497..30229.817 rows=1150356 loops=1)
                     Hash Cond: (customer.c_nationkey = nation.n_nationkey)
                     Buffers: shared hit=917210 read=497282 dirtied=5 written=33814
                     ->  Hash Join  (cost=398044.70..1142016.83 rows=562248 width=154) (actual time=6399.444..29524.045 rows=1150356 loops=1)
                           Hash Cond: (orders.o_custkey = customer.c_custkey)
                           Buffers: shared hit=917209 read=497282 dirtied=5 written=33814
                           ->  Merge Join  (cost=329016.70..1061743.87 rows=562248 width=12) (actual time=2417.175..23206.027 rows=1150356 loops=1)
                                 Merge Cond: (orders.o_orderkey = lineitem.l_orderkey)
                                 Buffers: shared hit=917207 read=462006 dirtied=5 written=33814
                                 ->  Sort  (cost=329015.00..330437.55 rows=569023 width=8) (actual time=2416.922..2595.903 rows=575696 loops=1)
                                       Sort Key: orders.o_orderkey
                                       Sort Method: quicksort  Memory: 51562kB
                                       Buffers: shared hit=228972 read=1574
                                       ->  Bitmap Heap Scan on orders  (cost=12058.38..274621.73 rows=569023 width=8) (actual time=589.742..2143.611 rows=575696 loops=1)
                                             Recheck Cond: ((o_orderdate >= '1994-11-01'::date) AND (o_orderdate < '1995-02-01'::date))
                                             Buffers: shared hit=228972 read=1574
                                             ->  Bitmap Index Scan on orders_o_orderdate_o_orderkey_idx  (cost=0.00..11916.13 rows=569023 width=0) (actual time=476.651..476.651 rows=576903 loops=1)
                                                   Index Cond: ((o_orderdate >= '1994-11-01'::date) AND (o_orderdate < '1995-02-01'::date))
                                                   Buffers: shared hit=2 read=1574
                                 ->  Index Scan using lineitem_l_orderkey_idx_l_returnflag on lineitem  (cost=0.00..687096.73 rows=14865820 width=12) (actual time=0.139..17482.558 rows=14823190 loops=1)
                                       Buffers: shared hit=688235 read=460432 dirtied=5 written=33814
                           ->  Hash  (cost=50278.00..50278.00 rows=1500000 width=146) (actual time=3979.758..3979.758 rows=1500000 loops=1)
                                 Buckets: 262144  Batches: 1  Memory Usage: 265117kB
                                 Buffers: shared hit=2 read=35276
                                 ->  Seq Scan on customer  (cost=0.00..50278.00 rows=1500000 width=146) (actual time=0.016..1098.865 rows=1500000 loops=1)
                                       Buffers: shared hit=2 read=35276
                     ->  Hash  (cost=1.25..1.25 rows=25 width=30) (actual time=0.027..0.027 rows=25 loops=1)
                           Buckets: 1024  Batches: 1  Memory Usage: 2kB
                           Buffers: shared hit=1
                           ->  Seq Scan on nation  (cost=0.00..1.25 rows=25 width=30) (actual time=0.007..0.013 rows=25 loops=1)
                                 Buffers: shared hit=1
 Total runtime: 33997.471 ms
(40 rows)

COMMIT;
COMMIT
