BEGIN;
BEGIN
EXPLAIN (ANALYZE, BUFFERS)
select
	s_name,
	s_address
from
	supplier,
	nation
where
	s_suppkey in (
		select
			distinct (ps_suppkey)
		from
			partsupp,
			part
		where
			ps_partkey=p_partkey
			and p_name like 'indian%'
			and ps_availqty > (
				select
					0.5 * sum(l_quantity)
				from
					lineitem
				where
					l_partkey = ps_partkey
					and l_suppkey = ps_suppkey
					and l_shipdate >= '1995-01-01'
					and l_shipdate < cast(date '1995-01-01' + interval '1 year' as date)
			)
	)
	and s_nationkey = n_nationkey
	and n_name = 'ALGERIA'
order by
	s_name;
                                                                                                QUERY PLAN                                                                                                 
-----------------------------------------------------------------------------------------------------------------------------------------------------------------------------------------------------------
 Sort  (cost=1128226300.48..1128226303.15 rows=1068 width=51) (actual time=322501.635..322501.731 rows=1779 loops=1)
   Sort Key: supplier.s_name
   Sort Method: quicksort  Memory: 256kB
   Buffers: shared hit=271556835 read=4725382
   ->  Hash Semi Join  (cost=1128222620.17..1128226246.76 rows=1068 width=51) (actual time=322444.858..322492.492 rows=1779 loops=1)
         Hash Cond: (supplier.s_suppkey = partsupp.ps_suppkey)
         Buffers: shared hit=271556830 read=4725382
         ->  Hash Join  (cost=1.32..3595.32 rows=4000 width=55) (actual time=0.062..43.549 rows=3934 loops=1)
               Hash Cond: (supplier.s_nationkey = nation.n_nationkey)
               Buffers: shared hit=2 read=2178
               ->  Seq Scan on supplier  (cost=0.00..3179.00 rows=100000 width=59) (actual time=0.030..28.872 rows=100000 loops=1)
                     Buffers: shared hit=1 read=2178
               ->  Hash  (cost=1.31..1.31 rows=1 width=4) (actual time=0.017..0.017 rows=1 loops=1)
                     Buckets: 1024  Batches: 1  Memory Usage: 1kB
                     Buffers: shared hit=1
                     ->  Seq Scan on nation  (cost=0.00..1.31 rows=1 width=4) (actual time=0.010..0.015 rows=1 loops=1)
                           Filter: (n_name = 'ALGERIA'::bpchar)
                           Rows Removed by Filter: 24
                           Buffers: shared hit=1
         ->  Hash  (cost=1128222285.18..1128222285.18 rows=26693 width=4) (actual time=322444.751..322444.751 rows=44728 loops=1)
               Buckets: 4096  Batches: 1  Memory Usage: 1573kB
               Buffers: shared hit=271556828 read=4723204
               ->  HashAggregate  (cost=1128221751.32..1128222018.25 rows=26693 width=4) (actual time=322416.840..322434.667 rows=44728 loops=1)
                     Buffers: shared hit=271556828 read=4723204
                     ->  Merge Join  (cost=7614.88..1128221684.59 rows=26693 width=4) (actual time=8.661..322159.583 rows=59117 loops=1)
                           Merge Cond: (part.p_partkey = partsupp.ps_partkey)
                           Buffers: shared hit=271556828 read=4723204
                           ->  Index Scan using pk_part on part  (cost=0.00..97473.47 rows=20020 width=4) (actual time=0.017..1231.623 rows=21730 loops=1)
                                 Filter: ((p_name)::text ~~ 'indian%'::text)
                                 Rows Removed by Filter: 1978270
                                 Buffers: shared hit=1491 read=45250
                           ->  Index Scan using pk_partsupp on partsupp  (cost=0.00..1128123573.20 rows=2666667 width=8) (actual time=0.611..319905.308 rows=5432005 loops=1)
                                 Filter: ((ps_availqty)::double precision > (SubPlan 1))
                                 Rows Removed by Filter: 2567900
                                 Buffers: shared hit=271555337 read=4677954
                                 SubPlan 1
                                   ->  Aggregate  (cost=140.92..140.94 rows=1 width=4) (actual time=0.039..0.039 rows=1 loops=7999905)
                                         Buffers: shared hit=271310600 read=4488486
                                         ->  Index Scan using lineitem_l_partkey_l_quantity_l_shipmode_idx on lineitem  (cost=0.00..140.92 rows=1 width=4) (actual time=0.024..0.038 rows=1 loops=7999905)
                                               Index Cond: (l_partkey = partsupp.ps_partkey)
                                               Filter: ((l_shipdate >= '1995-01-01'::date) AND (l_shipdate < '1996-01-01'::date) AND (l_suppkey = partsupp.ps_suppkey))
                                               Rows Removed by Filter: 29
                                               Buffers: shared hit=271310600 read=4488486
 Total runtime: 322503.457 ms
(44 rows)

COMMIT;
COMMIT
