BEGIN;
BEGIN
EXPLAIN (ANALYZE, BUFFERS)
select
	o_year,
	sum(case
		when nation = 'GERMANY' then volume
		else 0
	end) / sum(volume) as mkt_share
from
	(
		select
			extract(year from o_orderdate) as o_year,
			l_extendedprice * (1 - l_discount) as volume,
			n2.n_name as nation
		from
			part,
			supplier,
			lineitem,
			orders,
			customer,
			nation n1,
			nation n2,
			region
		where
			p_partkey = l_partkey
			and s_suppkey = l_suppkey
			and l_orderkey = o_orderkey
			and o_custkey = c_custkey
			and c_nationkey = n1.n_nationkey
			and n1.n_regionkey = r_regionkey
			and r_name = 'EUROPE'
			and s_nationkey = n2.n_nationkey
			and o_orderdate between date '1995-01-01' and date '1996-12-31'
			and p_type = 'LARGE PLATED STEEL'
	) as all_nations
group by
	o_year
order by
	o_year;
                                                                                                   QUERY PLAN                                                                                                   
----------------------------------------------------------------------------------------------------------------------------------------------------------------------------------------------------------------
 Sort  (cost=2628269.98..2628271.80 rows=726 width=38) (actual time=71639.962..71639.963 rows=2 loops=1)
   Sort Key: (date_part('year'::text, (orders.o_orderdate)::timestamp without time zone))
   Sort Method: quicksort  Memory: 25kB
   Buffers: shared hit=1024430 read=376270 written=2
   ->  HashAggregate  (cost=2628222.78..2628235.48 rows=726 width=38) (actual time=71639.901..71639.903 rows=2 loops=1)
         Buffers: shared hit=1024427 read=376270 written=2
         ->  Hash Join  (cost=558506.18..2627740.80 rows=24099 width=38) (actual time=15895.863..71582.006 rows=24739 loops=1)
               Hash Cond: (supplier.s_nationkey = n2.n_nationkey)
               Buffers: shared hit=1024427 read=376270 written=2
               ->  Hash Join  (cost=558504.62..2627287.38 rows=24099 width=16) (actual time=15895.758..71529.396 rows=24739 loops=1)
                     Hash Cond: (lineitem.l_suppkey = supplier.s_suppkey)
                     Buffers: shared hit=1024423 read=376270 written=2
                     ->  Hash Join  (cost=554075.62..2622376.40 rows=24099 width=16) (actual time=15817.083..71360.269 rows=24739 loops=1)
                           Hash Cond: (lineitem.l_partkey = part.p_partkey)
                           Buffers: shared hit=1023201 read=375313 written=2
                           ->  Hash Join  (cost=526039.22..2557399.39 rows=3669962 width=20) (actual time=15600.163..66196.033 rows=3650921 loops=1)
                                 Hash Cond: (lineitem.l_orderkey = orders.o_orderkey)
                                 Buffers: shared hit=1023007 read=363937 written=2
                                 ->  Seq Scan on lineitem  (cost=0.00..1690234.36 rows=60885236 width=20) (actual time=0.014..14774.280 rows=59984748 loops=1)
                                       Buffers: shared hit=1022314 read=59068
                                 ->  Hash  (cost=514567.90..514567.90 rows=917706 width=8) (actual time=15599.321..15599.321 rows=913028 loops=1)
                                       Buckets: 131072  Batches: 1  Memory Usage: 35666kB
                                       Buffers: shared hit=693 read=304869 written=2
                                       ->  Hash Join  (cost=162289.94..514567.90 rows=917706 width=8) (actual time=3915.481..15207.838 rows=913028 loops=1)
                                             Hash Cond: (orders.o_custkey = customer.c_custkey)
                                             Buffers: shared hit=693 read=304869 written=2
                                             ->  Bitmap Heap Scan on orders  (cost=99634.41..425528.33 rows=4588528 width=12) (actual time=2873.410..6867.342 rows=4557232 loops=1)
                                                   Recheck Cond: ((o_orderdate >= '1995-01-01'::date) AND (o_orderdate <= '1996-12-31'::date))
                                                   Buffers: shared hit=689 read=269593
                                                   ->  Bitmap Index Scan on orders_o_orderdate_o_orderkey_idx  (cost=0.00..98487.28 rows=4588528 width=0) (actual time=2741.093..2741.093 rows=4625776 loops=1)
                                                         Index Cond: ((o_orderdate >= '1995-01-01'::date) AND (o_orderdate <= '1996-12-31'::date))
                                                         Buffers: shared read=13216
                                             ->  Hash  (cost=58905.53..58905.53 rows=300000 width=4) (actual time=1041.708..1041.708 rows=300963 loops=1)
                                                   Buckets: 32768  Batches: 1  Memory Usage: 10581kB
                                                   Buffers: shared hit=4 read=35276 written=2
                                                   ->  Hash Join  (cost=2.53..58905.53 rows=300000 width=4) (actual time=0.077..934.440 rows=300963 loops=1)
                                                         Hash Cond: (customer.c_nationkey = n1.n_nationkey)
                                                         Buffers: shared hit=4 read=35276 written=2
                                                         ->  Seq Scan on customer  (cost=0.00..50278.00 rows=1500000 width=8) (actual time=0.008..652.872 rows=1500000 loops=1)
                                                               Buffers: shared hit=2 read=35276 written=2
                                                         ->  Hash  (cost=2.47..2.47 rows=5 width=4) (actual time=0.048..0.048 rows=5 loops=1)
                                                               Buckets: 1024  Batches: 1  Memory Usage: 1kB
                                                               Buffers: shared hit=2
                                                               ->  Hash Join  (cost=1.07..2.47 rows=5 width=4) (actual time=0.041..0.048 rows=5 loops=1)
                                                                     Hash Cond: (n1.n_regionkey = region.r_regionkey)
                                                                     Buffers: shared hit=2
                                                                     ->  Seq Scan on nation n1  (cost=0.00..1.25 rows=25 width=8) (actual time=0.005..0.007 rows=25 loops=1)
                                                                           Buffers: shared hit=1
                                                                     ->  Hash  (cost=1.06..1.06 rows=1 width=4) (actual time=0.021..0.021 rows=1 loops=1)
                                                                           Buckets: 1024  Batches: 1  Memory Usage: 1kB
                                                                           Buffers: shared hit=1
                                                                           ->  Seq Scan on region  (cost=0.00..1.06 rows=1 width=4) (actual time=0.019..0.019 rows=1 loops=1)
                                                                                 Filter: (r_name = 'EUROPE'::bpchar)
                                                                                 Rows Removed by Filter: 4
                                                                                 Buffers: shared hit=1
                           ->  Hash  (cost=27872.23..27872.23 rows=13133 width=4) (actual time=216.548..216.548 rows=13470 loops=1)
                                 Buckets: 2048  Batches: 1  Memory Usage: 474kB
                                 Buffers: shared hit=194 read=11376
                                 ->  Bitmap Heap Scan on part  (cost=406.49..27872.23 rows=13133 width=4) (actual time=6.940..209.957 rows=13470 loops=1)
                                       Recheck Cond: ((p_type)::text = 'LARGE PLATED STEEL'::text)
                                       Buffers: shared hit=194 read=11376
                                       ->  Bitmap Index Scan on part_p_type_p_partkey_idx  (cost=0.00..403.21 rows=13133 width=0) (actual time=4.616..4.616 rows=13470 loops=1)
                                             Index Cond: ((p_type)::text = 'LARGE PLATED STEEL'::text)
                                             Buffers: shared read=71
                     ->  Hash  (cost=3179.00..3179.00 rows=100000 width=8) (actual time=78.415..78.415 rows=100000 loops=1)
                           Buckets: 16384  Batches: 1  Memory Usage: 3907kB
                           Buffers: shared hit=1222 read=957
                           ->  Seq Scan on supplier  (cost=0.00..3179.00 rows=100000 width=8) (actual time=0.007..54.682 rows=100000 loops=1)
                                 Buffers: shared hit=1222 read=957
               ->  Hash  (cost=1.25..1.25 rows=25 width=30) (actual time=0.017..0.017 rows=25 loops=1)
                     Buckets: 1024  Batches: 1  Memory Usage: 2kB
                     Buffers: shared hit=1
                     ->  Seq Scan on nation n2  (cost=0.00..1.25 rows=25 width=30) (actual time=0.004..0.005 rows=25 loops=1)
                           Buffers: shared hit=1
 Total runtime: 71648.418 ms
(75 rows)

COMMIT;
COMMIT
