BEGIN;
BEGIN
EXPLAIN (ANALYZE, BUFFERS)
select
	c_custkey,
	c_name,
	sum(l_extendedprice * (1 - l_discount)) as revenue,
	c_acctbal,
	n_name,
	c_address,
	c_phone,
	c_comment
from
	customer,
	orders,
	lineitem,
	nation
where
	c_custkey = o_custkey
	and l_orderkey = o_orderkey
	and o_orderdate >= date '1994-09-01'
	and o_orderdate < cast(date '1994-09-01' + interval '3 month' as date)
	and l_returnflag = 'R'
	and c_nationkey = n_nationkey
group by
	c_custkey,
	c_name,
	c_acctbal,
	c_phone,
	n_name,
	c_address,
	c_comment
order by
	revenue desc
LIMIT 20;
                                                                                                QUERY PLAN                                                                                                 
-----------------------------------------------------------------------------------------------------------------------------------------------------------------------------------------------------------
 Limit  (cost=1199247.16..1199247.21 rows=20 width=176) (actual time=24048.524..24048.533 rows=20 loops=1)
   Buffers: shared hit=979404 read=478201 dirtied=340 written=248
   ->  Sort  (cost=1199247.16..1200681.20 rows=573616 width=176) (actual time=24048.520..24048.523 rows=20 loops=1)
         Sort Key: (sum((lineitem.l_extendedprice * (1::double precision - lineitem.l_discount))))
         Sort Method: top-N heapsort  Memory: 30kB
         Buffers: shared hit=979404 read=478201 dirtied=340 written=248
         ->  HashAggregate  (cost=1178247.29..1183983.45 rows=573616 width=176) (actual time=23683.412..23914.241 rows=378498 loops=1)
               Buffers: shared hit=979401 read=478201 dirtied=340 written=248
               ->  Hash Join  (cost=402990.85..1163906.89 rows=573616 width=176) (actual time=5037.377..21679.666 rows=1135547 loops=1)
                     Hash Cond: (customer.c_nationkey = nation.n_nationkey)
                     Buffers: shared hit=979401 read=478201 dirtied=340 written=248
                     ->  Hash Join  (cost=402989.28..1156018.11 rows=573616 width=154) (actual time=5037.339..21280.806 rows=1135547 loops=1)
                           Hash Cond: (orders.o_custkey = customer.c_custkey)
                           Buffers: shared hit=979400 read=478201 dirtied=340 written=248
                           ->  Merge Join  (cost=333961.28..1075517.79 rows=573616 width=12) (actual time=3447.537..17851.573 rows=1135547 loops=1)
                                 Merge Cond: (orders.o_orderkey = lineitem.l_orderkey)
                                 Buffers: shared hit=979398 read=442925 dirtied=340 written=210
                                 ->  Sort  (cost=333959.58..335410.91 rows=580531 width=8) (actual time=3447.346..3578.586 rows=567721 loops=1)
                                       Sort Key: orders.o_orderkey
                                       Sort Method: quicksort  Memory: 51188kB
                                       Buffers: shared hit=11020 read=221824 written=151
                                       ->  Bitmap Heap Scan on orders  (cost=12608.44..278382.40 rows=580531 width=8) (actual time=304.477..3233.967 rows=567721 loops=1)
                                             Recheck Cond: ((o_orderdate >= '1994-09-01'::date) AND (o_orderdate < '1994-12-01'::date))
                                             Buffers: shared hit=11020 read=221824 written=151
                                             ->  Bitmap Index Scan on orders_o_orderdate_o_orderkey_idx  (cost=0.00..12463.31 rows=580531 width=0) (actual time=207.736..207.736 rows=576248 loops=1)
                                                   Index Cond: ((o_orderdate >= '1994-09-01'::date) AND (o_orderdate < '1994-12-01'::date))
                                                   Buffers: shared read=1648
                                 ->  Index Scan using lineitem_l_orderkey_idx_l_returnflag on lineitem  (cost=0.00..695310.59 rows=15043524 width=12) (actual time=0.105..12252.483 rows=14807479 loops=1)
                                       Buffers: shared hit=968378 read=221101 dirtied=340 written=59
                           ->  Hash  (cost=50278.00..50278.00 rows=1500000 width=146) (actual time=1587.816..1587.816 rows=1500000 loops=1)
                                 Buckets: 262144  Batches: 1  Memory Usage: 265117kB
                                 Buffers: shared hit=2 read=35276 written=38
                                 ->  Seq Scan on customer  (cost=0.00..50278.00 rows=1500000 width=146) (actual time=0.015..773.068 rows=1500000 loops=1)
                                       Buffers: shared hit=2 read=35276 written=38
                     ->  Hash  (cost=1.25..1.25 rows=25 width=30) (actual time=0.019..0.019 rows=25 loops=1)
                           Buckets: 1024  Batches: 1  Memory Usage: 2kB
                           Buffers: shared hit=1
                           ->  Seq Scan on nation  (cost=0.00..1.25 rows=25 width=30) (actual time=0.005..0.008 rows=25 loops=1)
                                 Buffers: shared hit=1
 Total runtime: 24084.898 ms
(40 rows)

COMMIT;
COMMIT
