BEGIN;
BEGIN
EXPLAIN (ANALYZE, BUFFERS)
select
	s_name,
	s_address
from
	supplier,
	nation
where
	s_suppkey in (
		select
			distinct (ps_suppkey)
		from
			partsupp,
			part
		where
			ps_partkey=p_partkey
			and p_name like 'lime%'
			and ps_availqty > (
				select
					0.5 * sum(l_quantity)
				from
					lineitem
				where
					l_partkey = ps_partkey
					and l_suppkey = ps_suppkey
					and l_shipdate >= '1997-01-01'
					and l_shipdate < cast(date '1997-01-01' + interval '1 year' as date)
			)
	)
	and s_nationkey = n_nationkey
	and n_name = 'UNITED STATES'
order by
	s_name;
                                                                                                QUERY PLAN                                                                                                 
-----------------------------------------------------------------------------------------------------------------------------------------------------------------------------------------------------------
 Sort  (cost=1128226433.74..1128226436.68 rows=1175 width=51) (actual time=538327.895..538328.069 rows=1783 loops=1)
   Sort Key: supplier.s_name
   Sort Method: quicksort  Memory: 254kB
   Buffers: shared hit=267445201 read=7460613 dirtied=108958 written=150573
   ->  Hash Semi Join  (cost=1128222745.32..1128226373.83 rows=1175 width=51) (actual time=538260.862..538308.228 rows=1783 loops=1)
         Hash Cond: (supplier.s_suppkey = partsupp.ps_suppkey)
         Buffers: shared hit=267445196 read=7460613 dirtied=108958 written=150573
         ->  Hash Join  (cost=1.32..3595.32 rows=4000 width=55) (actual time=0.046..40.386 rows=4004 loops=1)
               Hash Cond: (supplier.s_nationkey = nation.n_nationkey)
               Buffers: shared hit=2180
               ->  Seq Scan on supplier  (cost=0.00..3179.00 rows=100000 width=59) (actual time=0.017..23.670 rows=100000 loops=1)
                     Buffers: shared hit=2179
               ->  Hash  (cost=1.31..1.31 rows=1 width=4) (actual time=0.017..0.017 rows=1 loops=1)
                     Buckets: 1024  Batches: 1  Memory Usage: 1kB
                     Buffers: shared hit=1
                     ->  Seq Scan on nation  (cost=0.00..1.31 rows=1 width=4) (actual time=0.015..0.016 rows=1 loops=1)
                           Filter: (n_name = 'UNITED STATES'::bpchar)
                           Rows Removed by Filter: 24
                           Buffers: shared hit=1
         ->  Hash  (cost=1128222376.96..1128222376.96 rows=29363 width=4) (actual time=538260.747..538260.747 rows=44706 loops=1)
               Buckets: 4096  Batches: 1  Memory Usage: 1572kB
               Buffers: shared hit=267443016 read=7460613 dirtied=108958 written=150573
               ->  HashAggregate  (cost=1128221789.70..1128222083.33 rows=29363 width=4) (actual time=538225.774..538250.205 rows=44706 loops=1)
                     Buffers: shared hit=267443016 read=7460613 dirtied=108958 written=150573
                     ->  Merge Join  (cost=7614.88..1128221716.29 rows=29363 width=4) (actual time=49.405..537874.113 rows=59192 loops=1)
                           Merge Cond: (part.p_partkey = partsupp.ps_partkey)
                           Buffers: shared hit=267443016 read=7460613 dirtied=108958 written=150573
                           ->  Index Scan using pk_part on part  (cost=0.00..97473.47 rows=22022 width=4) (actual time=0.073..1470.392 rows=21740 loops=1)
                                 Filter: ((p_name)::text ~~ 'lime%'::text)
                                 Rows Removed by Filter: 1978260
                                 Buffers: shared hit=3582 read=43159 written=844
                           ->  Index Scan using pk_partsupp on partsupp  (cost=0.00..1128123573.20 rows=2666667 width=8) (actual time=0.782..534614.911 rows=5433031 loops=1)
                                 Filter: ((ps_availqty)::double precision > (SubPlan 1))
                                 Rows Removed by Filter: 2566847
                                 Buffers: shared hit=267439434 read=7417454 dirtied=108958 written=149729
                                 SubPlan 1
                                   ->  Aggregate  (cost=140.92..140.94 rows=1 width=4) (actual time=0.064..0.065 rows=1 loops=7999878)
                                         Buffers: shared hit=267184129 read=7238554 dirtied=108958 written=146029
                                         ->  Index Scan using lineitem_l_partkey_l_quantity_l_shipmode_idx on lineitem  (cost=0.00..140.92 rows=1 width=4) (actual time=0.039..0.063 rows=1 loops=7999878)
                                               Index Cond: (l_partkey = partsupp.ps_partkey)
                                               Filter: ((l_shipdate >= '1997-01-01'::date) AND (l_shipdate < '1998-01-01'::date) AND (l_suppkey = partsupp.ps_suppkey))
                                               Rows Removed by Filter: 29
                                               Buffers: shared hit=267184129 read=7238554 dirtied=108958 written=146029
 Total runtime: 538330.292 ms
(44 rows)

COMMIT;
COMMIT
